[2022-02-04T17:05:05.534Z] Validating found git in: git
[2022-02-04T17:05:05.570Z] Using git 2.25.1 from git
[2022-02-04T17:05:05.692Z] > git rev-parse --git-dir [2ms]
[2022-02-04T17:05:05.695Z] Open repository: /home/felipe/Documentos/Projetos/kukac-app
[2022-02-04T17:05:06.158Z] > git symbolic-ref --short HEAD [3ms]
[2022-02-04T17:05:06.293Z] > git for-each-ref --format=%(refname)%00%(upstream:short)%00%(objectname)%00%(upstream:track) refs/heads/main refs/remotes/main [125ms]
[2022-02-04T17:05:06.313Z] > git remote --verbose [2ms]
[2022-02-04T17:05:06.618Z] > git for-each-ref --sort -committerdate --format %(refname) %(objectname) %(*objectname) [315ms]
[2022-02-04T17:05:06.635Z] > git config --get commit.template [2ms]
[2022-02-04T21:01:35.717Z] > git ls-files --stage -- /home/felipe/Documentos/Projetos/kukac-app/Dockerfile [3ms]
[2022-02-04T21:01:36.163Z] > git symbolic-ref --short HEAD [3ms]
[2022-02-04T21:01:36.172Z] > git for-each-ref --format=%(refname)%00%(upstream:short)%00%(objectname)%00%(upstream:track) refs/heads/main refs/remotes/main [2ms]
[2022-02-04T21:01:36.188Z] > git for-each-ref --sort -committerdate --format %(refname) %(objectname) %(*objectname) [9ms]
[2022-02-04T21:01:36.189Z] > git remote --verbose [2ms]
[2022-02-04T21:01:36.201Z] > git config --get commit.template [1ms]
[2022-02-04T21:02:02.536Z] > git ls-files --stage -- /home/felipe/Documentos/Projetos/kukac-app/Dockerfile [143ms]
[2022-02-04T21:02:11.594Z] > git log --format=%H%n%aN%n%aE%n%at%n%ct%n%P%n%B -z -n21 -- /home/felipe/Documentos/Projetos/kukac-app/Dockerfile [98ms]
[2022-02-04T21:04:47.389Z] > git symbolic-ref --short HEAD [2ms]
[2022-02-04T21:04:47.399Z] > git for-each-ref --format=%(refname)%00%(upstream:short)%00%(objectname)%00%(upstream:track) refs/heads/main refs/remotes/main [2ms]
[2022-02-04T21:04:47.414Z] > git for-each-ref --sort -committerdate --format %(refname) %(objectname) %(*objectname) [9ms]
[2022-02-04T21:04:47.415Z] > git remote --verbose [2ms]
[2022-02-04T21:04:47.428Z] > git config --get commit.template [1ms]
[2022-02-04T21:37:19.478Z] > git symbolic-ref --short HEAD [2ms]
[2022-02-04T21:37:19.487Z] > git for-each-ref --format=%(refname)%00%(upstream:short)%00%(objectname)%00%(upstream:track) refs/heads/main refs/remotes/main [2ms]
[2022-02-04T21:37:19.503Z] > git for-each-ref --sort -committerdate --format %(refname) %(objectname) %(*objectname) [8ms]
[2022-02-04T21:37:19.504Z] > git remote --verbose [2ms]
[2022-02-04T21:37:19.516Z] > git config --get commit.template [2ms]
[2022-02-04T21:38:58.568Z] > git symbolic-ref --short HEAD [3ms]
[2022-02-04T21:38:58.578Z] > git for-each-ref --format=%(refname)%00%(upstream:short)%00%(objectname)%00%(upstream:track) refs/heads/main refs/remotes/main [3ms]
[2022-02-04T21:38:58.594Z] > git for-each-ref --sort -committerdate --format %(refname) %(objectname) %(*objectname) [9ms]
[2022-02-04T21:38:58.595Z] > git remote --verbose [2ms]
[2022-02-04T21:38:58.606Z] > git config --get commit.template [2ms]
[2022-02-04T21:49:13.607Z] > git symbolic-ref --short HEAD [1ms]
[2022-02-04T21:49:13.616Z] > git for-each-ref --format=%(refname)%00%(upstream:short)%00%(objectname)%00%(upstream:track) refs/heads/main refs/remotes/main [2ms]
[2022-02-04T21:49:13.632Z] > git for-each-ref --sort -committerdate --format %(refname) %(objectname) %(*objectname) [8ms]
[2022-02-04T21:49:13.633Z] > git remote --verbose [2ms]
[2022-02-04T21:49:13.643Z] > git config --get commit.template [1ms]
[2022-02-04T22:13:02.142Z] > git symbolic-ref --short HEAD [1ms]
[2022-02-04T22:13:02.149Z] > git for-each-ref --format=%(refname)%00%(upstream:short)%00%(objectname)%00%(upstream:track) refs/heads/main refs/remotes/main [1ms]
[2022-02-04T22:13:02.164Z] > git for-each-ref --sort -committerdate --format %(refname) %(objectname) %(*objectname) [7ms]
[2022-02-04T22:13:02.164Z] > git remote --verbose [1ms]
[2022-02-04T22:13:02.173Z] > git config --get commit.template [1ms]
[2022-02-04T22:15:48.079Z] > git ls-files --stage -- /home/felipe/Documentos/Projetos/kukac-app/package-lock.json [3ms]
[2022-02-04T22:15:48.096Z] > git cat-file -s b5d051fa0d9ca94179848f213cf6929f7ff01b2e [8ms]
[2022-02-04T22:15:50.736Z] > git ls-files --stage -- /home/felipe/Documentos/Projetos/kukac-app/package.json [2ms]
[2022-02-04T22:15:50.746Z] > git cat-file -s e69b1aef2afdcfb18c49f2d49f372f3880a2da55 [1ms]
[2022-02-04T22:16:23.802Z] > git ls-files --stage -- /home/felipe/Documentos/Projetos/kukac-app/Dockerfile [2ms]
[2022-02-04T22:17:04.335Z] > git symbolic-ref --short HEAD [1ms]
[2022-02-04T22:17:04.346Z] > git for-each-ref --format=%(refname)%00%(upstream:short)%00%(objectname)%00%(upstream:track) refs/heads/main refs/remotes/main [2ms]
[2022-02-04T22:17:04.365Z] > git for-each-ref --sort -committerdate --format %(refname) %(objectname) %(*objectname) [11ms]
[2022-02-04T22:17:04.366Z] > git remote --verbose [2ms]
[2022-02-04T22:17:04.379Z] > git config --get commit.template [2ms]
[2022-02-04T22:17:29.186Z] > git symbolic-ref --short HEAD [2ms]
[2022-02-04T22:17:29.198Z] > git for-each-ref --format=%(refname)%00%(upstream:short)%00%(objectname)%00%(upstream:track) refs/heads/main refs/remotes/main [2ms]
[2022-02-04T22:17:29.217Z] > git for-each-ref --sort -committerdate --format %(refname) %(objectname) %(*objectname) [10ms]
[2022-02-04T22:17:29.218Z] > git remote --verbose [3ms]
[2022-02-04T22:17:29.232Z] > git config --get commit.template [2ms]
[2022-02-04T22:17:41.070Z] > git ls-files --stage -- /home/felipe/Documentos/Projetos/kukac-app/.dockerignore [2ms]
[2022-02-04T22:17:41.834Z] > git symbolic-ref --short HEAD [3ms]
[2022-02-04T22:17:41.843Z] > git for-each-ref --format=%(refname)%00%(upstream:short)%00%(objectname)%00%(upstream:track) refs/heads/main refs/remotes/main [2ms]
[2022-02-04T22:17:41.861Z] > git for-each-ref --sort -committerdate --format %(refname) %(objectname) %(*objectname) [9ms]
[2022-02-04T22:17:41.862Z] > git remote --verbose [1ms]
[2022-02-04T22:17:41.874Z] > git config --get commit.template [2ms]
[2022-02-04T22:18:07.741Z] > git ls-files --stage -- /home/felipe/Documentos/Projetos/kukac-app/.gitignore [2ms]
[2022-02-04T22:18:07.751Z] > git cat-file -s dfc45c6d3caa06a18da40f9918be3d8336311d2f [2ms]
[2022-02-04T22:18:08.279Z] > git ls-files --stage -- /home/felipe/Documentos/Projetos/kukac-app/.dockerignore [4ms]
[2022-02-04T22:18:31.315Z] > git symbolic-ref --short HEAD [1ms]
[2022-02-04T22:18:31.325Z] > git for-each-ref --format=%(refname)%00%(upstream:short)%00%(objectname)%00%(upstream:track) refs/heads/main refs/remotes/main [2ms]
[2022-02-04T22:18:31.341Z] > git for-each-ref --sort -committerdate --format %(refname) %(objectname) %(*objectname) [9ms]
[2022-02-04T22:18:31.341Z] > git remote --verbose [2ms]
[2022-02-04T22:18:31.355Z] > git config --get commit.template [3ms]
