[2022-02-04 11:42:29.905] [exthost] [info] Extension host with pid 11313 started
[2022-02-04 11:42:29.906] [exthost] [info] Skipping acquiring lock for /home/felipe/Documentos/react/media-time-calculator/~/.vscode-root/User/workspaceStorage/622f0bc5b29d40d139bc753dd17c4d7d.
[2022-02-04 11:42:29.992] [exthost] [info] ExtensionService#_doActivateExtension vscode.typescript-language-features, startup: false, activationEvent: 'onLanguage:javascriptreact'
[2022-02-04 11:42:30.443] [exthost] [info] ExtensionService#_doActivateExtension vscode.debug-auto-launch, startup: true, activationEvent: '*'
[2022-02-04 11:42:30.476] [exthost] [info] ExtensionService#_doActivateExtension vscode.git-base, startup: true, activationEvent: '*', root cause: vscode.github
[2022-02-04 11:42:30.485] [exthost] [info] ExtensionService#_doActivateExtension vscode-icons-team.vscode-icons, startup: true, activationEvent: '*'
[2022-02-04 11:42:30.847] [exthost] [info] ExtensionService#_doActivateExtension vscode.npm, startup: true, activationEvent: 'workspaceContains:package.json'
[2022-02-04 11:42:32.188] [exthost] [info] ExtensionService#_doActivateExtension vscode.microsoft-authentication, startup: false, activationEvent: 'onAuthenticationRequest:microsoft'
[2022-02-04 11:42:33.583] [exthost] [info] ExtensionService#_doActivateExtension vscode.github-authentication, startup: false, activationEvent: 'onAuthenticationRequest:github'
[2022-02-04 11:42:37.233] [exthost] [info] ExtensionService#_doActivateExtension vscode.git, startup: true, activationEvent: '*'
[2022-02-04 11:42:37.427] [exthost] [info] ExtensionService#_doActivateExtension vscode.github, startup: true, activationEvent: '*'
[2022-02-04 11:42:37.806] [exthost] [info] Eager extensions activated
[2022-02-04 11:42:37.839] [exthost] [info] ExtensionService#_doActivateExtension vscode.emmet, startup: false, activationEvent: 'onStartupFinished'
[2022-02-04 11:42:37.901] [exthost] [info] ExtensionService#_doActivateExtension vscode.merge-conflict, startup: false, activationEvent: 'onStartupFinished'
[2022-02-04 11:42:39.837] [exthost] [warning] [Decorations] CAPPING events from decorations provider vscode.git 614
[2022-02-04 11:42:53.133] [exthost] [warning] [Decorations] CAPPING events from decorations provider vscode.git 677
[2022-02-04 11:43:11.236] [exthost] [warning] [Decorations] CAPPING events from decorations provider vscode.git 674
[2022-02-04 11:43:16.319] [exthost] [warning] [Decorations] CAPPING events from decorations provider vscode.git 674
[2022-02-04 11:43:21.396] [exthost] [warning] [Decorations] CAPPING events from decorations provider vscode.git 674
[2022-02-04 11:43:26.470] [exthost] [warning] [Decorations] CAPPING events from decorations provider vscode.git 674
[2022-02-04 11:43:31.544] [exthost] [warning] [Decorations] CAPPING events from decorations provider vscode.git 674
[2022-02-04 11:43:36.621] [exthost] [warning] [Decorations] CAPPING events from decorations provider vscode.git 674
[2022-02-04 11:43:41.697] [exthost] [warning] [Decorations] CAPPING events from decorations provider vscode.git 674
[2022-02-04 11:43:46.774] [exthost] [warning] [Decorations] CAPPING events from decorations provider vscode.git 674
[2022-02-04 11:43:51.852] [exthost] [warning] [Decorations] CAPPING events from decorations provider vscode.git 674
[2022-02-04 11:43:56.936] [exthost] [warning] [Decorations] CAPPING events from decorations provider vscode.git 674
[2022-02-04 11:44:02.014] [exthost] [warning] [Decorations] CAPPING events from decorations provider vscode.git 674
[2022-02-04 11:44:07.094] [exthost] [warning] [Decorations] CAPPING events from decorations provider vscode.git 674
[2022-02-04 11:44:12.182] [exthost] [warning] [Decorations] CAPPING events from decorations provider vscode.git 674
[2022-02-04 11:44:17.274] [exthost] [warning] [Decorations] CAPPING events from decorations provider vscode.git 674
[2022-02-04 11:44:22.354] [exthost] [warning] [Decorations] CAPPING events from decorations provider vscode.git 674
[2022-02-04 11:44:27.436] [exthost] [warning] [Decorations] CAPPING events from decorations provider vscode.git 674
[2022-02-04 11:44:32.509] [exthost] [warning] [Decorations] CAPPING events from decorations provider vscode.git 674
[2022-02-04 11:44:37.583] [exthost] [warning] [Decorations] CAPPING events from decorations provider vscode.git 674
[2022-02-04 11:44:42.662] [exthost] [warning] [Decorations] CAPPING events from decorations provider vscode.git 674
[2022-02-04 11:44:47.739] [exthost] [warning] [Decorations] CAPPING events from decorations provider vscode.git 674
[2022-02-04 11:44:52.815] [exthost] [warning] [Decorations] CAPPING events from decorations provider vscode.git 674
[2022-02-04 11:44:57.892] [exthost] [warning] [Decorations] CAPPING events from decorations provider vscode.git 674
[2022-02-04 11:45:02.975] [exthost] [warning] [Decorations] CAPPING events from decorations provider vscode.git 674
[2022-02-04 11:45:08.061] [exthost] [warning] [Decorations] CAPPING events from decorations provider vscode.git 674
[2022-02-04 11:45:13.144] [exthost] [warning] [Decorations] CAPPING events from decorations provider vscode.git 674
[2022-02-04 11:45:18.222] [exthost] [warning] [Decorations] CAPPING events from decorations provider vscode.git 674
[2022-02-04 11:45:23.306] [exthost] [warning] [Decorations] CAPPING events from decorations provider vscode.git 674
[2022-02-04 11:45:28.390] [exthost] [warning] [Decorations] CAPPING events from decorations provider vscode.git 674
[2022-02-04 11:45:33.468] [exthost] [warning] [Decorations] CAPPING events from decorations provider vscode.git 674
[2022-02-04 11:45:38.544] [exthost] [warning] [Decorations] CAPPING events from decorations provider vscode.git 674
[2022-02-04 11:45:43.622] [exthost] [warning] [Decorations] CAPPING events from decorations provider vscode.git 674
[2022-02-04 11:45:48.701] [exthost] [warning] [Decorations] CAPPING events from decorations provider vscode.git 675
[2022-02-04 11:45:53.781] [exthost] [warning] [Decorations] CAPPING events from decorations provider vscode.git 675
[2022-02-04 11:45:58.873] [exthost] [warning] [Decorations] CAPPING events from decorations provider vscode.git 675
[2022-02-04 11:50:47.496] [exthost] [warning] [Decorations] CAPPING events from decorations provider vscode.git 675
[2022-02-04 11:50:52.576] [exthost] [warning] [Decorations] CAPPING events from decorations provider vscode.git 674
[2022-02-04 11:50:57.652] [exthost] [warning] [Decorations] CAPPING events from decorations provider vscode.git 674
[2022-02-04 11:51:02.734] [exthost] [warning] [Decorations] CAPPING events from decorations provider vscode.git 674
[2022-02-04 11:51:07.817] [exthost] [warning] [Decorations] CAPPING events from decorations provider vscode.git 674
[2022-02-04 11:51:12.895] [exthost] [warning] [Decorations] CAPPING events from decorations provider vscode.git 674
[2022-02-04 11:51:17.974] [exthost] [warning] [Decorations] CAPPING events from decorations provider vscode.git 674
[2022-02-04 11:51:23.055] [exthost] [warning] [Decorations] CAPPING events from decorations provider vscode.git 674
[2022-02-04 11:51:28.132] [exthost] [warning] [Decorations] CAPPING events from decorations provider vscode.git 674
[2022-02-04 11:51:33.224] [exthost] [warning] [Decorations] CAPPING events from decorations provider vscode.git 674
[2022-02-04 11:51:38.315] [exthost] [warning] [Decorations] CAPPING events from decorations provider vscode.git 674
[2022-02-04 11:51:43.396] [exthost] [warning] [Decorations] CAPPING events from decorations provider vscode.git 674
[2022-02-04 11:51:48.474] [exthost] [warning] [Decorations] CAPPING events from decorations provider vscode.git 674
[2022-02-04 11:51:53.555] [exthost] [warning] [Decorations] CAPPING events from decorations provider vscode.git 674
[2022-02-04 11:51:58.640] [exthost] [warning] [Decorations] CAPPING events from decorations provider vscode.git 674
[2022-02-04 11:52:03.719] [exthost] [warning] [Decorations] CAPPING events from decorations provider vscode.git 674
[2022-02-04 11:52:08.807] [exthost] [warning] [Decorations] CAPPING events from decorations provider vscode.git 674
[2022-02-04 11:52:13.898] [exthost] [warning] [Decorations] CAPPING events from decorations provider vscode.git 674
[2022-02-04 11:52:18.983] [exthost] [warning] [Decorations] CAPPING events from decorations provider vscode.git 674
[2022-02-04 11:52:24.057] [exthost] [warning] [Decorations] CAPPING events from decorations provider vscode.git 674
[2022-02-04 11:52:29.136] [exthost] [warning] [Decorations] CAPPING events from decorations provider vscode.git 674
[2022-02-04 11:52:34.220] [exthost] [warning] [Decorations] CAPPING events from decorations provider vscode.git 674
[2022-02-04 11:52:39.305] [exthost] [warning] [Decorations] CAPPING events from decorations provider vscode.git 674
[2022-02-04 11:52:44.391] [exthost] [warning] [Decorations] CAPPING events from decorations provider vscode.git 674
[2022-02-04 11:52:49.469] [exthost] [warning] [Decorations] CAPPING events from decorations provider vscode.git 674
[2022-02-04 11:52:54.555] [exthost] [warning] [Decorations] CAPPING events from decorations provider vscode.git 674
[2022-02-04 11:52:59.638] [exthost] [warning] [Decorations] CAPPING events from decorations provider vscode.git 674
[2022-02-04 11:56:58.977] [exthost] [warning] [Decorations] CAPPING events from decorations provider vscode.git 674
[2022-02-04 11:57:04.056] [exthost] [warning] [Decorations] CAPPING events from decorations provider vscode.git 674
[2022-02-04 12:10:44.709] [exthost] [warning] [Decorations] CAPPING events from decorations provider vscode.git 674
[2022-02-04 12:10:49.796] [exthost] [warning] [Decorations] CAPPING events from decorations provider vscode.git 674
[2022-02-04 12:10:54.890] [exthost] [warning] [Decorations] CAPPING events from decorations provider vscode.git 674
[2022-02-04 12:10:59.982] [exthost] [warning] [Decorations] CAPPING events from decorations provider vscode.git 674
[2022-02-04 12:11:05.072] [exthost] [warning] [Decorations] CAPPING events from decorations provider vscode.git 674
[2022-02-04 12:11:10.166] [exthost] [warning] [Decorations] CAPPING events from decorations provider vscode.git 675
[2022-02-04 12:11:15.246] [exthost] [warning] [Decorations] CAPPING events from decorations provider vscode.git 675
[2022-02-04 13:18:09.256] [exthost] [warning] [Decorations] CAPPING events from decorations provider vscode.git 674
[2022-02-04 13:18:14.332] [exthost] [warning] [Decorations] CAPPING events from decorations provider vscode.git 674
[2022-02-04 13:18:19.401] [exthost] [warning] [Decorations] CAPPING events from decorations provider vscode.git 674
[2022-02-04 13:18:24.479] [exthost] [warning] [Decorations] CAPPING events from decorations provider vscode.git 675
[2022-02-04 13:18:29.560] [exthost] [warning] [Decorations] CAPPING events from decorations provider vscode.git 675
[2022-02-04 13:18:34.643] [exthost] [warning] [Decorations] CAPPING events from decorations provider vscode.git 675
[2022-02-04 13:18:46.983] [exthost] [warning] [Decorations] CAPPING events from decorations provider vscode.git 675
[2022-02-04 13:18:52.066] [exthost] [warning] [Decorations] CAPPING events from decorations provider vscode.git 675
[2022-02-04 13:18:57.141] [exthost] [warning] [Decorations] CAPPING events from decorations provider vscode.git 675
[2022-02-04 13:19:02.219] [exthost] [warning] [Decorations] CAPPING events from decorations provider vscode.git 675
[2022-02-04 13:19:07.295] [exthost] [warning] [Decorations] CAPPING events from decorations provider vscode.git 675
[2022-02-04 13:19:12.378] [exthost] [warning] [Decorations] CAPPING events from decorations provider vscode.git 675
[2022-02-04 13:19:17.462] [exthost] [warning] [Decorations] CAPPING events from decorations provider vscode.git 675
[2022-02-04 13:19:22.545] [exthost] [warning] [Decorations] CAPPING events from decorations provider vscode.git 675
[2022-02-04 13:19:27.630] [exthost] [warning] [Decorations] CAPPING events from decorations provider vscode.git 675
[2022-02-04 13:19:32.713] [exthost] [warning] [Decorations] CAPPING events from decorations provider vscode.git 675
[2022-02-04 13:19:37.798] [exthost] [warning] [Decorations] CAPPING events from decorations provider vscode.git 675
[2022-02-04 13:19:42.880] [exthost] [warning] [Decorations] CAPPING events from decorations provider vscode.git 675
[2022-02-04 13:19:47.964] [exthost] [warning] [Decorations] CAPPING events from decorations provider vscode.git 675
[2022-02-04 13:19:53.054] [exthost] [warning] [Decorations] CAPPING events from decorations provider vscode.git 675
[2022-02-04 13:19:58.139] [exthost] [warning] [Decorations] CAPPING events from decorations provider vscode.git 675
[2022-02-04 13:20:03.219] [exthost] [warning] [Decorations] CAPPING events from decorations provider vscode.git 675
[2022-02-04 13:20:08.301] [exthost] [warning] [Decorations] CAPPING events from decorations provider vscode.git 675
[2022-02-04 13:20:13.385] [exthost] [warning] [Decorations] CAPPING events from decorations provider vscode.git 675
[2022-02-04 13:20:18.470] [exthost] [warning] [Decorations] CAPPING events from decorations provider vscode.git 675
[2022-02-04 13:20:23.560] [exthost] [warning] [Decorations] CAPPING events from decorations provider vscode.git 675
[2022-02-04 13:20:28.656] [exthost] [warning] [Decorations] CAPPING events from decorations provider vscode.git 675
[2022-02-04 13:20:33.742] [exthost] [warning] [Decorations] CAPPING events from decorations provider vscode.git 675
[2022-02-04 13:20:38.826] [exthost] [warning] [Decorations] CAPPING events from decorations provider vscode.git 675
[2022-02-04 13:20:43.907] [exthost] [warning] [Decorations] CAPPING events from decorations provider vscode.git 675
[2022-02-04 13:20:48.989] [exthost] [warning] [Decorations] CAPPING events from decorations provider vscode.git 675
[2022-02-04 13:20:54.077] [exthost] [warning] [Decorations] CAPPING events from decorations provider vscode.git 675
[2022-02-04 13:20:59.165] [exthost] [warning] [Decorations] CAPPING events from decorations provider vscode.git 675
[2022-02-04 13:21:04.248] [exthost] [warning] [Decorations] CAPPING events from decorations provider vscode.git 675
[2022-02-04 13:21:09.329] [exthost] [warning] [Decorations] CAPPING events from decorations provider vscode.git 675
[2022-02-04 13:21:14.413] [exthost] [warning] [Decorations] CAPPING events from decorations provider vscode.git 675
[2022-02-04 13:21:19.494] [exthost] [warning] [Decorations] CAPPING events from decorations provider vscode.git 675
[2022-02-04 13:21:24.573] [exthost] [warning] [Decorations] CAPPING events from decorations provider vscode.git 675
[2022-02-04 13:21:29.657] [exthost] [warning] [Decorations] CAPPING events from decorations provider vscode.git 675
[2022-02-04 13:21:34.738] [exthost] [warning] [Decorations] CAPPING events from decorations provider vscode.git 675
[2022-02-04 13:21:39.819] [exthost] [warning] [Decorations] CAPPING events from decorations provider vscode.git 675
[2022-02-04 13:21:44.904] [exthost] [warning] [Decorations] CAPPING events from decorations provider vscode.git 675
[2022-02-04 13:21:49.989] [exthost] [warning] [Decorations] CAPPING events from decorations provider vscode.git 675
[2022-02-04 13:21:55.078] [exthost] [warning] [Decorations] CAPPING events from decorations provider vscode.git 675
[2022-02-04 13:22:00.158] [exthost] [warning] [Decorations] CAPPING events from decorations provider vscode.git 675
[2022-02-04 13:22:05.241] [exthost] [warning] [Decorations] CAPPING events from decorations provider vscode.git 675
[2022-02-04 13:22:10.325] [exthost] [warning] [Decorations] CAPPING events from decorations provider vscode.git 675
[2022-02-04 13:22:15.416] [exthost] [warning] [Decorations] CAPPING events from decorations provider vscode.git 675
[2022-02-04 13:22:20.503] [exthost] [warning] [Decorations] CAPPING events from decorations provider vscode.git 675
[2022-02-04 13:22:25.589] [exthost] [warning] [Decorations] CAPPING events from decorations provider vscode.git 675
[2022-02-04 13:22:30.673] [exthost] [warning] [Decorations] CAPPING events from decorations provider vscode.git 675
[2022-02-04 13:22:35.758] [exthost] [warning] [Decorations] CAPPING events from decorations provider vscode.git 675
[2022-02-04 13:22:40.851] [exthost] [warning] [Decorations] CAPPING events from decorations provider vscode.git 675
[2022-02-04 13:22:45.932] [exthost] [warning] [Decorations] CAPPING events from decorations provider vscode.git 675
[2022-02-04 13:22:51.017] [exthost] [warning] [Decorations] CAPPING events from decorations provider vscode.git 675
[2022-02-04 13:22:56.095] [exthost] [warning] [Decorations] CAPPING events from decorations provider vscode.git 675
[2022-02-04 13:23:01.178] [exthost] [warning] [Decorations] CAPPING events from decorations provider vscode.git 675
[2022-02-04 13:23:06.264] [exthost] [warning] [Decorations] CAPPING events from decorations provider vscode.git 675
[2022-02-04 13:23:11.352] [exthost] [warning] [Decorations] CAPPING events from decorations provider vscode.git 675
[2022-02-04 13:23:16.433] [exthost] [warning] [Decorations] CAPPING events from decorations provider vscode.git 675
[2022-02-04 13:23:21.515] [exthost] [warning] [Decorations] CAPPING events from decorations provider vscode.git 675
[2022-02-04 13:23:26.597] [exthost] [warning] [Decorations] CAPPING events from decorations provider vscode.git 675
[2022-02-04 13:23:31.679] [exthost] [warning] [Decorations] CAPPING events from decorations provider vscode.git 675
[2022-02-04 13:23:36.755] [exthost] [warning] [Decorations] CAPPING events from decorations provider vscode.git 675
[2022-02-04 13:23:41.834] [exthost] [warning] [Decorations] CAPPING events from decorations provider vscode.git 675
[2022-02-04 13:23:46.913] [exthost] [warning] [Decorations] CAPPING events from decorations provider vscode.git 675
[2022-02-04 13:23:52.005] [exthost] [warning] [Decorations] CAPPING events from decorations provider vscode.git 675
[2022-02-04 13:23:57.099] [exthost] [warning] [Decorations] CAPPING events from decorations provider vscode.git 675
[2022-02-04 13:24:02.181] [exthost] [warning] [Decorations] CAPPING events from decorations provider vscode.git 675
[2022-02-04 13:24:07.261] [exthost] [warning] [Decorations] CAPPING events from decorations provider vscode.git 675
[2022-02-04 13:24:12.342] [exthost] [warning] [Decorations] CAPPING events from decorations provider vscode.git 675
[2022-02-04 13:24:17.422] [exthost] [warning] [Decorations] CAPPING events from decorations provider vscode.git 675
[2022-02-04 13:24:22.501] [exthost] [warning] [Decorations] CAPPING events from decorations provider vscode.git 675
[2022-02-04 13:24:27.586] [exthost] [warning] [Decorations] CAPPING events from decorations provider vscode.git 675
[2022-02-04 13:24:32.664] [exthost] [warning] [Decorations] CAPPING events from decorations provider vscode.git 675
[2022-02-04 13:24:37.744] [exthost] [warning] [Decorations] CAPPING events from decorations provider vscode.git 675
[2022-02-04 13:24:42.846] [exthost] [warning] [Decorations] CAPPING events from decorations provider vscode.git 675
[2022-02-04 13:24:47.946] [exthost] [warning] [Decorations] CAPPING events from decorations provider vscode.git 675
[2022-02-04 13:24:53.023] [exthost] [warning] [Decorations] CAPPING events from decorations provider vscode.git 675
[2022-02-04 13:24:58.108] [exthost] [warning] [Decorations] CAPPING events from decorations provider vscode.git 675
[2022-02-04 13:25:03.186] [exthost] [warning] [Decorations] CAPPING events from decorations provider vscode.git 675
[2022-02-04 13:25:08.270] [exthost] [warning] [Decorations] CAPPING events from decorations provider vscode.git 675
[2022-02-04 13:25:13.355] [exthost] [warning] [Decorations] CAPPING events from decorations provider vscode.git 675
[2022-02-04 13:25:18.438] [exthost] [warning] [Decorations] CAPPING events from decorations provider vscode.git 675
[2022-02-04 13:25:23.521] [exthost] [warning] [Decorations] CAPPING events from decorations provider vscode.git 675
[2022-02-04 13:25:28.602] [exthost] [warning] [Decorations] CAPPING events from decorations provider vscode.git 675
[2022-02-04 13:25:33.682] [exthost] [warning] [Decorations] CAPPING events from decorations provider vscode.git 675
[2022-02-04 13:25:38.759] [exthost] [warning] [Decorations] CAPPING events from decorations provider vscode.git 675
[2022-02-04 13:25:43.838] [exthost] [warning] [Decorations] CAPPING events from decorations provider vscode.git 675
[2022-02-04 13:25:48.920] [exthost] [warning] [Decorations] CAPPING events from decorations provider vscode.git 675
[2022-02-04 13:25:54.007] [exthost] [warning] [Decorations] CAPPING events from decorations provider vscode.git 675
[2022-02-04 13:25:59.077] [exthost] [warning] [Decorations] CAPPING events from decorations provider vscode.git 675
[2022-02-04 13:26:04.158] [exthost] [warning] [Decorations] CAPPING events from decorations provider vscode.git 675
[2022-02-04 13:26:09.242] [exthost] [warning] [Decorations] CAPPING events from decorations provider vscode.git 675
[2022-02-04 13:26:14.321] [exthost] [warning] [Decorations] CAPPING events from decorations provider vscode.git 675
[2022-02-04 13:26:19.399] [exthost] [warning] [Decorations] CAPPING events from decorations provider vscode.git 675
[2022-02-04 13:26:24.485] [exthost] [warning] [Decorations] CAPPING events from decorations provider vscode.git 675
[2022-02-04 13:26:29.570] [exthost] [warning] [Decorations] CAPPING events from decorations provider vscode.git 675
[2022-02-04 13:26:34.648] [exthost] [warning] [Decorations] CAPPING events from decorations provider vscode.git 675
[2022-02-04 13:26:39.737] [exthost] [warning] [Decorations] CAPPING events from decorations provider vscode.git 675
[2022-02-04 13:26:44.827] [exthost] [warning] [Decorations] CAPPING events from decorations provider vscode.git 675
[2022-02-04 13:26:49.909] [exthost] [warning] [Decorations] CAPPING events from decorations provider vscode.git 675
[2022-02-04 13:26:54.988] [exthost] [warning] [Decorations] CAPPING events from decorations provider vscode.git 675
[2022-02-04 13:27:00.069] [exthost] [warning] [Decorations] CAPPING events from decorations provider vscode.git 675
[2022-02-04 13:27:05.137] [exthost] [warning] [Decorations] CAPPING events from decorations provider vscode.git 675
[2022-02-04 13:27:10.217] [exthost] [warning] [Decorations] CAPPING events from decorations provider vscode.git 675
[2022-02-04 13:27:15.292] [exthost] [warning] [Decorations] CAPPING events from decorations provider vscode.git 675
[2022-02-04 13:27:20.389] [exthost] [warning] [Decorations] CAPPING events from decorations provider vscode.git 675
[2022-02-04 13:27:25.477] [exthost] [warning] [Decorations] CAPPING events from decorations provider vscode.git 675
[2022-02-04 13:27:30.564] [exthost] [warning] [Decorations] CAPPING events from decorations provider vscode.git 675
[2022-02-04 13:27:35.645] [exthost] [warning] [Decorations] CAPPING events from decorations provider vscode.git 675
[2022-02-04 13:27:40.730] [exthost] [warning] [Decorations] CAPPING events from decorations provider vscode.git 675
[2022-02-04 13:27:45.809] [exthost] [warning] [Decorations] CAPPING events from decorations provider vscode.git 675
[2022-02-04 13:27:50.888] [exthost] [warning] [Decorations] CAPPING events from decorations provider vscode.git 675
[2022-02-04 13:27:55.965] [exthost] [warning] [Decorations] CAPPING events from decorations provider vscode.git 675
[2022-02-04 13:28:01.052] [exthost] [warning] [Decorations] CAPPING events from decorations provider vscode.git 675
[2022-02-04 13:28:06.143] [exthost] [warning] [Decorations] CAPPING events from decorations provider vscode.git 675
[2022-02-04 13:28:11.220] [exthost] [warning] [Decorations] CAPPING events from decorations provider vscode.git 675
[2022-02-04 13:28:16.310] [exthost] [warning] [Decorations] CAPPING events from decorations provider vscode.git 675
[2022-02-04 13:28:21.399] [exthost] [warning] [Decorations] CAPPING events from decorations provider vscode.git 675
[2022-02-04 13:28:26.479] [exthost] [warning] [Decorations] CAPPING events from decorations provider vscode.git 675
[2022-02-04 13:28:31.569] [exthost] [warning] [Decorations] CAPPING events from decorations provider vscode.git 675
[2022-02-04 13:28:36.657] [exthost] [warning] [Decorations] CAPPING events from decorations provider vscode.git 675
[2022-02-04 13:28:41.741] [exthost] [warning] [Decorations] CAPPING events from decorations provider vscode.git 675
[2022-02-04 13:28:46.830] [exthost] [warning] [Decorations] CAPPING events from decorations provider vscode.git 675
[2022-02-04 13:28:51.922] [exthost] [warning] [Decorations] CAPPING events from decorations provider vscode.git 675
[2022-02-04 13:28:57.001] [exthost] [warning] [Decorations] CAPPING events from decorations provider vscode.git 675
[2022-02-04 13:29:02.079] [exthost] [warning] [Decorations] CAPPING events from decorations provider vscode.git 675
[2022-02-04 13:29:07.158] [exthost] [warning] [Decorations] CAPPING events from decorations provider vscode.git 675
[2022-02-04 13:29:12.238] [exthost] [warning] [Decorations] CAPPING events from decorations provider vscode.git 675
[2022-02-04 13:29:17.318] [exthost] [warning] [Decorations] CAPPING events from decorations provider vscode.git 675
[2022-02-04 13:29:22.413] [exthost] [warning] [Decorations] CAPPING events from decorations provider vscode.git 675
[2022-02-04 13:29:27.503] [exthost] [warning] [Decorations] CAPPING events from decorations provider vscode.git 675
[2022-02-04 13:29:32.580] [exthost] [warning] [Decorations] CAPPING events from decorations provider vscode.git 675
[2022-02-04 13:29:37.658] [exthost] [warning] [Decorations] CAPPING events from decorations provider vscode.git 675
[2022-02-04 13:29:42.762] [exthost] [warning] [Decorations] CAPPING events from decorations provider vscode.git 675
[2022-02-04 13:29:47.850] [exthost] [warning] [Decorations] CAPPING events from decorations provider vscode.git 675
[2022-02-04 13:29:52.932] [exthost] [warning] [Decorations] CAPPING events from decorations provider vscode.git 675
[2022-02-04 13:29:58.017] [exthost] [warning] [Decorations] CAPPING events from decorations provider vscode.git 675
[2022-02-04 13:30:03.100] [exthost] [warning] [Decorations] CAPPING events from decorations provider vscode.git 675
[2022-02-04 13:30:08.180] [exthost] [warning] [Decorations] CAPPING events from decorations provider vscode.git 675
[2022-02-04 13:30:13.271] [exthost] [warning] [Decorations] CAPPING events from decorations provider vscode.git 675
[2022-02-04 13:30:18.366] [exthost] [warning] [Decorations] CAPPING events from decorations provider vscode.git 675
[2022-02-04 13:30:23.444] [exthost] [warning] [Decorations] CAPPING events from decorations provider vscode.git 675
[2022-02-04 13:30:28.546] [exthost] [warning] [Decorations] CAPPING events from decorations provider vscode.git 675
[2022-02-04 13:30:33.623] [exthost] [warning] [Decorations] CAPPING events from decorations provider vscode.git 675
[2022-02-04 13:30:38.704] [exthost] [warning] [Decorations] CAPPING events from decorations provider vscode.git 675
[2022-02-04 13:30:43.788] [exthost] [warning] [Decorations] CAPPING events from decorations provider vscode.git 675
[2022-02-04 13:30:48.870] [exthost] [warning] [Decorations] CAPPING events from decorations provider vscode.git 675
[2022-02-04 13:30:53.955] [exthost] [warning] [Decorations] CAPPING events from decorations provider vscode.git 675
[2022-02-04 13:30:59.040] [exthost] [warning] [Decorations] CAPPING events from decorations provider vscode.git 675
[2022-02-04 13:31:04.138] [exthost] [warning] [Decorations] CAPPING events from decorations provider vscode.git 675
[2022-02-04 13:31:09.218] [exthost] [warning] [Decorations] CAPPING events from decorations provider vscode.git 675
[2022-02-04 13:31:14.306] [exthost] [warning] [Decorations] CAPPING events from decorations provider vscode.git 675
[2022-02-04 13:31:19.395] [exthost] [warning] [Decorations] CAPPING events from decorations provider vscode.git 675
[2022-02-04 13:31:24.475] [exthost] [warning] [Decorations] CAPPING events from decorations provider vscode.git 675
[2022-02-04 13:31:29.557] [exthost] [warning] [Decorations] CAPPING events from decorations provider vscode.git 675
[2022-02-04 13:31:34.641] [exthost] [warning] [Decorations] CAPPING events from decorations provider vscode.git 675
[2022-02-04 13:31:39.715] [exthost] [warning] [Decorations] CAPPING events from decorations provider vscode.git 675
[2022-02-04 13:31:44.798] [exthost] [warning] [Decorations] CAPPING events from decorations provider vscode.git 675
[2022-02-04 13:31:49.881] [exthost] [warning] [Decorations] CAPPING events from decorations provider vscode.git 675
[2022-02-04 13:31:54.965] [exthost] [warning] [Decorations] CAPPING events from decorations provider vscode.git 675
[2022-02-04 13:32:00.064] [exthost] [warning] [Decorations] CAPPING events from decorations provider vscode.git 675
[2022-02-04 13:32:05.158] [exthost] [warning] [Decorations] CAPPING events from decorations provider vscode.git 675
[2022-02-04 13:32:10.241] [exthost] [warning] [Decorations] CAPPING events from decorations provider vscode.git 675
[2022-02-04 13:32:15.317] [exthost] [warning] [Decorations] CAPPING events from decorations provider vscode.git 675
[2022-02-04 13:32:20.395] [exthost] [warning] [Decorations] CAPPING events from decorations provider vscode.git 675
[2022-02-04 13:32:25.478] [exthost] [warning] [Decorations] CAPPING events from decorations provider vscode.git 675
[2022-02-04 13:32:30.558] [exthost] [warning] [Decorations] CAPPING events from decorations provider vscode.git 675
[2022-02-04 13:32:35.647] [exthost] [warning] [Decorations] CAPPING events from decorations provider vscode.git 675
[2022-02-04 13:32:40.755] [exthost] [warning] [Decorations] CAPPING events from decorations provider vscode.git 675
[2022-02-04 13:32:45.837] [exthost] [warning] [Decorations] CAPPING events from decorations provider vscode.git 675
[2022-02-04 13:32:50.918] [exthost] [warning] [Decorations] CAPPING events from decorations provider vscode.git 675
[2022-02-04 13:32:55.998] [exthost] [warning] [Decorations] CAPPING events from decorations provider vscode.git 675
[2022-02-04 13:33:01.079] [exthost] [warning] [Decorations] CAPPING events from decorations provider vscode.git 675
[2022-02-04 13:33:06.162] [exthost] [warning] [Decorations] CAPPING events from decorations provider vscode.git 675
[2022-02-04 13:33:11.239] [exthost] [warning] [Decorations] CAPPING events from decorations provider vscode.git 675
[2022-02-04 13:33:16.321] [exthost] [warning] [Decorations] CAPPING events from decorations provider vscode.git 675
[2022-02-04 13:33:21.398] [exthost] [warning] [Decorations] CAPPING events from decorations provider vscode.git 675
[2022-02-04 13:33:26.481] [exthost] [warning] [Decorations] CAPPING events from decorations provider vscode.git 675
[2022-02-04 13:33:31.567] [exthost] [warning] [Decorations] CAPPING events from decorations provider vscode.git 675
[2022-02-04 13:33:36.661] [exthost] [warning] [Decorations] CAPPING events from decorations provider vscode.git 675
[2022-02-04 13:33:41.749] [exthost] [warning] [Decorations] CAPPING events from decorations provider vscode.git 675
[2022-02-04 13:33:46.838] [exthost] [warning] [Decorations] CAPPING events from decorations provider vscode.git 675
[2022-02-04 13:33:51.934] [exthost] [warning] [Decorations] CAPPING events from decorations provider vscode.git 675
[2022-02-04 13:33:57.016] [exthost] [warning] [Decorations] CAPPING events from decorations provider vscode.git 675
[2022-02-04 13:34:02.097] [exthost] [warning] [Decorations] CAPPING events from decorations provider vscode.git 675
[2022-02-04 13:34:07.178] [exthost] [warning] [Decorations] CAPPING events from decorations provider vscode.git 675
[2022-02-04 13:34:12.262] [exthost] [warning] [Decorations] CAPPING events from decorations provider vscode.git 675
[2022-02-04 13:34:17.350] [exthost] [warning] [Decorations] CAPPING events from decorations provider vscode.git 675
[2022-02-04 13:34:22.438] [exthost] [warning] [Decorations] CAPPING events from decorations provider vscode.git 675
[2022-02-04 13:34:27.543] [exthost] [warning] [Decorations] CAPPING events from decorations provider vscode.git 675
[2022-02-04 13:34:32.625] [exthost] [warning] [Decorations] CAPPING events from decorations provider vscode.git 675
[2022-02-04 13:34:37.706] [exthost] [warning] [Decorations] CAPPING events from decorations provider vscode.git 675
[2022-02-04 13:34:42.793] [exthost] [warning] [Decorations] CAPPING events from decorations provider vscode.git 675
[2022-02-04 13:34:47.881] [exthost] [warning] [Decorations] CAPPING events from decorations provider vscode.git 675
[2022-02-04 13:34:52.964] [exthost] [warning] [Decorations] CAPPING events from decorations provider vscode.git 675
[2022-02-04 13:34:58.045] [exthost] [warning] [Decorations] CAPPING events from decorations provider vscode.git 675
[2022-02-04 13:35:03.122] [exthost] [warning] [Decorations] CAPPING events from decorations provider vscode.git 675
[2022-02-04 13:35:08.205] [exthost] [warning] [Decorations] CAPPING events from decorations provider vscode.git 675
[2022-02-04 13:35:13.292] [exthost] [warning] [Decorations] CAPPING events from decorations provider vscode.git 675
[2022-02-04 13:35:18.377] [exthost] [warning] [Decorations] CAPPING events from decorations provider vscode.git 675
[2022-02-04 13:35:23.481] [exthost] [warning] [Decorations] CAPPING events from decorations provider vscode.git 675
[2022-02-04 13:35:28.588] [exthost] [warning] [Decorations] CAPPING events from decorations provider vscode.git 675
[2022-02-04 13:35:33.673] [exthost] [warning] [Decorations] CAPPING events from decorations provider vscode.git 675
[2022-02-04 13:35:38.753] [exthost] [warning] [Decorations] CAPPING events from decorations provider vscode.git 675
[2022-02-04 13:35:43.838] [exthost] [warning] [Decorations] CAPPING events from decorations provider vscode.git 675
[2022-02-04 13:35:48.938] [exthost] [warning] [Decorations] CAPPING events from decorations provider vscode.git 675
[2022-02-04 13:35:54.017] [exthost] [warning] [Decorations] CAPPING events from decorations provider vscode.git 675
[2022-02-04 13:35:59.101] [exthost] [warning] [Decorations] CAPPING events from decorations provider vscode.git 675
[2022-02-04 13:36:04.253] [exthost] [warning] [Decorations] CAPPING events from decorations provider vscode.git 675
[2022-02-04 13:36:09.334] [exthost] [warning] [Decorations] CAPPING events from decorations provider vscode.git 675
[2022-02-04 13:36:14.421] [exthost] [warning] [Decorations] CAPPING events from decorations provider vscode.git 675
[2022-02-04 13:36:19.502] [exthost] [warning] [Decorations] CAPPING events from decorations provider vscode.git 675
[2022-02-04 13:36:24.587] [exthost] [warning] [Decorations] CAPPING events from decorations provider vscode.git 675
[2022-02-04 13:36:29.669] [exthost] [warning] [Decorations] CAPPING events from decorations provider vscode.git 675
[2022-02-04 13:36:34.750] [exthost] [warning] [Decorations] CAPPING events from decorations provider vscode.git 675
[2022-02-04 13:36:39.827] [exthost] [warning] [Decorations] CAPPING events from decorations provider vscode.git 675
[2022-02-04 13:36:44.984] [exthost] [warning] [Decorations] CAPPING events from decorations provider vscode.git 675
[2022-02-04 13:36:50.059] [exthost] [warning] [Decorations] CAPPING events from decorations provider vscode.git 675
[2022-02-04 13:36:55.142] [exthost] [warning] [Decorations] CAPPING events from decorations provider vscode.git 675
[2022-02-04 13:37:00.215] [exthost] [warning] [Decorations] CAPPING events from decorations provider vscode.git 675
[2022-02-04 13:37:05.303] [exthost] [warning] [Decorations] CAPPING events from decorations provider vscode.git 675
[2022-02-04 13:37:10.393] [exthost] [warning] [Decorations] CAPPING events from decorations provider vscode.git 675
[2022-02-04 13:37:15.476] [exthost] [warning] [Decorations] CAPPING events from decorations provider vscode.git 675
[2022-02-04 13:37:20.565] [exthost] [warning] [Decorations] CAPPING events from decorations provider vscode.git 675
[2022-02-04 13:37:25.659] [exthost] [warning] [Decorations] CAPPING events from decorations provider vscode.git 675
[2022-02-04 13:37:30.753] [exthost] [warning] [Decorations] CAPPING events from decorations provider vscode.git 675
[2022-02-04 13:37:35.845] [exthost] [warning] [Decorations] CAPPING events from decorations provider vscode.git 675
[2022-02-04 13:37:40.933] [exthost] [warning] [Decorations] CAPPING events from decorations provider vscode.git 675
[2022-02-04 13:37:46.014] [exthost] [warning] [Decorations] CAPPING events from decorations provider vscode.git 675
[2022-02-04 13:37:51.106] [exthost] [warning] [Decorations] CAPPING events from decorations provider vscode.git 675
[2022-02-04 13:37:56.198] [exthost] [warning] [Decorations] CAPPING events from decorations provider vscode.git 675
[2022-02-04 13:38:01.276] [exthost] [warning] [Decorations] CAPPING events from decorations provider vscode.git 675
[2022-02-04 13:38:06.373] [exthost] [warning] [Decorations] CAPPING events from decorations provider vscode.git 675
[2022-02-04 13:38:11.453] [exthost] [warning] [Decorations] CAPPING events from decorations provider vscode.git 675
[2022-02-04 13:38:16.527] [exthost] [warning] [Decorations] CAPPING events from decorations provider vscode.git 675
[2022-02-04 13:38:21.610] [exthost] [warning] [Decorations] CAPPING events from decorations provider vscode.git 675
[2022-02-04 13:38:26.696] [exthost] [warning] [Decorations] CAPPING events from decorations provider vscode.git 675
[2022-02-04 13:38:31.787] [exthost] [warning] [Decorations] CAPPING events from decorations provider vscode.git 675
[2022-02-04 13:38:36.869] [exthost] [warning] [Decorations] CAPPING events from decorations provider vscode.git 675
[2022-02-04 13:38:41.953] [exthost] [warning] [Decorations] CAPPING events from decorations provider vscode.git 675
[2022-02-04 13:38:47.034] [exthost] [warning] [Decorations] CAPPING events from decorations provider vscode.git 675
[2022-02-04 13:38:52.117] [exthost] [warning] [Decorations] CAPPING events from decorations provider vscode.git 675
[2022-02-04 13:38:57.205] [exthost] [warning] [Decorations] CAPPING events from decorations provider vscode.git 675
[2022-02-04 13:39:02.293] [exthost] [warning] [Decorations] CAPPING events from decorations provider vscode.git 675
[2022-02-04 13:39:07.379] [exthost] [warning] [Decorations] CAPPING events from decorations provider vscode.git 675
[2022-02-04 13:39:12.456] [exthost] [warning] [Decorations] CAPPING events from decorations provider vscode.git 675
[2022-02-04 13:39:17.531] [exthost] [warning] [Decorations] CAPPING events from decorations provider vscode.git 675
[2022-02-04 13:39:22.615] [exthost] [warning] [Decorations] CAPPING events from decorations provider vscode.git 675
[2022-02-04 13:39:27.698] [exthost] [warning] [Decorations] CAPPING events from decorations provider vscode.git 675
[2022-02-04 13:39:32.773] [exthost] [warning] [Decorations] CAPPING events from decorations provider vscode.git 675
[2022-02-04 13:39:37.855] [exthost] [warning] [Decorations] CAPPING events from decorations provider vscode.git 675
[2022-02-04 13:39:42.944] [exthost] [warning] [Decorations] CAPPING events from decorations provider vscode.git 675
[2022-02-04 13:39:48.026] [exthost] [warning] [Decorations] CAPPING events from decorations provider vscode.git 675
[2022-02-04 13:39:53.116] [exthost] [warning] [Decorations] CAPPING events from decorations provider vscode.git 675
[2022-02-04 13:39:58.196] [exthost] [warning] [Decorations] CAPPING events from decorations provider vscode.git 675
[2022-02-04 13:40:03.275] [exthost] [warning] [Decorations] CAPPING events from decorations provider vscode.git 675
[2022-02-04 13:40:08.353] [exthost] [warning] [Decorations] CAPPING events from decorations provider vscode.git 675
[2022-02-04 13:40:13.438] [exthost] [warning] [Decorations] CAPPING events from decorations provider vscode.git 675
[2022-02-04 13:40:18.515] [exthost] [warning] [Decorations] CAPPING events from decorations provider vscode.git 675
[2022-02-04 13:40:23.605] [exthost] [warning] [Decorations] CAPPING events from decorations provider vscode.git 675
[2022-02-04 13:40:28.702] [exthost] [warning] [Decorations] CAPPING events from decorations provider vscode.git 675
[2022-02-04 13:40:33.792] [exthost] [warning] [Decorations] CAPPING events from decorations provider vscode.git 675
[2022-02-04 14:04:59.322] [exthost] [warning] [Decorations] CAPPING events from decorations provider vscode.git 675
[2022-02-04 14:05:00.456] [exthost] [info] extension host terminating: renderer closed the socket
[2022-02-04 14:05:00.512] [exthost] [info] Extension host with pid 11313 exiting with code 0
[2022-02-04 14:05:02.750] [exthost] [info] Extension host with pid 21973 started
[2022-02-04 14:05:02.750] [exthost] [info] Skipping acquiring lock for /home/felipe/Documentos/react/media-time-calculator/~/.vscode-root/User/workspaceStorage/bd9643d01e376c44daa11dbfe34850c8.
[2022-02-04 14:05:02.813] [exthost] [info] ExtensionService#_doActivateExtension vscode.microsoft-authentication, startup: false, activationEvent: 'onAuthenticationRequest:microsoft'
[2022-02-04 14:05:02.833] [exthost] [info] ExtensionService#_doActivateExtension vscode.debug-auto-launch, startup: true, activationEvent: '*'
[2022-02-04 14:05:02.835] [exthost] [info] ExtensionService#_doActivateExtension vscode.git-base, startup: true, activationEvent: '*', root cause: vscode.github
[2022-02-04 14:05:02.837] [exthost] [info] ExtensionService#_doActivateExtension vscode-icons-team.vscode-icons, startup: true, activationEvent: '*'
[2022-02-04 14:05:02.853] [exthost] [info] ExtensionService#_doActivateExtension vscode.npm, startup: true, activationEvent: 'workspaceContains:package.json'
[2022-02-04 14:05:03.014] [exthost] [info] ExtensionService#_doActivateExtension vscode.github-authentication, startup: false, activationEvent: 'onAuthenticationRequest:github'
[2022-02-04 14:05:03.753] [exthost] [info] ExtensionService#_doActivateExtension vscode.github, startup: true, activationEvent: '*'
[2022-02-04 14:05:03.919] [exthost] [info] Eager extensions activated
[2022-02-04 14:05:03.933] [exthost] [info] ExtensionService#_doActivateExtension vscode.emmet, startup: false, activationEvent: 'onStartupFinished'
[2022-02-04 14:05:03.942] [exthost] [info] ExtensionService#_doActivateExtension vscode.merge-conflict, startup: false, activationEvent: 'onStartupFinished'
[2022-02-04 14:05:05.466] [exthost] [info] ExtensionService#_doActivateExtension vscode.git, startup: false, activationEvent: 'api', root cause: vscode.github
[2022-02-04 19:15:47.867] [exthost] [info] ExtensionService#_doActivateExtension vscode.configuration-editing, startup: false, activationEvent: 'onLanguage:json'
[2022-02-04 19:15:47.882] [exthost] [info] ExtensionService#_doActivateExtension vscode.extension-editing, startup: false, activationEvent: 'onLanguage:json'
[2022-02-04 19:15:47.902] [exthost] [info] ExtensionService#_doActivateExtension vscode.json-language-features, startup: false, activationEvent: 'onLanguage:json'
[2022-02-04 19:15:50.584] [exthost] [info] ExtensionService#_doActivateExtension vscode.typescript-language-features, startup: false, activationEvent: 'onLanguage:jsonc'
[2022-02-05 01:07:17.661] [exthost] [info] extension host terminating: renderer closed the socket
[2022-02-05 01:07:17.676] [exthost] [info] Extension host with pid 21973 exiting with code 0
