[2022-02-10T13:42:01.702Z] Validating found git in: git
[2022-02-10T13:42:01.740Z] Using git 2.25.1 from git
[2022-02-10T13:42:01.906Z] > git rev-parse --git-dir [8ms]
[2022-02-10T13:42:01.909Z] Open repository: /home/felipe/Documentos/react/media-time-calculator
[2022-02-10T13:42:02.496Z] > git ls-files --stage -- /home/felipe/Documentos/react/media-time-calculator/src/components/ButtonAddForm.jsx [259ms]
[2022-02-10T13:42:02.880Z] > git cat-file -s 6b8e863d51c054783c3bf7fd4a377ff1b822e23c [375ms]
[2022-02-10T13:42:10.547Z] > git symbolic-ref --short HEAD [3ms]
[2022-02-10T13:42:10.557Z] > git for-each-ref --format=%(refname)%00%(upstream:short)%00%(objectname)%00%(upstream:track) refs/heads/main refs/remotes/main [2ms]
[2022-02-10T13:42:10.574Z] > git remote --verbose [1ms]
[2022-02-10T13:42:10.597Z] > git for-each-ref --sort -committerdate --format %(refname) %(objectname) %(*objectname) [32ms]
[2022-02-10T13:42:10.653Z] > git config --get commit.template [1ms]
[2022-02-10T13:43:09.498Z] > git symbolic-ref --short HEAD [3ms]
[2022-02-10T13:43:09.507Z] > git for-each-ref --format=%(refname)%00%(upstream:short)%00%(objectname)%00%(upstream:track) refs/heads/main refs/remotes/main [2ms]
[2022-02-10T13:43:09.523Z] > git for-each-ref --sort -committerdate --format %(refname) %(objectname) %(*objectname) [9ms]
[2022-02-10T13:43:09.524Z] > git remote --verbose [3ms]
[2022-02-10T13:43:09.558Z] > git config --get commit.template [1ms]
[2022-02-10T13:43:18.206Z] > git symbolic-ref --short HEAD [2ms]
[2022-02-10T13:43:18.218Z] > git for-each-ref --format=%(refname)%00%(upstream:short)%00%(objectname)%00%(upstream:track) refs/heads/main refs/remotes/main [2ms]
[2022-02-10T13:43:18.234Z] > git for-each-ref --sort -committerdate --format %(refname) %(objectname) %(*objectname) [8ms]
[2022-02-10T13:43:18.235Z] > git remote --verbose [2ms]
[2022-02-10T13:43:18.284Z] > git config --get commit.template [5ms]
[2022-02-10T13:43:21.094Z] > git ls-files --stage -- /home/felipe/Documentos/react/media-time-calculator/package.json [22ms]
[2022-02-10T13:43:21.919Z] > git ls-files --stage -- /home/felipe/Documentos/react/media-time-calculator/package-lock.json [2ms]
[2022-02-10T13:43:22.563Z] > git cat-file -s bc703a5d7194cc4592e1bbf08aed02a529e1cc90 [1459ms]
[2022-02-10T13:43:22.617Z] > git cat-file -s 919b16d566012c089d561ae2690a432ebdbc7aa0 [686ms]
[2022-02-10T13:43:22.710Z] > git ls-files --stage -- /home/felipe/Documentos/react/media-time-calculator/package.json [6ms]
[2022-02-10T13:43:22.723Z] > git cat-file -s bc703a5d7194cc4592e1bbf08aed02a529e1cc90 [2ms]
[2022-02-10T13:43:23.359Z] > git symbolic-ref --short HEAD [1ms]
[2022-02-10T13:43:23.372Z] > git for-each-ref --format=%(refname)%00%(upstream:short)%00%(objectname)%00%(upstream:track) refs/heads/main refs/remotes/main [2ms]
[2022-02-10T13:43:23.393Z] > git remote --verbose [3ms]
[2022-02-10T13:43:23.394Z] > git for-each-ref --sort -committerdate --format %(refname) %(objectname) %(*objectname) [12ms]
[2022-02-10T13:43:23.429Z] > git config --get commit.template [2ms]
[2022-02-10T13:43:28.502Z] > git symbolic-ref --short HEAD [2ms]
[2022-02-10T13:43:28.515Z] > git for-each-ref --format=%(refname)%00%(upstream:short)%00%(objectname)%00%(upstream:track) refs/heads/main refs/remotes/main [3ms]
[2022-02-10T13:43:28.531Z] > git for-each-ref --sort -committerdate --format %(refname) %(objectname) %(*objectname) [9ms]
[2022-02-10T13:43:28.532Z] > git remote --verbose [2ms]
[2022-02-10T13:43:28.562Z] > git config --get commit.template [2ms]
[2022-02-10T13:43:33.627Z] > git symbolic-ref --short HEAD [2ms]
[2022-02-10T13:43:33.638Z] > git for-each-ref --format=%(refname)%00%(upstream:short)%00%(objectname)%00%(upstream:track) refs/heads/main refs/remotes/main [2ms]
[2022-02-10T13:43:33.660Z] > git for-each-ref --sort -committerdate --format %(refname) %(objectname) %(*objectname) [10ms]
[2022-02-10T13:43:33.661Z] > git remote --verbose [2ms]
[2022-02-10T13:43:33.691Z] > git config --get commit.template [1ms]
[2022-02-10T13:43:38.766Z] > git symbolic-ref --short HEAD [3ms]
[2022-02-10T13:43:38.777Z] > git for-each-ref --format=%(refname)%00%(upstream:short)%00%(objectname)%00%(upstream:track) refs/heads/main refs/remotes/main [2ms]
[2022-02-10T13:43:38.792Z] > git for-each-ref --sort -committerdate --format %(refname) %(objectname) %(*objectname) [9ms]
[2022-02-10T13:43:38.793Z] > git remote --verbose [2ms]
[2022-02-10T13:43:38.821Z] > git config --get commit.template [2ms]
[2022-02-10T13:43:43.892Z] > git symbolic-ref --short HEAD [2ms]
[2022-02-10T13:43:43.903Z] > git for-each-ref --format=%(refname)%00%(upstream:short)%00%(objectname)%00%(upstream:track) refs/heads/main refs/remotes/main [2ms]
[2022-02-10T13:43:43.921Z] > git for-each-ref --sort -committerdate --format %(refname) %(objectname) %(*objectname) [10ms]
[2022-02-10T13:43:43.922Z] > git remote --verbose [2ms]
[2022-02-10T13:43:43.958Z] > git config --get commit.template [1ms]
[2022-02-10T13:43:49.030Z] > git symbolic-ref --short HEAD [1ms]
[2022-02-10T13:43:49.040Z] > git for-each-ref --format=%(refname)%00%(upstream:short)%00%(objectname)%00%(upstream:track) refs/heads/main refs/remotes/main [1ms]
[2022-02-10T13:43:49.059Z] > git for-each-ref --sort -committerdate --format %(refname) %(objectname) %(*objectname) [9ms]
[2022-02-10T13:43:49.060Z] > git remote --verbose [2ms]
[2022-02-10T13:43:49.087Z] > git config --get commit.template [1ms]
[2022-02-10T13:44:42.160Z] > git symbolic-ref --short HEAD [2ms]
[2022-02-10T13:44:42.171Z] > git for-each-ref --format=%(refname)%00%(upstream:short)%00%(objectname)%00%(upstream:track) refs/heads/main refs/remotes/main [2ms]
[2022-02-10T13:44:42.187Z] > git for-each-ref --sort -committerdate --format %(refname) %(objectname) %(*objectname) [8ms]
[2022-02-10T13:44:42.188Z] > git remote --verbose [2ms]
[2022-02-10T13:44:42.218Z] > git config --get commit.template [3ms]
[2022-02-10T13:44:50.265Z] > git symbolic-ref --short HEAD [2ms]
[2022-02-10T13:44:50.275Z] > git for-each-ref --format=%(refname)%00%(upstream:short)%00%(objectname)%00%(upstream:track) refs/heads/main refs/remotes/main [2ms]
[2022-02-10T13:44:50.292Z] > git remote --verbose [1ms]
[2022-02-10T13:44:50.293Z] > git for-each-ref --sort -committerdate --format %(refname) %(objectname) %(*objectname) [10ms]
[2022-02-10T13:44:50.320Z] > git config --get commit.template [2ms]
[2022-02-10T13:45:31.430Z] > git symbolic-ref --short HEAD [2ms]
[2022-02-10T13:45:31.443Z] > git for-each-ref --format=%(refname)%00%(upstream:short)%00%(objectname)%00%(upstream:track) refs/heads/main refs/remotes/main [2ms]
[2022-02-10T13:45:31.461Z] > git for-each-ref --sort -committerdate --format %(refname) %(objectname) %(*objectname) [9ms]
[2022-02-10T13:45:31.462Z] > git remote --verbose [2ms]
[2022-02-10T13:45:31.495Z] > git config --get commit.template [1ms]
[2022-02-10T13:45:36.567Z] > git symbolic-ref --short HEAD [3ms]
[2022-02-10T13:45:36.578Z] > git for-each-ref --format=%(refname)%00%(upstream:short)%00%(objectname)%00%(upstream:track) refs/heads/main refs/remotes/main [2ms]
[2022-02-10T13:45:36.600Z] > git remote --verbose [1ms]
[2022-02-10T13:45:36.601Z] > git for-each-ref --sort -committerdate --format %(refname) %(objectname) %(*objectname) [15ms]
[2022-02-10T13:45:36.641Z] > git config --get commit.template [6ms]
[2022-02-10T13:45:41.713Z] > git symbolic-ref --short HEAD [3ms]
[2022-02-10T13:45:41.722Z] > git for-each-ref --format=%(refname)%00%(upstream:short)%00%(objectname)%00%(upstream:track) refs/heads/main refs/remotes/main [1ms]
[2022-02-10T13:45:41.743Z] > git for-each-ref --sort -committerdate --format %(refname) %(objectname) %(*objectname) [11ms]
[2022-02-10T13:45:41.744Z] > git remote --verbose [3ms]
[2022-02-10T13:45:41.769Z] > git config --get commit.template [2ms]
[2022-02-10T13:45:46.834Z] > git symbolic-ref --short HEAD [1ms]
[2022-02-10T13:45:46.845Z] > git for-each-ref --format=%(refname)%00%(upstream:short)%00%(objectname)%00%(upstream:track) refs/heads/main refs/remotes/main [2ms]
[2022-02-10T13:45:46.863Z] > git for-each-ref --sort -committerdate --format %(refname) %(objectname) %(*objectname) [9ms]
[2022-02-10T13:45:46.864Z] > git remote --verbose [2ms]
[2022-02-10T13:45:46.894Z] > git config --get commit.template [2ms]
[2022-02-10T13:45:57.433Z] > git symbolic-ref --short HEAD [2ms]
[2022-02-10T13:45:57.445Z] > git for-each-ref --format=%(refname)%00%(upstream:short)%00%(objectname)%00%(upstream:track) refs/heads/main refs/remotes/main [1ms]
[2022-02-10T13:45:57.463Z] > git for-each-ref --sort -committerdate --format %(refname) %(objectname) %(*objectname) [9ms]
[2022-02-10T13:45:57.464Z] > git remote --verbose [2ms]
[2022-02-10T13:45:57.499Z] > git config --get commit.template [3ms]
[2022-02-10T13:46:02.570Z] > git symbolic-ref --short HEAD [2ms]
[2022-02-10T13:46:02.581Z] > git for-each-ref --format=%(refname)%00%(upstream:short)%00%(objectname)%00%(upstream:track) refs/heads/main refs/remotes/main [2ms]
[2022-02-10T13:46:02.600Z] > git for-each-ref --sort -committerdate --format %(refname) %(objectname) %(*objectname) [10ms]
[2022-02-10T13:46:02.601Z] > git remote --verbose [2ms]
[2022-02-10T13:46:02.626Z] > git config --get commit.template [1ms]
[2022-02-10T13:49:48.349Z] > git symbolic-ref --short HEAD [3ms]
[2022-02-10T13:49:48.364Z] > git for-each-ref --format=%(refname)%00%(upstream:short)%00%(objectname)%00%(upstream:track) refs/heads/main refs/remotes/main [2ms]
[2022-02-10T13:49:48.385Z] > git remote --verbose [4ms]
[2022-02-10T13:49:48.386Z] > git for-each-ref --sort -committerdate --format %(refname) %(objectname) %(*objectname) [13ms]
[2022-02-10T13:49:48.417Z] > git config --get commit.template [3ms]
