[2022-02-04 11:42:23.109] [main] [info] update#setState idle
[2022-02-04 11:42:23.302] [main] [info] ExtensionHostStarterWorker created
[2022-02-04 11:42:25.875] [main] [info] Starting extension host with pid 11313 (fork() took 18 ms).
[2022-02-04 11:42:25.876] [main] [info] ExtensionHostStarterWorker.start() took 23 ms.
[2022-02-04 11:42:30.037] [main] [warning] Switching to using in-memory credential store instead because Keytar failed to load: Unknown or unsupported transport “disabled” for address “disabled:”
[2022-02-04 11:42:53.115] [main] [info] update#setState checking for updates
[2022-02-04 11:42:53.118] [main] [info] update#setState idle
[2022-02-04 12:42:53.195] [main] [info] update#setState checking for updates
[2022-02-04 12:42:53.198] [main] [info] update#setState idle
[2022-02-04 14:05:00.568] [main] [info] Extension host with pid 11313 exited with code: 0, signal: null.
[2022-02-04 14:05:01.874] [main] [info] Starting extension host with pid 21973 (fork() took 12 ms).
[2022-02-04 14:05:01.875] [main] [info] ExtensionHostStarterWorker.start() took 15 ms.
[2022-02-04 14:11:53.410] [main] [info] update#setState checking for updates
[2022-02-04 14:11:53.412] [main] [info] update#setState idle
[2022-02-04 15:11:53.428] [main] [info] update#setState checking for updates
[2022-02-04 15:11:53.430] [main] [info] update#setState idle
[2022-02-04 16:11:53.509] [main] [info] update#setState checking for updates
[2022-02-04 16:11:53.512] [main] [info] update#setState idle
[2022-02-04 17:21:35.432] [main] [info] update#setState checking for updates
[2022-02-04 17:21:35.435] [main] [info] update#setState idle
[2022-02-04 18:21:36.507] [main] [info] update#setState checking for updates
[2022-02-04 18:21:36.509] [main] [info] update#setState idle
[2022-02-04 19:21:36.603] [main] [info] update#setState checking for updates
[2022-02-04 19:21:36.605] [main] [info] update#setState idle
[2022-02-04 20:21:36.704] [main] [info] update#setState checking for updates
[2022-02-04 20:21:36.706] [main] [info] update#setState idle
[2022-02-04 21:21:36.805] [main] [info] update#setState checking for updates
[2022-02-04 21:21:36.807] [main] [info] update#setState idle
[2022-02-04 22:21:36.903] [main] [info] update#setState checking for updates
[2022-02-04 22:21:36.905] [main] [info] update#setState idle
[2022-02-04 23:21:37.003] [main] [info] update#setState checking for updates
[2022-02-04 23:21:37.005] [main] [info] update#setState idle
[2022-02-05 00:21:37.103] [main] [info] update#setState checking for updates
[2022-02-05 00:21:37.105] [main] [info] update#setState idle
[2022-02-05 01:07:17.671] [main] [info] Waiting for extension host with pid 21973 to exit.
[2022-02-05 01:07:17.694] [main] [info] Extension host with pid 21973 exited with code: 0, signal: null.
