[2022-02-09 13:14:32.934] [exthost] [info] Extension host with pid 7728 started
[2022-02-09 13:14:32.934] [exthost] [info] Skipping acquiring lock for /home/felipe/Documentos/react/media-time-calculator/~/.vscode-root/User/workspaceStorage/622f0bc5b29d40d139bc753dd17c4d7d.
[2022-02-09 13:14:33.013] [exthost] [info] ExtensionService#_doActivateExtension vscode.typescript-language-features, startup: false, activationEvent: 'onLanguage:javascriptreact'
[2022-02-09 13:14:33.061] [exthost] [info] ExtensionService#_doActivateExtension vscode.microsoft-authentication, startup: false, activationEvent: 'onAuthenticationRequest:microsoft'
[2022-02-09 13:14:33.127] [exthost] [info] ExtensionService#_doActivateExtension vscode.debug-auto-launch, startup: true, activationEvent: '*'
[2022-02-09 13:14:33.175] [exthost] [info] ExtensionService#_doActivateExtension vscode.git-base, startup: true, activationEvent: '*', root cause: vscode.github
[2022-02-09 13:14:33.183] [exthost] [info] ExtensionService#_doActivateExtension vscode-icons-team.vscode-icons, startup: true, activationEvent: '*'
[2022-02-09 13:14:33.211] [exthost] [info] ExtensionService#_doActivateExtension vscode.npm, startup: true, activationEvent: 'workspaceContains:package.json'
[2022-02-09 13:14:33.728] [exthost] [info] ExtensionService#_doActivateExtension vscode.github-authentication, startup: false, activationEvent: 'onAuthenticationRequest:github'
[2022-02-09 13:14:34.783] [exthost] [info] ExtensionService#_doActivateExtension vscode.git, startup: true, activationEvent: '*'
[2022-02-09 13:14:35.022] [exthost] [info] ExtensionService#_doActivateExtension vscode.github, startup: true, activationEvent: '*'
[2022-02-09 13:14:35.713] [exthost] [info] Eager extensions activated
[2022-02-09 13:14:35.753] [exthost] [info] ExtensionService#_doActivateExtension vscode.emmet, startup: false, activationEvent: 'onStartupFinished'
[2022-02-09 13:14:35.763] [exthost] [info] ExtensionService#_doActivateExtension vscode.merge-conflict, startup: false, activationEvent: 'onStartupFinished'
[2022-02-09 13:14:35.770] [exthost] [info] ExtensionService#_doActivateExtension ms-vscode-remote.remote-containers, startup: false, activationEvent: 'onStartupFinished'
[2022-02-09 13:14:35.961] [exthost] [warning] [Decorations] CAPPING events from decorations provider vscode.git 1099
[2022-02-09 16:43:23.698] [exthost] [warning] [Decorations] CAPPING events from decorations provider vscode.git 1099
[2022-02-09 16:43:28.799] [exthost] [warning] [Decorations] CAPPING events from decorations provider vscode.git 1099
[2022-02-09 16:43:33.889] [exthost] [warning] [Decorations] CAPPING events from decorations provider vscode.git 1099
[2022-02-09 16:43:38.987] [exthost] [warning] [Decorations] CAPPING events from decorations provider vscode.git 1099
[2022-02-09 16:43:44.074] [exthost] [warning] [Decorations] CAPPING events from decorations provider vscode.git 1099
[2022-02-09 16:50:40.901] [exthost] [warning] [Decorations] CAPPING events from decorations provider vscode.git 1099
[2022-02-09 16:50:45.993] [exthost] [warning] [Decorations] CAPPING events from decorations provider vscode.git 1099
[2022-02-09 16:50:51.098] [exthost] [warning] [Decorations] CAPPING events from decorations provider vscode.git 1099
[2022-02-09 16:50:56.198] [exthost] [warning] [Decorations] CAPPING events from decorations provider vscode.git 1099
[2022-02-09 16:58:37.582] [exthost] [warning] [Decorations] CAPPING events from decorations provider vscode.git 1099
[2022-02-09 17:10:34.992] [exthost] [warning] [Decorations] CAPPING events from decorations provider vscode.git 1099
[2022-02-09 17:10:40.080] [exthost] [warning] [Decorations] CAPPING events from decorations provider vscode.git 1099
[2022-02-09 17:10:45.169] [exthost] [warning] [Decorations] CAPPING events from decorations provider vscode.git 1099
[2022-02-09 17:10:50.266] [exthost] [warning] [Decorations] CAPPING events from decorations provider vscode.git 1099
[2022-02-09 17:10:55.356] [exthost] [warning] [Decorations] CAPPING events from decorations provider vscode.git 1099
[2022-02-09 17:11:00.452] [exthost] [warning] [Decorations] CAPPING events from decorations provider vscode.git 1099
[2022-02-09 17:11:05.536] [exthost] [warning] [Decorations] CAPPING events from decorations provider vscode.git 1099
[2022-02-09 17:11:10.628] [exthost] [warning] [Decorations] CAPPING events from decorations provider vscode.git 1099
[2022-02-09 17:11:15.725] [exthost] [warning] [Decorations] CAPPING events from decorations provider vscode.git 1099
[2022-02-09 17:11:20.810] [exthost] [warning] [Decorations] CAPPING events from decorations provider vscode.git 1100
[2022-02-09 17:11:25.896] [exthost] [warning] [Decorations] CAPPING events from decorations provider vscode.git 1100
[2022-02-09 17:11:30.993] [exthost] [warning] [Decorations] CAPPING events from decorations provider vscode.git 1100
[2022-02-09 17:11:36.082] [exthost] [warning] [Decorations] CAPPING events from decorations provider vscode.git 1100
[2022-02-09 17:11:41.195] [exthost] [warning] [Decorations] CAPPING events from decorations provider vscode.git 1100
[2022-02-09 17:11:46.286] [exthost] [warning] [Decorations] CAPPING events from decorations provider vscode.git 1100
[2022-02-09 17:11:51.425] [exthost] [warning] [Decorations] CAPPING events from decorations provider vscode.git 1100
[2022-02-09 17:11:56.518] [exthost] [warning] [Decorations] CAPPING events from decorations provider vscode.git 1100
[2022-02-09 17:12:01.612] [exthost] [warning] [Decorations] CAPPING events from decorations provider vscode.git 1100
[2022-02-09 17:12:06.701] [exthost] [warning] [Decorations] CAPPING events from decorations provider vscode.git 1100
[2022-02-09 17:12:11.804] [exthost] [warning] [Decorations] CAPPING events from decorations provider vscode.git 1100
[2022-02-09 17:12:16.898] [exthost] [warning] [Decorations] CAPPING events from decorations provider vscode.git 1100
[2022-02-09 17:12:21.986] [exthost] [warning] [Decorations] CAPPING events from decorations provider vscode.git 1100
[2022-02-09 17:12:27.082] [exthost] [warning] [Decorations] CAPPING events from decorations provider vscode.git 1100
[2022-02-09 17:12:32.179] [exthost] [warning] [Decorations] CAPPING events from decorations provider vscode.git 1100
[2022-02-09 17:12:37.270] [exthost] [warning] [Decorations] CAPPING events from decorations provider vscode.git 1100
[2022-02-09 17:12:42.368] [exthost] [warning] [Decorations] CAPPING events from decorations provider vscode.git 1100
[2022-02-09 17:12:47.463] [exthost] [warning] [Decorations] CAPPING events from decorations provider vscode.git 1100
[2022-02-09 17:12:52.563] [exthost] [warning] [Decorations] CAPPING events from decorations provider vscode.git 1100
[2022-02-09 17:12:57.668] [exthost] [warning] [Decorations] CAPPING events from decorations provider vscode.git 1100
[2022-02-09 17:13:02.762] [exthost] [warning] [Decorations] CAPPING events from decorations provider vscode.git 1100
[2022-02-09 17:13:07.855] [exthost] [warning] [Decorations] CAPPING events from decorations provider vscode.git 1100
[2022-02-09 17:13:12.953] [exthost] [warning] [Decorations] CAPPING events from decorations provider vscode.git 1100
[2022-02-09 17:13:18.039] [exthost] [warning] [Decorations] CAPPING events from decorations provider vscode.git 1100
[2022-02-09 17:13:23.128] [exthost] [warning] [Decorations] CAPPING events from decorations provider vscode.git 1100
[2022-02-09 17:13:28.225] [exthost] [warning] [Decorations] CAPPING events from decorations provider vscode.git 1100
[2022-02-09 17:13:33.327] [exthost] [warning] [Decorations] CAPPING events from decorations provider vscode.git 1100
[2022-02-09 17:13:38.419] [exthost] [warning] [Decorations] CAPPING events from decorations provider vscode.git 1100
[2022-02-09 17:13:43.508] [exthost] [warning] [Decorations] CAPPING events from decorations provider vscode.git 1100
[2022-02-09 17:13:48.599] [exthost] [warning] [Decorations] CAPPING events from decorations provider vscode.git 1100
[2022-02-09 17:13:53.702] [exthost] [warning] [Decorations] CAPPING events from decorations provider vscode.git 1100
[2022-02-09 17:13:58.797] [exthost] [warning] [Decorations] CAPPING events from decorations provider vscode.git 1100
[2022-02-09 17:14:03.882] [exthost] [warning] [Decorations] CAPPING events from decorations provider vscode.git 1100
[2022-02-09 17:14:08.984] [exthost] [warning] [Decorations] CAPPING events from decorations provider vscode.git 1100
[2022-02-09 17:14:14.084] [exthost] [warning] [Decorations] CAPPING events from decorations provider vscode.git 1100
[2022-02-09 17:14:19.175] [exthost] [warning] [Decorations] CAPPING events from decorations provider vscode.git 1099
[2022-02-09 17:14:24.277] [exthost] [warning] [Decorations] CAPPING events from decorations provider vscode.git 1099
[2022-02-09 17:14:29.378] [exthost] [warning] [Decorations] CAPPING events from decorations provider vscode.git 1099
[2022-02-09 17:14:34.486] [exthost] [warning] [Decorations] CAPPING events from decorations provider vscode.git 1099
[2022-02-09 17:14:39.591] [exthost] [warning] [Decorations] CAPPING events from decorations provider vscode.git 1099
[2022-02-09 17:14:44.701] [exthost] [warning] [Decorations] CAPPING events from decorations provider vscode.git 1099
[2022-02-09 17:14:49.799] [exthost] [warning] [Decorations] CAPPING events from decorations provider vscode.git 1099
[2022-02-09 17:14:54.909] [exthost] [warning] [Decorations] CAPPING events from decorations provider vscode.git 1100
[2022-02-09 17:15:00.012] [exthost] [warning] [Decorations] CAPPING events from decorations provider vscode.git 1100
[2022-02-09 17:15:05.114] [exthost] [warning] [Decorations] CAPPING events from decorations provider vscode.git 1100
[2022-02-09 17:15:10.220] [exthost] [warning] [Decorations] CAPPING events from decorations provider vscode.git 1100
[2022-02-09 17:15:15.320] [exthost] [warning] [Decorations] CAPPING events from decorations provider vscode.git 1100
[2022-02-09 17:15:20.429] [exthost] [warning] [Decorations] CAPPING events from decorations provider vscode.git 1100
[2022-02-09 17:15:25.525] [exthost] [warning] [Decorations] CAPPING events from decorations provider vscode.git 1100
[2022-02-09 17:15:30.611] [exthost] [warning] [Decorations] CAPPING events from decorations provider vscode.git 1100
[2022-02-09 17:15:35.700] [exthost] [warning] [Decorations] CAPPING events from decorations provider vscode.git 1100
[2022-02-09 17:15:40.785] [exthost] [warning] [Decorations] CAPPING events from decorations provider vscode.git 1100
[2022-02-09 17:15:45.895] [exthost] [warning] [Decorations] CAPPING events from decorations provider vscode.git 1100
[2022-02-09 17:15:51.005] [exthost] [warning] [Decorations] CAPPING events from decorations provider vscode.git 1100
[2022-02-09 17:15:56.095] [exthost] [warning] [Decorations] CAPPING events from decorations provider vscode.git 1100
[2022-02-09 17:16:01.188] [exthost] [warning] [Decorations] CAPPING events from decorations provider vscode.git 1100
[2022-02-09 17:16:06.280] [exthost] [warning] [Decorations] CAPPING events from decorations provider vscode.git 1100
[2022-02-09 17:16:11.372] [exthost] [warning] [Decorations] CAPPING events from decorations provider vscode.git 1100
[2022-02-09 17:16:16.471] [exthost] [warning] [Decorations] CAPPING events from decorations provider vscode.git 1100
[2022-02-09 17:16:21.561] [exthost] [warning] [Decorations] CAPPING events from decorations provider vscode.git 1100
[2022-02-09 17:16:26.668] [exthost] [warning] [Decorations] CAPPING events from decorations provider vscode.git 1100
[2022-02-09 17:16:31.774] [exthost] [warning] [Decorations] CAPPING events from decorations provider vscode.git 1100
[2022-02-09 17:16:36.868] [exthost] [warning] [Decorations] CAPPING events from decorations provider vscode.git 1100
[2022-02-09 17:16:41.970] [exthost] [warning] [Decorations] CAPPING events from decorations provider vscode.git 1100
[2022-02-09 17:16:47.056] [exthost] [warning] [Decorations] CAPPING events from decorations provider vscode.git 1100
[2022-02-09 17:16:52.149] [exthost] [warning] [Decorations] CAPPING events from decorations provider vscode.git 1099
[2022-02-09 17:16:57.241] [exthost] [warning] [Decorations] CAPPING events from decorations provider vscode.git 1099
[2022-02-09 17:17:02.338] [exthost] [warning] [Decorations] CAPPING events from decorations provider vscode.git 1099
[2022-02-09 17:17:07.438] [exthost] [warning] [Decorations] CAPPING events from decorations provider vscode.git 1099
[2022-02-09 17:17:12.540] [exthost] [warning] [Decorations] CAPPING events from decorations provider vscode.git 1100
[2022-02-09 17:17:17.635] [exthost] [warning] [Decorations] CAPPING events from decorations provider vscode.git 1100
[2022-02-09 17:17:22.738] [exthost] [warning] [Decorations] CAPPING events from decorations provider vscode.git 1099
[2022-02-09 17:17:54.563] [exthost] [warning] [Decorations] CAPPING events from decorations provider vscode.git 1099
[2022-02-09 17:17:59.663] [exthost] [warning] [Decorations] CAPPING events from decorations provider vscode.git 1099
[2022-02-09 17:18:04.753] [exthost] [warning] [Decorations] CAPPING events from decorations provider vscode.git 1099
[2022-02-09 17:18:09.838] [exthost] [warning] [Decorations] CAPPING events from decorations provider vscode.git 1100
[2022-02-09 17:20:20.732] [exthost] [warning] [Decorations] CAPPING events from decorations provider vscode.git 1100
[2022-02-09 20:53:01.656] [exthost] [warning] [Decorations] CAPPING events from decorations provider vscode.git 1099
[2022-02-09 21:22:40.910] [exthost] [warning] [Decorations] CAPPING events from decorations provider vscode.git 1099
[2022-02-09 21:22:46.006] [exthost] [warning] [Decorations] CAPPING events from decorations provider vscode.git 1099
[2022-02-09 21:22:51.105] [exthost] [warning] [Decorations] CAPPING events from decorations provider vscode.git 1099
[2022-02-09 21:22:56.269] [exthost] [warning] [Decorations] CAPPING events from decorations provider vscode.git 1099
[2022-02-09 21:23:01.385] [exthost] [warning] [Decorations] CAPPING events from decorations provider vscode.git 1099
[2022-02-09 21:23:06.502] [exthost] [warning] [Decorations] CAPPING events from decorations provider vscode.git 1099
[2022-02-09 21:23:11.609] [exthost] [warning] [Decorations] CAPPING events from decorations provider vscode.git 1099
[2022-02-09 21:23:16.706] [exthost] [warning] [Decorations] CAPPING events from decorations provider vscode.git 1099
[2022-02-09 21:51:56.605] [exthost] [warning] [Decorations] CAPPING events from decorations provider vscode.git 1099
[2022-02-09 22:56:13.025] [exthost] [warning] [Decorations] CAPPING events from decorations provider vscode.git 1099
[2022-02-09 22:56:18.120] [exthost] [warning] [Decorations] CAPPING events from decorations provider vscode.git 1099
[2022-02-09 22:56:23.233] [exthost] [warning] [Decorations] CAPPING events from decorations provider vscode.git 1099
[2022-02-09 22:56:28.350] [exthost] [warning] [Decorations] CAPPING events from decorations provider vscode.git 1099
[2022-02-09 22:56:33.439] [exthost] [warning] [Decorations] CAPPING events from decorations provider vscode.git 1099
[2022-02-09 22:56:38.574] [exthost] [warning] [Decorations] CAPPING events from decorations provider vscode.git 1099
[2022-02-09 22:58:26.056] [exthost] [warning] [Decorations] CAPPING events from decorations provider vscode.git 1099
[2022-02-09 22:58:32.478] [exthost] [warning] [Decorations] CAPPING events from decorations provider vscode.git 1099
[2022-02-09 22:58:37.598] [exthost] [warning] [Decorations] CAPPING events from decorations provider vscode.git 1099
[2022-02-09 22:58:42.703] [exthost] [warning] [Decorations] CAPPING events from decorations provider vscode.git 1099
[2022-02-09 22:58:50.055] [exthost] [warning] [Decorations] CAPPING events from decorations provider vscode.git 1099
[2022-02-09 22:58:56.443] [exthost] [warning] [Decorations] CAPPING events from decorations provider vscode.git 1099
[2022-02-09 22:59:07.813] [exthost] [warning] [Decorations] CAPPING events from decorations provider vscode.git 1099
[2022-02-09 22:59:28.206] [exthost] [warning] [Decorations] CAPPING events from decorations provider vscode.git 1099
[2022-02-09 22:59:33.299] [exthost] [warning] [Decorations] CAPPING events from decorations provider vscode.git 1099
[2022-02-09 22:59:38.440] [exthost] [warning] [Decorations] CAPPING events from decorations provider vscode.git 1099
[2022-02-09 22:59:43.577] [exthost] [warning] [Decorations] CAPPING events from decorations provider vscode.git 1099
[2022-02-09 22:59:48.724] [exthost] [warning] [Decorations] CAPPING events from decorations provider vscode.git 1099
[2022-02-09 22:59:53.854] [exthost] [warning] [Decorations] CAPPING events from decorations provider vscode.git 1099
[2022-02-09 22:59:58.973] [exthost] [warning] [Decorations] CAPPING events from decorations provider vscode.git 1099
[2022-02-09 23:00:04.098] [exthost] [warning] [Decorations] CAPPING events from decorations provider vscode.git 1099
[2022-02-09 23:00:09.212] [exthost] [warning] [Decorations] CAPPING events from decorations provider vscode.git 1099
[2022-02-09 23:00:14.347] [exthost] [warning] [Decorations] CAPPING events from decorations provider vscode.git 1099
[2022-02-09 23:00:22.650] [exthost] [warning] [Decorations] CAPPING events from decorations provider vscode.git 1099
[2022-02-09 23:00:27.790] [exthost] [warning] [Decorations] CAPPING events from decorations provider vscode.git 1099
[2022-02-09 23:00:32.921] [exthost] [warning] [Decorations] CAPPING events from decorations provider vscode.git 1099
[2022-02-09 23:00:38.045] [exthost] [warning] [Decorations] CAPPING events from decorations provider vscode.git 1100
[2022-02-09 23:00:43.165] [exthost] [warning] [Decorations] CAPPING events from decorations provider vscode.git 1100
[2022-02-09 23:00:49.359] [exthost] [warning] [Decorations] CAPPING events from decorations provider vscode.git 1100
[2022-02-09 23:01:20.014] [exthost] [warning] [Decorations] CAPPING events from decorations provider vscode.git 1100
[2022-02-09 23:01:25.125] [exthost] [warning] [Decorations] CAPPING events from decorations provider vscode.git 1100
[2022-02-09 23:01:30.233] [exthost] [warning] [Decorations] CAPPING events from decorations provider vscode.git 1100
[2022-02-09 23:14:26.766] [exthost] [warning] [Decorations] CAPPING events from decorations provider vscode.git 1100
[2022-02-09 23:14:33.115] [exthost] [warning] [Decorations] CAPPING events from decorations provider vscode.git 1100
[2022-02-09 23:14:38.236] [exthost] [warning] [Decorations] CAPPING events from decorations provider vscode.git 1100
[2022-02-09 23:14:43.348] [exthost] [warning] [Decorations] CAPPING events from decorations provider vscode.git 1100
[2022-02-09 23:14:48.466] [exthost] [warning] [Decorations] CAPPING events from decorations provider vscode.git 1100
[2022-02-09 23:14:53.595] [exthost] [warning] [Decorations] CAPPING events from decorations provider vscode.git 1100
[2022-02-09 23:14:58.718] [exthost] [warning] [Decorations] CAPPING events from decorations provider vscode.git 1099
[2022-02-09 23:15:03.842] [exthost] [warning] [Decorations] CAPPING events from decorations provider vscode.git 1099
[2022-02-09 23:15:08.973] [exthost] [warning] [Decorations] CAPPING events from decorations provider vscode.git 1099
[2022-02-09 23:15:14.107] [exthost] [warning] [Decorations] CAPPING events from decorations provider vscode.git 1099
[2022-02-09 23:15:19.235] [exthost] [warning] [Decorations] CAPPING events from decorations provider vscode.git 1099
[2022-02-09 23:15:24.381] [exthost] [warning] [Decorations] CAPPING events from decorations provider vscode.git 1099
[2022-02-09 23:15:29.513] [exthost] [warning] [Decorations] CAPPING events from decorations provider vscode.git 1099
[2022-02-09 23:15:34.643] [exthost] [warning] [Decorations] CAPPING events from decorations provider vscode.git 1099
[2022-02-09 23:15:39.768] [exthost] [warning] [Decorations] CAPPING events from decorations provider vscode.git 1099
[2022-02-09 23:15:44.885] [exthost] [warning] [Decorations] CAPPING events from decorations provider vscode.git 1099
[2022-02-09 23:15:50.014] [exthost] [warning] [Decorations] CAPPING events from decorations provider vscode.git 1099
[2022-02-09 23:15:55.146] [exthost] [warning] [Decorations] CAPPING events from decorations provider vscode.git 1099
[2022-02-09 23:16:00.274] [exthost] [warning] [Decorations] CAPPING events from decorations provider vscode.git 1099
[2022-02-09 23:16:05.432] [exthost] [warning] [Decorations] CAPPING events from decorations provider vscode.git 1099
[2022-02-09 23:16:10.568] [exthost] [warning] [Decorations] CAPPING events from decorations provider vscode.git 1099
[2022-02-09 23:16:15.691] [exthost] [warning] [Decorations] CAPPING events from decorations provider vscode.git 1099
[2022-02-09 23:16:20.817] [exthost] [warning] [Decorations] CAPPING events from decorations provider vscode.git 1099
[2022-02-09 23:16:25.937] [exthost] [warning] [Decorations] CAPPING events from decorations provider vscode.git 1099
[2022-02-09 23:16:31.067] [exthost] [warning] [Decorations] CAPPING events from decorations provider vscode.git 1099
[2022-02-09 23:16:36.185] [exthost] [warning] [Decorations] CAPPING events from decorations provider vscode.git 1099
[2022-02-09 23:16:41.302] [exthost] [warning] [Decorations] CAPPING events from decorations provider vscode.git 1099
[2022-02-09 23:16:46.421] [exthost] [warning] [Decorations] CAPPING events from decorations provider vscode.git 1099
[2022-02-09 23:16:51.544] [exthost] [warning] [Decorations] CAPPING events from decorations provider vscode.git 1099
[2022-02-09 23:16:56.669] [exthost] [warning] [Decorations] CAPPING events from decorations provider vscode.git 1099
[2022-02-09 23:17:01.801] [exthost] [warning] [Decorations] CAPPING events from decorations provider vscode.git 1099
[2022-02-09 23:17:06.931] [exthost] [warning] [Decorations] CAPPING events from decorations provider vscode.git 1099
