[2022-02-09 13:14:25.509] [main] [info] update#setState idle
[2022-02-09 13:14:25.889] [main] [info] ExtensionHostStarterWorker created
[2022-02-09 13:14:27.823] [main] [info] Starting extension host with pid 7728 (fork() took 18 ms).
[2022-02-09 13:14:27.823] [main] [info] ExtensionHostStarterWorker.start() took 21 ms.
[2022-02-09 13:14:29.336] [main] [warning] Switching to using in-memory credential store instead because Keytar failed to load: Unknown or unsupported transport “disabled” for address “disabled:”
[2022-02-09 13:14:55.525] [main] [info] update#setState checking for updates
[2022-02-09 13:14:55.528] [main] [info] update#setState idle
[2022-02-09 16:32:47.991] [main] [info] update#setState checking for updates
[2022-02-09 16:32:47.993] [main] [info] update#setState idle
[2022-02-09 17:32:48.077] [main] [info] update#setState checking for updates
[2022-02-09 17:32:48.079] [main] [info] update#setState idle
[2022-02-09 18:32:48.178] [main] [info] update#setState checking for updates
[2022-02-09 18:32:48.180] [main] [info] update#setState idle
[2022-02-09 19:32:48.258] [main] [info] update#setState checking for updates
[2022-02-09 19:32:48.260] [main] [info] update#setState idle
[2022-02-09 20:32:48.360] [main] [info] update#setState checking for updates
[2022-02-09 20:32:48.362] [main] [info] update#setState idle
[2022-02-09 21:32:48.439] [main] [info] update#setState checking for updates
[2022-02-09 21:32:48.441] [main] [info] update#setState idle
[2022-02-09 22:32:48.462] [main] [info] update#setState checking for updates
[2022-02-09 22:32:48.464] [main] [info] update#setState idle
[2022-02-09 23:27:10.818] [main] [error] [uncaught exception in main]: Error: SharedProcess: crashed (detail: killed, code: 15)
[2022-02-09 23:27:10.819] [main] [error] Error: SharedProcess: crashed (detail: killed, code: 15)
    at /snap/code/87/usr/share/code/resources/app/out/vs/code/electron-main/main.js:75:73593
    at S.fire (/snap/code/87/usr/share/code/resources/app/out/vs/code/electron-main/main.js:16:1712)
    at /snap/code/87/usr/share/code/resources/app/out/vs/code/electron-main/main.js:14:53994
    at S.fire (/snap/code/87/usr/share/code/resources/app/out/vs/code/electron-main/main.js:16:1712)
    at Object.<anonymous> (/snap/code/87/usr/share/code/resources/app/out/vs/code/electron-main/main.js:74:7427)
    at Object.emit (events.js:327:22)
