[2022-02-07 10:57:37.607] [main] [info] update#setState idle
[2022-02-07 10:57:38.238] [main] [info] ExtensionHostStarterWorker created
[2022-02-07 10:57:41.221] [main] [info] Starting extension host with pid 8243 (fork() took 12 ms).
[2022-02-07 10:57:41.221] [main] [info] ExtensionHostStarterWorker.start() took 14 ms.
[2022-02-07 10:57:44.912] [main] [warning] Switching to using in-memory credential store instead because Keytar failed to load: Unknown or unsupported transport “disabled” for address “disabled:”
[2022-02-07 10:58:07.615] [main] [info] update#setState checking for updates
[2022-02-07 10:58:07.618] [main] [info] update#setState idle
[2022-02-07 11:58:07.623] [main] [info] update#setState checking for updates
[2022-02-07 11:58:07.624] [main] [info] update#setState idle
[2022-02-07 13:25:36.525] [main] [info] update#setState checking for updates
[2022-02-07 13:25:36.527] [main] [info] update#setState idle
[2022-02-07 14:25:37.786] [main] [info] update#setState checking for updates
[2022-02-07 14:25:37.788] [main] [info] update#setState idle
[2022-02-07 17:52:05.628] [main] [info] update#setState checking for updates
[2022-02-07 17:52:05.629] [main] [info] update#setState idle
[2022-02-07 18:52:05.715] [main] [info] update#setState checking for updates
[2022-02-07 18:52:05.717] [main] [info] update#setState idle
[2022-02-07 19:52:05.817] [main] [info] update#setState checking for updates
[2022-02-07 19:52:05.819] [main] [info] update#setState idle
[2022-02-07 20:52:05.849] [main] [info] update#setState checking for updates
[2022-02-07 20:52:05.851] [main] [info] update#setState idle
[2022-02-07 21:52:05.881] [main] [info] update#setState checking for updates
[2022-02-07 21:52:05.883] [main] [info] update#setState idle
[2022-02-07 22:52:05.921] [main] [info] update#setState checking for updates
[2022-02-07 22:52:05.922] [main] [info] update#setState idle
[2022-02-07 23:52:06.001] [main] [info] update#setState checking for updates
[2022-02-07 23:52:06.003] [main] [info] update#setState idle
