[2022-02-01 11:48:27.281] [main] [info] update#setState idle
[2022-02-01 11:48:27.432] [main] [info] ExtensionHostStarterWorker created
[2022-02-01 11:48:29.687] [main] [info] Starting extension host with pid 13151 (fork() took 15 ms).
[2022-02-01 11:48:39.193] [main] [info] Extension host with pid 13151 exited with code: 0, signal: null.
[2022-02-01 11:48:40.685] [main] [info] Starting extension host with pid 13241 (fork() took 9 ms).
[2022-02-01 11:48:57.283] [main] [info] update#setState checking for updates
[2022-02-01 11:48:57.284] [main] [info] update#setState idle
[2022-02-01 12:48:57.383] [main] [info] update#setState checking for updates
[2022-02-01 12:48:57.387] [main] [info] update#setState idle
[2022-02-01 13:48:57.483] [main] [info] update#setState checking for updates
[2022-02-01 13:48:57.485] [main] [info] update#setState idle
[2022-02-01 14:48:57.499] [main] [info] update#setState checking for updates
[2022-02-01 14:48:57.501] [main] [info] update#setState idle
[2022-02-01 15:48:57.598] [main] [info] update#setState checking for updates
[2022-02-01 15:48:57.600] [main] [info] update#setState idle
[2022-02-01 16:48:57.667] [main] [info] update#setState checking for updates
[2022-02-01 16:48:57.668] [main] [info] update#setState idle
[2022-02-01 17:48:57.682] [main] [info] update#setState checking for updates
[2022-02-01 17:48:57.684] [main] [info] update#setState idle
[2022-02-01 18:48:57.755] [main] [info] update#setState checking for updates
[2022-02-01 18:48:57.757] [main] [info] update#setState idle
[2022-02-01 19:48:57.808] [main] [info] update#setState checking for updates
[2022-02-01 19:48:57.810] [main] [info] update#setState idle
[2022-02-01 20:48:57.909] [main] [info] update#setState checking for updates
[2022-02-01 20:48:57.911] [main] [info] update#setState idle
[2022-02-01 22:04:06.699] [main] [info] update#setState checking for updates
[2022-02-01 22:04:06.701] [main] [info] update#setState idle
[2022-02-01 23:04:06.773] [main] [info] update#setState checking for updates
[2022-02-01 23:04:06.870] [main] [info] update#setState idle
[2022-02-01 23:35:14.898] [main] [info] Waiting for extension host with pid 13241 to exit.
[2022-02-01 23:35:14.990] [main] [info] Extension host with pid 13241 exited with code: 0, signal: null.
