[2022-02-09T02:47:31.642Z] Validating found git in: git
[2022-02-09T02:47:31.684Z] Using git 2.25.1 from git
[2022-02-09T02:47:31.715Z] > git rev-parse --git-dir [1ms]
[2022-02-09T02:47:31.718Z] Open repository: /home/felipe/Documentos/react/media-time-calculator
[2022-02-09T02:47:31.933Z] > git symbolic-ref --short HEAD [12ms]
[2022-02-09T02:47:31.947Z] > git for-each-ref --format=%(refname)%00%(upstream:short)%00%(objectname)%00%(upstream:track) refs/heads/master refs/remotes/master [3ms]
[2022-02-09T02:47:31.971Z] > git for-each-ref --sort -committerdate --format %(refname) %(objectname) %(*objectname) [17ms]
[2022-02-09T02:47:31.976Z] > git remote --verbose [13ms]
[2022-02-09T02:47:32.423Z] > git config --get commit.template [334ms]
[2022-02-09T02:47:32.494Z] > git ls-files --stage -- /home/felipe/Documentos/react/media-time-calculator/src/components/ResponseBox.jsx [5ms]
[2022-02-09T02:53:16.721Z] > git symbolic-ref --short HEAD [2ms]
[2022-02-09T02:53:16.731Z] > git for-each-ref --format=%(refname)%00%(upstream:short)%00%(objectname)%00%(upstream:track) refs/heads/master refs/remotes/master [2ms]
[2022-02-09T02:53:16.748Z] > git for-each-ref --sort -committerdate --format %(refname) %(objectname) %(*objectname) [8ms]
[2022-02-09T02:53:16.749Z] > git remote --verbose [3ms]
[2022-02-09T02:53:16.782Z] > git config --get commit.template [1ms]
[2022-02-09T02:53:21.817Z] > git symbolic-ref --short HEAD [2ms]
[2022-02-09T02:53:21.826Z] > git for-each-ref --format=%(refname)%00%(upstream:short)%00%(objectname)%00%(upstream:track) refs/heads/master refs/remotes/master [2ms]
[2022-02-09T02:53:21.842Z] > git for-each-ref --sort -committerdate --format %(refname) %(objectname) %(*objectname) [8ms]
[2022-02-09T02:53:21.843Z] > git remote --verbose [2ms]
[2022-02-09T02:53:21.876Z] > git config --get commit.template [2ms]
[2022-02-09T02:53:26.916Z] > git symbolic-ref --short HEAD [2ms]
[2022-02-09T02:53:26.926Z] > git for-each-ref --format=%(refname)%00%(upstream:short)%00%(objectname)%00%(upstream:track) refs/heads/master refs/remotes/master [2ms]
[2022-02-09T02:53:26.945Z] > git remote --verbose [2ms]
[2022-02-09T02:53:26.945Z] > git for-each-ref --sort -committerdate --format %(refname) %(objectname) %(*objectname) [10ms]
[2022-02-09T02:53:27.003Z] > git config --get commit.template [16ms]
[2022-02-09T02:53:32.037Z] > git symbolic-ref --short HEAD [1ms]
[2022-02-09T02:53:32.045Z] > git for-each-ref --format=%(refname)%00%(upstream:short)%00%(objectname)%00%(upstream:track) refs/heads/master refs/remotes/master [1ms]
[2022-02-09T02:53:32.064Z] > git for-each-ref --sort -committerdate --format %(refname) %(objectname) %(*objectname) [11ms]
[2022-02-09T02:53:32.064Z] > git remote --verbose [1ms]
[2022-02-09T02:53:32.095Z] > git config --get commit.template [3ms]
[2022-02-09T02:53:37.135Z] > git symbolic-ref --short HEAD [2ms]
[2022-02-09T02:53:37.145Z] > git for-each-ref --format=%(refname)%00%(upstream:short)%00%(objectname)%00%(upstream:track) refs/heads/master refs/remotes/master [1ms]
[2022-02-09T02:53:37.162Z] > git remote --verbose [1ms]
[2022-02-09T02:53:37.163Z] > git for-each-ref --sort -committerdate --format %(refname) %(objectname) %(*objectname) [9ms]
[2022-02-09T02:53:37.192Z] > git config --get commit.template [2ms]
[2022-02-09T02:53:42.227Z] > git symbolic-ref --short HEAD [2ms]
[2022-02-09T02:53:42.236Z] > git for-each-ref --format=%(refname)%00%(upstream:short)%00%(objectname)%00%(upstream:track) refs/heads/master refs/remotes/master [2ms]
[2022-02-09T02:53:42.255Z] > git for-each-ref --sort -committerdate --format %(refname) %(objectname) %(*objectname) [10ms]
[2022-02-09T02:53:42.256Z] > git remote --verbose [2ms]
[2022-02-09T02:53:42.281Z] > git config --get commit.template [2ms]
[2022-02-09T02:53:47.320Z] > git symbolic-ref --short HEAD [2ms]
[2022-02-09T02:53:47.329Z] > git for-each-ref --format=%(refname)%00%(upstream:short)%00%(objectname)%00%(upstream:track) refs/heads/master refs/remotes/master [1ms]
[2022-02-09T02:53:47.347Z] > git for-each-ref --sort -committerdate --format %(refname) %(objectname) %(*objectname) [9ms]
[2022-02-09T02:53:47.348Z] > git remote --verbose [2ms]
[2022-02-09T02:53:47.376Z] > git config --get commit.template [2ms]
[2022-02-09T02:53:52.413Z] > git symbolic-ref --short HEAD [2ms]
[2022-02-09T02:53:52.424Z] > git for-each-ref --format=%(refname)%00%(upstream:short)%00%(objectname)%00%(upstream:track) refs/heads/master refs/remotes/master [2ms]
[2022-02-09T02:53:52.440Z] > git for-each-ref --sort -committerdate --format %(refname) %(objectname) %(*objectname) [9ms]
[2022-02-09T02:53:52.440Z] > git remote --verbose [2ms]
[2022-02-09T02:53:52.473Z] > git config --get commit.template [2ms]
[2022-02-09T02:53:57.508Z] > git symbolic-ref --short HEAD [2ms]
[2022-02-09T02:53:57.518Z] > git for-each-ref --format=%(refname)%00%(upstream:short)%00%(objectname)%00%(upstream:track) refs/heads/master refs/remotes/master [1ms]
[2022-02-09T02:53:57.536Z] > git for-each-ref --sort -committerdate --format %(refname) %(objectname) %(*objectname) [9ms]
[2022-02-09T02:53:57.537Z] > git remote --verbose [2ms]
[2022-02-09T02:53:57.564Z] > git config --get commit.template [2ms]
[2022-02-09T02:54:02.597Z] > git symbolic-ref --short HEAD [1ms]
[2022-02-09T02:54:02.608Z] > git for-each-ref --format=%(refname)%00%(upstream:short)%00%(objectname)%00%(upstream:track) refs/heads/master refs/remotes/master [2ms]
[2022-02-09T02:54:02.627Z] > git for-each-ref --sort -committerdate --format %(refname) %(objectname) %(*objectname) [11ms]
[2022-02-09T02:54:02.628Z] > git remote --verbose [2ms]
[2022-02-09T02:54:02.655Z] > git config --get commit.template [2ms]
[2022-02-09T02:54:07.686Z] > git symbolic-ref --short HEAD [2ms]
[2022-02-09T02:54:07.695Z] > git for-each-ref --format=%(refname)%00%(upstream:short)%00%(objectname)%00%(upstream:track) refs/heads/master refs/remotes/master [1ms]
[2022-02-09T02:54:07.713Z] > git for-each-ref --sort -committerdate --format %(refname) %(objectname) %(*objectname) [9ms]
[2022-02-09T02:54:07.714Z] > git remote --verbose [2ms]
[2022-02-09T02:54:07.742Z] > git config --get commit.template [1ms]
[2022-02-09T02:54:12.776Z] > git symbolic-ref --short HEAD [1ms]
[2022-02-09T02:54:12.786Z] > git for-each-ref --format=%(refname)%00%(upstream:short)%00%(objectname)%00%(upstream:track) refs/heads/master refs/remotes/master [2ms]
[2022-02-09T02:54:12.804Z] > git remote --verbose [2ms]
[2022-02-09T02:54:12.804Z] > git for-each-ref --sort -committerdate --format %(refname) %(objectname) %(*objectname) [9ms]
[2022-02-09T02:54:12.833Z] > git config --get commit.template [2ms]
[2022-02-09T03:17:13.585Z] > git symbolic-ref --short HEAD [2ms]
[2022-02-09T03:17:13.597Z] > git for-each-ref --format=%(refname)%00%(upstream:short)%00%(objectname)%00%(upstream:track) refs/heads/master refs/remotes/master [2ms]
[2022-02-09T03:17:13.618Z] > git for-each-ref --sort -committerdate --format %(refname) %(objectname) %(*objectname) [12ms]
[2022-02-09T03:17:13.619Z] > git remote --verbose [2ms]
[2022-02-09T03:17:13.646Z] > git config --get commit.template [1ms]
[2022-02-09T03:17:18.681Z] > git symbolic-ref --short HEAD [1ms]
[2022-02-09T03:17:18.692Z] > git for-each-ref --format=%(refname)%00%(upstream:short)%00%(objectname)%00%(upstream:track) refs/heads/master refs/remotes/master [2ms]
[2022-02-09T03:17:18.711Z] > git for-each-ref --sort -committerdate --format %(refname) %(objectname) %(*objectname) [11ms]
[2022-02-09T03:17:18.712Z] > git remote --verbose [2ms]
[2022-02-09T03:17:18.742Z] > git config --get commit.template [2ms]
[2022-02-09T03:17:23.773Z] > git symbolic-ref --short HEAD [2ms]
[2022-02-09T03:17:23.781Z] > git for-each-ref --format=%(refname)%00%(upstream:short)%00%(objectname)%00%(upstream:track) refs/heads/master refs/remotes/master [1ms]
[2022-02-09T03:17:23.798Z] > git for-each-ref --sort -committerdate --format %(refname) %(objectname) %(*objectname) [9ms]
[2022-02-09T03:17:23.799Z] > git remote --verbose [1ms]
[2022-02-09T03:17:23.825Z] > git config --get commit.template [1ms]
[2022-02-09T03:17:28.857Z] > git symbolic-ref --short HEAD [2ms]
[2022-02-09T03:17:28.870Z] > git for-each-ref --format=%(refname)%00%(upstream:short)%00%(objectname)%00%(upstream:track) refs/heads/master refs/remotes/master [3ms]
[2022-02-09T03:17:28.888Z] > git for-each-ref --sort -committerdate --format %(refname) %(objectname) %(*objectname) [10ms]
[2022-02-09T03:17:28.889Z] > git remote --verbose [2ms]
[2022-02-09T03:17:28.914Z] > git config --get commit.template [2ms]
[2022-02-09T03:17:33.949Z] > git symbolic-ref --short HEAD [2ms]
[2022-02-09T03:17:33.958Z] > git for-each-ref --format=%(refname)%00%(upstream:short)%00%(objectname)%00%(upstream:track) refs/heads/master refs/remotes/master [2ms]
[2022-02-09T03:17:33.975Z] > git remote --verbose [2ms]
[2022-02-09T03:17:33.975Z] > git for-each-ref --sort -committerdate --format %(refname) %(objectname) %(*objectname) [8ms]
[2022-02-09T03:17:33.999Z] > git config --get commit.template [1ms]
[2022-02-09T03:26:28.084Z] > git symbolic-ref --short HEAD [2ms]
[2022-02-09T03:26:28.095Z] > git for-each-ref --format=%(refname)%00%(upstream:short)%00%(objectname)%00%(upstream:track) refs/heads/master refs/remotes/master [2ms]
[2022-02-09T03:26:28.113Z] > git for-each-ref --sort -committerdate --format %(refname) %(objectname) %(*objectname) [10ms]
[2022-02-09T03:26:28.114Z] > git remote --verbose [2ms]
[2022-02-09T03:26:28.143Z] > git config --get commit.template [2ms]
[2022-02-09T03:26:33.182Z] > git symbolic-ref --short HEAD [2ms]
[2022-02-09T03:26:33.191Z] > git for-each-ref --format=%(refname)%00%(upstream:short)%00%(objectname)%00%(upstream:track) refs/heads/master refs/remotes/master [2ms]
[2022-02-09T03:26:33.209Z] > git for-each-ref --sort -committerdate --format %(refname) %(objectname) %(*objectname) [10ms]
[2022-02-09T03:26:33.210Z] > git remote --verbose [3ms]
[2022-02-09T03:26:33.251Z] > git config --get commit.template [13ms]
[2022-02-09T03:26:38.283Z] > git symbolic-ref --short HEAD [2ms]
[2022-02-09T03:26:38.295Z] > git for-each-ref --format=%(refname)%00%(upstream:short)%00%(objectname)%00%(upstream:track) refs/heads/master refs/remotes/master [3ms]
[2022-02-09T03:26:38.315Z] > git for-each-ref --sort -committerdate --format %(refname) %(objectname) %(*objectname) [11ms]
[2022-02-09T03:26:38.316Z] > git remote --verbose [2ms]
[2022-02-09T03:26:38.357Z] > git config --get commit.template [12ms]
[2022-02-09T03:26:43.391Z] > git symbolic-ref --short HEAD [1ms]
[2022-02-09T03:26:43.403Z] > git for-each-ref --format=%(refname)%00%(upstream:short)%00%(objectname)%00%(upstream:track) refs/heads/master refs/remotes/master [2ms]
[2022-02-09T03:26:43.423Z] > git for-each-ref --sort -committerdate --format %(refname) %(objectname) %(*objectname) [10ms]
[2022-02-09T03:26:43.424Z] > git remote --verbose [2ms]
[2022-02-09T03:26:43.447Z] > git config --get commit.template [1ms]
[2022-02-09T03:26:48.480Z] > git symbolic-ref --short HEAD [2ms]
[2022-02-09T03:26:48.490Z] > git for-each-ref --format=%(refname)%00%(upstream:short)%00%(objectname)%00%(upstream:track) refs/heads/master refs/remotes/master [1ms]
[2022-02-09T03:26:48.509Z] > git remote --verbose [2ms]
[2022-02-09T03:26:48.509Z] > git for-each-ref --sort -committerdate --format %(refname) %(objectname) %(*objectname) [10ms]
[2022-02-09T03:26:48.534Z] > git config --get commit.template [2ms]
[2022-02-09T03:26:53.571Z] > git symbolic-ref --short HEAD [2ms]
[2022-02-09T03:26:53.581Z] > git for-each-ref --format=%(refname)%00%(upstream:short)%00%(objectname)%00%(upstream:track) refs/heads/master refs/remotes/master [2ms]
[2022-02-09T03:26:53.599Z] > git remote --verbose [2ms]
[2022-02-09T03:26:53.599Z] > git for-each-ref --sort -committerdate --format %(refname) %(objectname) %(*objectname) [9ms]
[2022-02-09T03:26:53.625Z] > git config --get commit.template [1ms]
[2022-02-09T03:26:58.657Z] > git symbolic-ref --short HEAD [1ms]
[2022-02-09T03:26:58.665Z] > git for-each-ref --format=%(refname)%00%(upstream:short)%00%(objectname)%00%(upstream:track) refs/heads/master refs/remotes/master [1ms]
[2022-02-09T03:26:58.683Z] > git for-each-ref --sort -committerdate --format %(refname) %(objectname) %(*objectname) [9ms]
[2022-02-09T03:26:58.683Z] > git remote --verbose [2ms]
[2022-02-09T03:26:58.711Z] > git config --get commit.template [2ms]
[2022-02-09T03:27:03.743Z] > git symbolic-ref --short HEAD [2ms]
[2022-02-09T03:27:03.754Z] > git for-each-ref --format=%(refname)%00%(upstream:short)%00%(objectname)%00%(upstream:track) refs/heads/master refs/remotes/master [2ms]
[2022-02-09T03:27:03.774Z] > git for-each-ref --sort -committerdate --format %(refname) %(objectname) %(*objectname) [10ms]
[2022-02-09T03:27:03.774Z] > git remote --verbose [2ms]
[2022-02-09T03:27:03.801Z] > git config --get commit.template [2ms]
[2022-02-09T03:27:08.838Z] > git symbolic-ref --short HEAD [3ms]
[2022-02-09T03:27:08.846Z] > git for-each-ref --format=%(refname)%00%(upstream:short)%00%(objectname)%00%(upstream:track) refs/heads/master refs/remotes/master [1ms]
[2022-02-09T03:27:08.864Z] > git for-each-ref --sort -committerdate --format %(refname) %(objectname) %(*objectname) [9ms]
[2022-02-09T03:27:08.865Z] > git remote --verbose [2ms]
[2022-02-09T03:27:08.896Z] > git config --get commit.template [2ms]
[2022-02-09T03:27:13.931Z] > git symbolic-ref --short HEAD [2ms]
[2022-02-09T03:27:13.942Z] > git for-each-ref --format=%(refname)%00%(upstream:short)%00%(objectname)%00%(upstream:track) refs/heads/master refs/remotes/master [2ms]
[2022-02-09T03:27:13.959Z] > git for-each-ref --sort -committerdate --format %(refname) %(objectname) %(*objectname) [10ms]
[2022-02-09T03:27:13.959Z] > git remote --verbose [1ms]
[2022-02-09T03:27:13.989Z] > git config --get commit.template [2ms]
[2022-02-09T03:27:19.024Z] > git symbolic-ref --short HEAD [2ms]
[2022-02-09T03:27:19.032Z] > git for-each-ref --format=%(refname)%00%(upstream:short)%00%(objectname)%00%(upstream:track) refs/heads/master refs/remotes/master [1ms]
[2022-02-09T03:27:19.050Z] > git for-each-ref --sort -committerdate --format %(refname) %(objectname) %(*objectname) [10ms]
[2022-02-09T03:27:19.051Z] > git remote --verbose [2ms]
[2022-02-09T03:27:19.079Z] > git config --get commit.template [1ms]
[2022-02-09T03:27:24.116Z] > git symbolic-ref --short HEAD [1ms]
[2022-02-09T03:27:24.128Z] > git for-each-ref --format=%(refname)%00%(upstream:short)%00%(objectname)%00%(upstream:track) refs/heads/master refs/remotes/master [3ms]
[2022-02-09T03:27:24.147Z] > git for-each-ref --sort -committerdate --format %(refname) %(objectname) %(*objectname) [11ms]
[2022-02-09T03:27:24.148Z] > git remote --verbose [2ms]
[2022-02-09T03:27:24.196Z] > git config --get commit.template [13ms]
[2022-02-09T03:27:29.229Z] > git symbolic-ref --short HEAD [2ms]
[2022-02-09T03:27:29.241Z] > git for-each-ref --format=%(refname)%00%(upstream:short)%00%(objectname)%00%(upstream:track) refs/heads/master refs/remotes/master [2ms]
[2022-02-09T03:27:29.261Z] > git for-each-ref --sort -committerdate --format %(refname) %(objectname) %(*objectname) [11ms]
[2022-02-09T03:27:29.261Z] > git remote --verbose [1ms]
[2022-02-09T03:27:29.285Z] > git config --get commit.template [2ms]
[2022-02-09T03:27:34.319Z] > git symbolic-ref --short HEAD [2ms]
[2022-02-09T03:27:34.330Z] > git for-each-ref --format=%(refname)%00%(upstream:short)%00%(objectname)%00%(upstream:track) refs/heads/master refs/remotes/master [2ms]
[2022-02-09T03:27:34.347Z] > git for-each-ref --sort -committerdate --format %(refname) %(objectname) %(*objectname) [10ms]
[2022-02-09T03:27:34.347Z] > git remote --verbose [1ms]
[2022-02-09T03:27:34.377Z] > git config --get commit.template [2ms]
[2022-02-09T03:27:39.406Z] > git symbolic-ref --short HEAD [2ms]
[2022-02-09T03:27:39.419Z] > git for-each-ref --format=%(refname)%00%(upstream:short)%00%(objectname)%00%(upstream:track) refs/heads/master refs/remotes/master [2ms]
[2022-02-09T03:27:39.439Z] > git for-each-ref --sort -committerdate --format %(refname) %(objectname) %(*objectname) [11ms]
[2022-02-09T03:27:39.442Z] > git remote --verbose [4ms]
[2022-02-09T03:27:39.469Z] > git config --get commit.template [3ms]
[2022-02-09T03:27:44.502Z] > git symbolic-ref --short HEAD [2ms]
[2022-02-09T03:27:44.511Z] > git for-each-ref --format=%(refname)%00%(upstream:short)%00%(objectname)%00%(upstream:track) refs/heads/master refs/remotes/master [1ms]
[2022-02-09T03:27:44.529Z] > git for-each-ref --sort -committerdate --format %(refname) %(objectname) %(*objectname) [10ms]
[2022-02-09T03:27:44.530Z] > git remote --verbose [2ms]
[2022-02-09T03:27:44.556Z] > git config --get commit.template [2ms]
[2022-02-09T03:35:29.321Z] > git symbolic-ref --short HEAD [2ms]
[2022-02-09T03:35:29.329Z] > git for-each-ref --format=%(refname)%00%(upstream:short)%00%(objectname)%00%(upstream:track) refs/heads/master refs/remotes/master [1ms]
[2022-02-09T03:35:29.348Z] > git for-each-ref --sort -committerdate --format %(refname) %(objectname) %(*objectname) [11ms]
[2022-02-09T03:35:29.349Z] > git remote --verbose [2ms]
[2022-02-09T03:35:29.373Z] > git config --get commit.template [1ms]
[2022-02-09T03:35:34.410Z] > git symbolic-ref --short HEAD [3ms]
[2022-02-09T03:35:34.419Z] > git for-each-ref --format=%(refname)%00%(upstream:short)%00%(objectname)%00%(upstream:track) refs/heads/master refs/remotes/master [2ms]
[2022-02-09T03:35:34.439Z] > git for-each-ref --sort -committerdate --format %(refname) %(objectname) %(*objectname) [11ms]
[2022-02-09T03:35:34.439Z] > git remote --verbose [2ms]
[2022-02-09T03:35:34.485Z] > git config --get commit.template [13ms]
[2022-02-09T03:38:40.912Z] > git symbolic-ref --short HEAD [2ms]
[2022-02-09T03:38:40.924Z] > git for-each-ref --format=%(refname)%00%(upstream:short)%00%(objectname)%00%(upstream:track) refs/heads/master refs/remotes/master [2ms]
[2022-02-09T03:38:40.941Z] > git remote --verbose [1ms]
[2022-02-09T03:38:40.942Z] > git for-each-ref --sort -committerdate --format %(refname) %(objectname) %(*objectname) [9ms]
[2022-02-09T03:38:40.971Z] > git config --get commit.template [2ms]
[2022-02-09T03:38:46.005Z] > git symbolic-ref --short HEAD [2ms]
[2022-02-09T03:38:46.017Z] > git for-each-ref --format=%(refname)%00%(upstream:short)%00%(objectname)%00%(upstream:track) refs/heads/master refs/remotes/master [2ms]
[2022-02-09T03:38:46.037Z] > git for-each-ref --sort -committerdate --format %(refname) %(objectname) %(*objectname) [10ms]
[2022-02-09T03:38:46.038Z] > git remote --verbose [2ms]
[2022-02-09T03:38:46.066Z] > git config --get commit.template [2ms]
[2022-02-09T03:38:51.099Z] > git symbolic-ref --short HEAD [2ms]
[2022-02-09T03:38:51.110Z] > git for-each-ref --format=%(refname)%00%(upstream:short)%00%(objectname)%00%(upstream:track) refs/heads/master refs/remotes/master [2ms]
[2022-02-09T03:38:51.130Z] > git remote --verbose [2ms]
[2022-02-09T03:38:51.130Z] > git for-each-ref --sort -committerdate --format %(refname) %(objectname) %(*objectname) [10ms]
[2022-02-09T03:38:51.160Z] > git config --get commit.template [2ms]
[2022-02-09T03:38:56.197Z] > git symbolic-ref --short HEAD [2ms]
[2022-02-09T03:38:56.207Z] > git for-each-ref --format=%(refname)%00%(upstream:short)%00%(objectname)%00%(upstream:track) refs/heads/master refs/remotes/master [1ms]
[2022-02-09T03:38:56.226Z] > git for-each-ref --sort -committerdate --format %(refname) %(objectname) %(*objectname) [10ms]
[2022-02-09T03:38:56.226Z] > git remote --verbose [1ms]
[2022-02-09T03:38:56.257Z] > git config --get commit.template [2ms]
[2022-02-09T03:39:01.290Z] > git symbolic-ref --short HEAD [1ms]
[2022-02-09T03:39:01.302Z] > git for-each-ref --format=%(refname)%00%(upstream:short)%00%(objectname)%00%(upstream:track) refs/heads/master refs/remotes/master [2ms]
[2022-02-09T03:39:01.323Z] > git for-each-ref --sort -committerdate --format %(refname) %(objectname) %(*objectname) [11ms]
[2022-02-09T03:39:01.323Z] > git remote --verbose [2ms]
[2022-02-09T03:39:01.352Z] > git config --get commit.template [2ms]
[2022-02-09T03:39:06.383Z] > git symbolic-ref --short HEAD [1ms]
[2022-02-09T03:39:06.394Z] > git for-each-ref --format=%(refname)%00%(upstream:short)%00%(objectname)%00%(upstream:track) refs/heads/master refs/remotes/master [2ms]
[2022-02-09T03:39:06.414Z] > git for-each-ref --sort -committerdate --format %(refname) %(objectname) %(*objectname) [11ms]
[2022-02-09T03:39:06.415Z] > git remote --verbose [2ms]
[2022-02-09T03:39:06.443Z] > git config --get commit.template [2ms]
[2022-02-09T03:39:11.477Z] > git symbolic-ref --short HEAD [1ms]
[2022-02-09T03:39:11.490Z] > git for-each-ref --format=%(refname)%00%(upstream:short)%00%(objectname)%00%(upstream:track) refs/heads/master refs/remotes/master [2ms]
[2022-02-09T03:39:11.510Z] > git remote --verbose [2ms]
[2022-02-09T03:39:11.510Z] > git for-each-ref --sort -committerdate --format %(refname) %(objectname) %(*objectname) [9ms]
[2022-02-09T03:39:11.534Z] > git config --get commit.template [2ms]
[2022-02-09T03:39:16.569Z] > git symbolic-ref --short HEAD [1ms]
[2022-02-09T03:39:16.580Z] > git for-each-ref --format=%(refname)%00%(upstream:short)%00%(objectname)%00%(upstream:track) refs/heads/master refs/remotes/master [2ms]
[2022-02-09T03:39:16.600Z] > git for-each-ref --sort -committerdate --format %(refname) %(objectname) %(*objectname) [11ms]
[2022-02-09T03:39:16.601Z] > git remote --verbose [2ms]
[2022-02-09T03:39:16.631Z] > git config --get commit.template [2ms]
[2022-02-09T03:39:21.665Z] > git symbolic-ref --short HEAD [1ms]
[2022-02-09T03:39:21.676Z] > git for-each-ref --format=%(refname)%00%(upstream:short)%00%(objectname)%00%(upstream:track) refs/heads/master refs/remotes/master [2ms]
[2022-02-09T03:39:21.696Z] > git for-each-ref --sort -committerdate --format %(refname) %(objectname) %(*objectname) [10ms]
[2022-02-09T03:39:21.696Z] > git remote --verbose [1ms]
[2022-02-09T03:39:21.725Z] > git config --get commit.template [2ms]
[2022-02-09T03:39:26.225Z] > git ls-files --stage -- /home/felipe/Documentos/react/media-time-calculator/src/components/ButtonCalcular.jsx [5ms]
[2022-02-09T03:39:26.760Z] > git symbolic-ref --short HEAD [1ms]
[2022-02-09T03:39:26.771Z] > git for-each-ref --format=%(refname)%00%(upstream:short)%00%(objectname)%00%(upstream:track) refs/heads/master refs/remotes/master [1ms]
[2022-02-09T03:39:26.793Z] > git for-each-ref --sort -committerdate --format %(refname) %(objectname) %(*objectname) [12ms]
[2022-02-09T03:39:26.794Z] > git remote --verbose [2ms]
[2022-02-09T03:39:26.820Z] > git config --get commit.template [1ms]
[2022-02-09T03:39:27.301Z] > git ls-files --stage -- /home/felipe/Documentos/react/media-time-calculator/src/components/ButtonAddForm.jsx [1ms]
[2022-02-09T03:39:31.849Z] > git symbolic-ref --short HEAD [1ms]
[2022-02-09T03:39:31.861Z] > git for-each-ref --format=%(refname)%00%(upstream:short)%00%(objectname)%00%(upstream:track) refs/heads/master refs/remotes/master [3ms]
[2022-02-09T03:39:31.880Z] > git for-each-ref --sort -committerdate --format %(refname) %(objectname) %(*objectname) [10ms]
[2022-02-09T03:39:31.880Z] > git remote --verbose [1ms]
[2022-02-09T03:39:31.911Z] > git config --get commit.template [2ms]
[2022-02-09T03:39:36.945Z] > git symbolic-ref --short HEAD [2ms]
[2022-02-09T03:39:36.958Z] > git for-each-ref --format=%(refname)%00%(upstream:short)%00%(objectname)%00%(upstream:track) refs/heads/master refs/remotes/master [3ms]
[2022-02-09T03:39:36.979Z] > git for-each-ref --sort -committerdate --format %(refname) %(objectname) %(*objectname) [11ms]
[2022-02-09T03:39:36.979Z] > git remote --verbose [1ms]
[2022-02-09T03:39:37.012Z] > git config --get commit.template [2ms]
[2022-02-09T03:39:46.508Z] > git symbolic-ref --short HEAD [2ms]
[2022-02-09T03:39:46.520Z] > git for-each-ref --format=%(refname)%00%(upstream:short)%00%(objectname)%00%(upstream:track) refs/heads/master refs/remotes/master [2ms]
[2022-02-09T03:39:46.539Z] > git for-each-ref --sort -committerdate --format %(refname) %(objectname) %(*objectname) [10ms]
[2022-02-09T03:39:46.540Z] > git remote --verbose [2ms]
[2022-02-09T03:39:46.566Z] > git config --get commit.template [1ms]
[2022-02-09T03:39:51.600Z] > git symbolic-ref --short HEAD [2ms]
[2022-02-09T03:39:51.608Z] > git for-each-ref --format=%(refname)%00%(upstream:short)%00%(objectname)%00%(upstream:track) refs/heads/master refs/remotes/master [1ms]
[2022-02-09T03:39:51.630Z] > git for-each-ref --sort -committerdate --format %(refname) %(objectname) %(*objectname) [11ms]
[2022-02-09T03:39:51.631Z] > git remote --verbose [2ms]
[2022-02-09T03:39:51.656Z] > git config --get commit.template [2ms]
[2022-02-09T03:39:56.696Z] > git symbolic-ref --short HEAD [3ms]
[2022-02-09T03:39:56.709Z] > git for-each-ref --format=%(refname)%00%(upstream:short)%00%(objectname)%00%(upstream:track) refs/heads/master refs/remotes/master [3ms]
[2022-02-09T03:39:56.728Z] > git for-each-ref --sort -committerdate --format %(refname) %(objectname) %(*objectname) [10ms]
[2022-02-09T03:39:56.730Z] > git remote --verbose [3ms]
[2022-02-09T03:39:56.764Z] > git config --get commit.template [5ms]
[2022-02-09T03:39:59.954Z] > git ls-files --stage -- /home/felipe/Documentos/react/media-time-calculator/src/components/ButtonCalcular.jsx [1ms]
[2022-02-09T03:40:01.802Z] > git symbolic-ref --short HEAD [2ms]
[2022-02-09T03:40:01.814Z] > git for-each-ref --format=%(refname)%00%(upstream:short)%00%(objectname)%00%(upstream:track) refs/heads/master refs/remotes/master [2ms]
[2022-02-09T03:40:01.832Z] > git for-each-ref --sort -committerdate --format %(refname) %(objectname) %(*objectname) [10ms]
[2022-02-09T03:40:01.833Z] > git remote --verbose [1ms]
[2022-02-09T03:40:01.862Z] > git config --get commit.template [2ms]
[2022-02-09T03:40:06.214Z] > git ls-files --stage -- /home/felipe/Documentos/react/media-time-calculator/src/components/ContainerForm.jsx [4ms]
[2022-02-09T03:40:06.894Z] > git symbolic-ref --short HEAD [1ms]
[2022-02-09T03:40:06.903Z] > git for-each-ref --format=%(refname)%00%(upstream:short)%00%(objectname)%00%(upstream:track) refs/heads/master refs/remotes/master [1ms]
[2022-02-09T03:40:06.921Z] > git remote --verbose [1ms]
[2022-02-09T03:40:06.921Z] > git for-each-ref --sort -committerdate --format %(refname) %(objectname) %(*objectname) [9ms]
[2022-02-09T03:40:06.957Z] > git config --get commit.template [2ms]
[2022-02-09T03:40:11.990Z] > git symbolic-ref --short HEAD [2ms]
[2022-02-09T03:40:12.003Z] > git for-each-ref --format=%(refname)%00%(upstream:short)%00%(objectname)%00%(upstream:track) refs/heads/master refs/remotes/master [2ms]
[2022-02-09T03:40:12.023Z] > git for-each-ref --sort -committerdate --format %(refname) %(objectname) %(*objectname) [11ms]
[2022-02-09T03:40:12.024Z] > git remote --verbose [3ms]
[2022-02-09T03:40:12.060Z] > git config --get commit.template [7ms]
[2022-02-09T03:40:12.549Z] > git ls-files --stage -- /home/felipe/Documentos/react/media-time-calculator/src/components/ContainerFull.jsx [2ms]
[2022-02-09T03:40:17.096Z] > git symbolic-ref --short HEAD [3ms]
[2022-02-09T03:40:17.108Z] > git for-each-ref --format=%(refname)%00%(upstream:short)%00%(objectname)%00%(upstream:track) refs/heads/master refs/remotes/master [3ms]
[2022-02-09T03:40:17.128Z] > git for-each-ref --sort -committerdate --format %(refname) %(objectname) %(*objectname) [11ms]
[2022-02-09T03:40:17.129Z] > git remote --verbose [2ms]
[2022-02-09T03:40:17.156Z] > git config --get commit.template [2ms]
[2022-02-09T03:40:19.143Z] > git ls-files --stage -- /home/felipe/Documentos/react/media-time-calculator/src/components/Inputs.jsx [2ms]
[2022-02-09T03:40:22.192Z] > git symbolic-ref --short HEAD [2ms]
[2022-02-09T03:40:22.205Z] > git for-each-ref --format=%(refname)%00%(upstream:short)%00%(objectname)%00%(upstream:track) refs/heads/master refs/remotes/master [2ms]
[2022-02-09T03:40:22.224Z] > git for-each-ref --sort -committerdate --format %(refname) %(objectname) %(*objectname) [10ms]
[2022-02-09T03:40:22.225Z] > git remote --verbose [2ms]
[2022-02-09T03:40:22.254Z] > git config --get commit.template [3ms]
[2022-02-09T03:40:26.079Z] > git ls-files --stage -- /home/felipe/Documentos/react/media-time-calculator/src/App.jsx [1ms]
[2022-02-09T03:40:27.292Z] > git symbolic-ref --short HEAD [2ms]
[2022-02-09T03:40:27.306Z] > git for-each-ref --format=%(refname)%00%(upstream:short)%00%(objectname)%00%(upstream:track) refs/heads/master refs/remotes/master [2ms]
[2022-02-09T03:40:27.326Z] > git for-each-ref --sort -committerdate --format %(refname) %(objectname) %(*objectname) [10ms]
[2022-02-09T03:40:27.327Z] > git remote --verbose [2ms]
[2022-02-09T03:40:27.356Z] > git config --get commit.template [4ms]
[2022-02-09T03:40:32.389Z] > git symbolic-ref --short HEAD [1ms]
[2022-02-09T03:40:32.400Z] > git for-each-ref --format=%(refname)%00%(upstream:short)%00%(objectname)%00%(upstream:track) refs/heads/master refs/remotes/master [2ms]
[2022-02-09T03:40:32.417Z] > git for-each-ref --sort -committerdate --format %(refname) %(objectname) %(*objectname) [8ms]
[2022-02-09T03:40:32.417Z] > git remote --verbose [1ms]
[2022-02-09T03:40:32.441Z] > git config --get commit.template [1ms]
[2022-02-09T03:40:40.318Z] > git symbolic-ref --short HEAD [1ms]
[2022-02-09T03:40:40.331Z] > git for-each-ref --format=%(refname)%00%(upstream:short)%00%(objectname)%00%(upstream:track) refs/heads/master refs/remotes/master [2ms]
[2022-02-09T03:40:40.351Z] > git for-each-ref --sort -committerdate --format %(refname) %(objectname) %(*objectname) [12ms]
[2022-02-09T03:40:40.351Z] > git remote --verbose [1ms]
[2022-02-09T03:40:40.381Z] > git config --get commit.template [1ms]
[2022-02-09T03:40:45.415Z] > git symbolic-ref --short HEAD [2ms]
[2022-02-09T03:40:45.426Z] > git for-each-ref --format=%(refname)%00%(upstream:short)%00%(objectname)%00%(upstream:track) refs/heads/master refs/remotes/master [2ms]
[2022-02-09T03:40:45.445Z] > git for-each-ref --sort -committerdate --format %(refname) %(objectname) %(*objectname) [10ms]
[2022-02-09T03:40:45.446Z] > git remote --verbose [1ms]
[2022-02-09T03:40:45.472Z] > git config --get commit.template [2ms]
[2022-02-09T03:40:47.910Z] > git ls-files --stage -- /home/felipe/Documentos/react/media-time-calculator/src/components/ContainerForm.jsx [5ms]
[2022-02-09T03:40:50.507Z] > git symbolic-ref --short HEAD [3ms]
[2022-02-09T03:40:50.516Z] > git for-each-ref --format=%(refname)%00%(upstream:short)%00%(objectname)%00%(upstream:track) refs/heads/master refs/remotes/master [1ms]
[2022-02-09T03:40:50.533Z] > git remote --verbose [1ms]
[2022-02-09T03:40:50.534Z] > git for-each-ref --sort -committerdate --format %(refname) %(objectname) %(*objectname) [9ms]
[2022-02-09T03:40:50.560Z] > git config --get commit.template [1ms]
[2022-02-09T03:40:55.594Z] > git symbolic-ref --short HEAD [2ms]
[2022-02-09T03:40:55.602Z] > git for-each-ref --format=%(refname)%00%(upstream:short)%00%(objectname)%00%(upstream:track) refs/heads/master refs/remotes/master [1ms]
[2022-02-09T03:40:55.623Z] > git for-each-ref --sort -committerdate --format %(refname) %(objectname) %(*objectname) [11ms]
[2022-02-09T03:40:55.624Z] > git remote --verbose [2ms]
[2022-02-09T03:40:55.649Z] > git config --get commit.template [2ms]
[2022-02-09T03:41:00.680Z] > git symbolic-ref --short HEAD [1ms]
[2022-02-09T03:41:00.691Z] > git for-each-ref --format=%(refname)%00%(upstream:short)%00%(objectname)%00%(upstream:track) refs/heads/master refs/remotes/master [1ms]
[2022-02-09T03:41:00.710Z] > git for-each-ref --sort -committerdate --format %(refname) %(objectname) %(*objectname) [11ms]
[2022-02-09T03:41:00.710Z] > git remote --verbose [1ms]
[2022-02-09T03:41:00.739Z] > git config --get commit.template [2ms]
[2022-02-09T03:41:05.774Z] > git symbolic-ref --short HEAD [2ms]
[2022-02-09T03:41:05.785Z] > git for-each-ref --format=%(refname)%00%(upstream:short)%00%(objectname)%00%(upstream:track) refs/heads/master refs/remotes/master [1ms]
[2022-02-09T03:41:05.803Z] > git for-each-ref --sort -committerdate --format %(refname) %(objectname) %(*objectname) [10ms]
[2022-02-09T03:41:05.804Z] > git remote --verbose [1ms]
[2022-02-09T03:41:05.830Z] > git config --get commit.template [2ms]
[2022-02-09T03:41:10.864Z] > git symbolic-ref --short HEAD [2ms]
[2022-02-09T03:41:10.872Z] > git for-each-ref --format=%(refname)%00%(upstream:short)%00%(objectname)%00%(upstream:track) refs/heads/master refs/remotes/master [1ms]
[2022-02-09T03:41:10.892Z] > git for-each-ref --sort -committerdate --format %(refname) %(objectname) %(*objectname) [11ms]
[2022-02-09T03:41:10.893Z] > git remote --verbose [2ms]
[2022-02-09T03:41:10.922Z] > git config --get commit.template [4ms]
[2022-02-09T03:41:15.958Z] > git symbolic-ref --short HEAD [2ms]
[2022-02-09T03:41:15.970Z] > git for-each-ref --format=%(refname)%00%(upstream:short)%00%(objectname)%00%(upstream:track) refs/heads/master refs/remotes/master [3ms]
[2022-02-09T03:41:15.989Z] > git for-each-ref --sort -committerdate --format %(refname) %(objectname) %(*objectname) [12ms]
[2022-02-09T03:41:15.989Z] > git remote --verbose [1ms]
[2022-02-09T03:41:16.016Z] > git config --get commit.template [2ms]
[2022-02-09T03:42:57.481Z] > git symbolic-ref --short HEAD [2ms]
[2022-02-09T03:42:57.493Z] > git for-each-ref --format=%(refname)%00%(upstream:short)%00%(objectname)%00%(upstream:track) refs/heads/master refs/remotes/master [2ms]
[2022-02-09T03:42:57.514Z] > git for-each-ref --sort -committerdate --format %(refname) %(objectname) %(*objectname) [12ms]
[2022-02-09T03:42:57.515Z] > git remote --verbose [2ms]
[2022-02-09T03:42:57.542Z] > git config --get commit.template [2ms]
[2022-02-09T03:43:02.421Z] > git ls-files --stage -- /home/felipe/Documentos/react/media-time-calculator/src/components/ButtonCalcular.jsx [5ms]
[2022-02-09T03:43:02.573Z] > git symbolic-ref --short HEAD [2ms]
[2022-02-09T03:43:02.583Z] > git for-each-ref --format=%(refname)%00%(upstream:short)%00%(objectname)%00%(upstream:track) refs/heads/master refs/remotes/master [2ms]
[2022-02-09T03:43:02.600Z] > git remote --verbose [1ms]
[2022-02-09T03:43:02.600Z] > git for-each-ref --sort -committerdate --format %(refname) %(objectname) %(*objectname) [8ms]
[2022-02-09T03:43:02.627Z] > git config --get commit.template [1ms]
[2022-02-09T03:43:06.320Z] > git ls-files --stage -- /home/felipe/Documentos/react/media-time-calculator/src/utils/getTimeDifference.js [3ms]
[2022-02-09T03:43:07.550Z] > git ls-files --stage -- /home/felipe/Documentos/react/media-time-calculator/src/utils/getMedia.js [3ms]
[2022-02-09T03:43:07.664Z] > git symbolic-ref --short HEAD [3ms]
[2022-02-09T03:43:07.676Z] > git for-each-ref --format=%(refname)%00%(upstream:short)%00%(objectname)%00%(upstream:track) refs/heads/master refs/remotes/master [2ms]
[2022-02-09T03:43:07.696Z] > git for-each-ref --sort -committerdate --format %(refname) %(objectname) %(*objectname) [10ms]
[2022-02-09T03:43:07.697Z] > git remote --verbose [2ms]
[2022-02-09T03:43:07.724Z] > git config --get commit.template [3ms]
[2022-02-09T03:43:08.727Z] > git ls-files --stage -- /home/felipe/Documentos/react/media-time-calculator/src/utils/getTimeDifference.js [2ms]
[2022-02-09T03:43:11.460Z] > git ls-files --stage -- /home/felipe/Documentos/react/media-time-calculator/src/components/ResponseBox.jsx [1ms]
[2022-02-09T03:43:12.759Z] > git symbolic-ref --short HEAD [2ms]
[2022-02-09T03:43:12.772Z] > git for-each-ref --format=%(refname)%00%(upstream:short)%00%(objectname)%00%(upstream:track) refs/heads/master refs/remotes/master [1ms]
[2022-02-09T03:43:12.792Z] > git for-each-ref --sort -committerdate --format %(refname) %(objectname) %(*objectname) [10ms]
[2022-02-09T03:43:12.793Z] > git remote --verbose [2ms]
[2022-02-09T03:43:12.822Z] > git config --get commit.template [2ms]
[2022-02-09T03:43:17.856Z] > git symbolic-ref --short HEAD [1ms]
[2022-02-09T03:43:17.870Z] > git for-each-ref --format=%(refname)%00%(upstream:short)%00%(objectname)%00%(upstream:track) refs/heads/master refs/remotes/master [3ms]
[2022-02-09T03:43:17.889Z] > git for-each-ref --sort -committerdate --format %(refname) %(objectname) %(*objectname) [10ms]
[2022-02-09T03:43:17.890Z] > git remote --verbose [2ms]
[2022-02-09T03:43:17.938Z] > git config --get commit.template [12ms]
[2022-02-09T03:43:22.970Z] > git symbolic-ref --short HEAD [2ms]
[2022-02-09T03:43:22.979Z] > git for-each-ref --format=%(refname)%00%(upstream:short)%00%(objectname)%00%(upstream:track) refs/heads/master refs/remotes/master [0ms]
[2022-02-09T03:43:22.997Z] > git for-each-ref --sort -committerdate --format %(refname) %(objectname) %(*objectname) [9ms]
[2022-02-09T03:43:22.998Z] > git remote --verbose [1ms]
[2022-02-09T03:43:23.026Z] > git config --get commit.template [2ms]
