[2022-02-09T16:14:35.660Z] Validating found git in: git
[2022-02-09T16:14:35.699Z] Using git 2.25.1 from git
[2022-02-09T16:14:35.825Z] > git rev-parse --git-dir [100ms]
[2022-02-09T16:14:35.830Z] Open repository: /home/felipe/Documentos/react/media-time-calculator
[2022-02-09T16:14:35.872Z] > git symbolic-ref --short HEAD [2ms]
[2022-02-09T16:14:35.883Z] > git for-each-ref --format=%(refname)%00%(upstream:short)%00%(objectname)%00%(upstream:track) refs/heads/master refs/remotes/master [3ms]
[2022-02-09T16:14:35.916Z] > git remote --verbose [11ms]
[2022-02-09T16:14:35.917Z] > git for-each-ref --sort -committerdate --format %(refname) %(objectname) %(*objectname) [24ms]
[2022-02-09T16:14:36.454Z] > git config --get commit.template [45ms]
[2022-02-09T16:14:36.566Z] > git ls-files --stage -- /home/felipe/Documentos/react/media-time-calculator/src/components/ResponseBox.jsx [3ms]
[2022-02-09T19:43:23.652Z] > git symbolic-ref --short HEAD [2ms]
[2022-02-09T19:43:23.662Z] > git for-each-ref --format=%(refname)%00%(upstream:short)%00%(objectname)%00%(upstream:track) refs/heads/master refs/remotes/master [2ms]
[2022-02-09T19:43:23.676Z] > git remote --verbose [2ms]
[2022-02-09T19:43:23.676Z] > git for-each-ref --sort -committerdate --format %(refname) %(objectname) %(*objectname) [8ms]
[2022-02-09T19:43:23.712Z] > git config --get commit.template [2ms]
[2022-02-09T19:43:28.696Z] > git ls-files --stage -- /home/felipe/Documentos/react/media-time-calculator/src/components/Inputs.jsx [1ms]
[2022-02-09T19:43:28.749Z] > git symbolic-ref --short HEAD [3ms]
[2022-02-09T19:43:28.761Z] > git for-each-ref --format=%(refname)%00%(upstream:short)%00%(objectname)%00%(upstream:track) refs/heads/master refs/remotes/master [5ms]
[2022-02-09T19:43:28.779Z] > git for-each-ref --sort -committerdate --format %(refname) %(objectname) %(*objectname) [10ms]
[2022-02-09T19:43:28.780Z] > git remote --verbose [2ms]
[2022-02-09T19:43:28.815Z] > git config --get commit.template [2ms]
[2022-02-09T19:43:33.849Z] > git symbolic-ref --short HEAD [1ms]
[2022-02-09T19:43:33.858Z] > git for-each-ref --format=%(refname)%00%(upstream:short)%00%(objectname)%00%(upstream:track) refs/heads/master refs/remotes/master [2ms]
[2022-02-09T19:43:33.874Z] > git for-each-ref --sort -committerdate --format %(refname) %(objectname) %(*objectname) [9ms]
[2022-02-09T19:43:33.875Z] > git remote --verbose [3ms]
[2022-02-09T19:43:33.901Z] > git config --get commit.template [2ms]
[2022-02-09T19:43:38.938Z] > git symbolic-ref --short HEAD [2ms]
[2022-02-09T19:43:38.948Z] > git for-each-ref --format=%(refname)%00%(upstream:short)%00%(objectname)%00%(upstream:track) refs/heads/master refs/remotes/master [2ms]
[2022-02-09T19:43:38.965Z] > git for-each-ref --sort -committerdate --format %(refname) %(objectname) %(*objectname) [9ms]
[2022-02-09T19:43:38.966Z] > git remote --verbose [2ms]
[2022-02-09T19:43:38.997Z] > git config --get commit.template [1ms]
[2022-02-09T19:43:44.033Z] > git symbolic-ref --short HEAD [2ms]
[2022-02-09T19:43:44.042Z] > git for-each-ref --format=%(refname)%00%(upstream:short)%00%(objectname)%00%(upstream:track) refs/heads/master refs/remotes/master [1ms]
[2022-02-09T19:43:44.060Z] > git remote --verbose [1ms]
[2022-02-09T19:43:44.061Z] > git for-each-ref --sort -committerdate --format %(refname) %(objectname) %(*objectname) [9ms]
[2022-02-09T19:43:44.090Z] > git config --get commit.template [2ms]
[2022-02-09T19:50:40.854Z] > git symbolic-ref --short HEAD [1ms]
[2022-02-09T19:50:40.865Z] > git for-each-ref --format=%(refname)%00%(upstream:short)%00%(objectname)%00%(upstream:track) refs/heads/master refs/remotes/master [3ms]
[2022-02-09T19:50:40.886Z] > git for-each-ref --sort -committerdate --format %(refname) %(objectname) %(*objectname) [11ms]
[2022-02-09T19:50:40.886Z] > git remote --verbose [2ms]
[2022-02-09T19:50:40.914Z] > git config --get commit.template [2ms]
[2022-02-09T19:50:45.947Z] > git symbolic-ref --short HEAD [4ms]
[2022-02-09T19:50:45.957Z] > git for-each-ref --format=%(refname)%00%(upstream:short)%00%(objectname)%00%(upstream:track) refs/heads/master refs/remotes/master [2ms]
[2022-02-09T19:50:45.974Z] > git for-each-ref --sort -committerdate --format %(refname) %(objectname) %(*objectname) [10ms]
[2022-02-09T19:50:45.975Z] > git remote --verbose [3ms]
[2022-02-09T19:50:46.012Z] > git config --get commit.template [9ms]
[2022-02-09T19:50:51.046Z] > git symbolic-ref --short HEAD [3ms]
[2022-02-09T19:50:51.057Z] > git for-each-ref --format=%(refname)%00%(upstream:short)%00%(objectname)%00%(upstream:track) refs/heads/master refs/remotes/master [3ms]
[2022-02-09T19:50:51.075Z] > git for-each-ref --sort -committerdate --format %(refname) %(objectname) %(*objectname) [9ms]
[2022-02-09T19:50:51.076Z] > git remote --verbose [3ms]
[2022-02-09T19:50:51.123Z] > git config --get commit.template [14ms]
[2022-02-09T19:50:56.154Z] > git symbolic-ref --short HEAD [2ms]
[2022-02-09T19:50:56.165Z] > git for-each-ref --format=%(refname)%00%(upstream:short)%00%(objectname)%00%(upstream:track) refs/heads/master refs/remotes/master [2ms]
[2022-02-09T19:50:56.184Z] > git for-each-ref --sort -committerdate --format %(refname) %(objectname) %(*objectname) [10ms]
[2022-02-09T19:50:56.185Z] > git remote --verbose [2ms]
[2022-02-09T19:50:56.210Z] > git config --get commit.template [2ms]
[2022-02-09T19:58:37.537Z] > git symbolic-ref --short HEAD [1ms]
[2022-02-09T19:58:37.547Z] > git for-each-ref --format=%(refname)%00%(upstream:short)%00%(objectname)%00%(upstream:track) refs/heads/master refs/remotes/master [2ms]
[2022-02-09T19:58:37.561Z] > git for-each-ref --sort -committerdate --format %(refname) %(objectname) %(*objectname) [7ms]
[2022-02-09T19:58:37.561Z] > git remote --verbose [1ms]
[2022-02-09T19:58:37.595Z] > git config --get commit.template [2ms]
[2022-02-09T20:10:34.947Z] > git symbolic-ref --short HEAD [1ms]
[2022-02-09T20:10:34.958Z] > git for-each-ref --format=%(refname)%00%(upstream:short)%00%(objectname)%00%(upstream:track) refs/heads/master refs/remotes/master [2ms]
[2022-02-09T20:10:34.975Z] > git for-each-ref --sort -committerdate --format %(refname) %(objectname) %(*objectname) [8ms]
[2022-02-09T20:10:34.976Z] > git remote --verbose [2ms]
[2022-02-09T20:10:35.005Z] > git config --get commit.template [2ms]
[2022-02-09T20:10:40.035Z] > git symbolic-ref --short HEAD [2ms]
[2022-02-09T20:10:40.047Z] > git for-each-ref --format=%(refname)%00%(upstream:short)%00%(objectname)%00%(upstream:track) refs/heads/master refs/remotes/master [2ms]
[2022-02-09T20:10:40.064Z] > git for-each-ref --sort -committerdate --format %(refname) %(objectname) %(*objectname) [8ms]
[2022-02-09T20:10:40.065Z] > git remote --verbose [2ms]
[2022-02-09T20:10:40.094Z] > git config --get commit.template [4ms]
[2022-02-09T20:10:43.518Z] > git ls-files --stage -- /home/felipe/Documentos/react/media-time-calculator/src/components/ResponseBox.jsx [3ms]
[2022-02-09T20:10:45.124Z] > git symbolic-ref --short HEAD [0ms]
[2022-02-09T20:10:45.135Z] > git for-each-ref --format=%(refname)%00%(upstream:short)%00%(objectname)%00%(upstream:track) refs/heads/master refs/remotes/master [2ms]
[2022-02-09T20:10:45.155Z] > git for-each-ref --sort -committerdate --format %(refname) %(objectname) %(*objectname) [11ms]
[2022-02-09T20:10:45.155Z] > git remote --verbose [2ms]
[2022-02-09T20:10:45.192Z] > git config --get commit.template [6ms]
[2022-02-09T20:10:46.105Z] > git ls-files --stage -- /home/felipe/Documentos/react/media-time-calculator/src/utils/getTimeDifference.js [2ms]
[2022-02-09T20:10:46.942Z] > git ls-files --stage -- /home/felipe/Documentos/react/media-time-calculator/src/components/ResponseBox.jsx [2ms]
[2022-02-09T20:10:49.036Z] > git ls-files --stage -- /home/felipe/Documentos/react/media-time-calculator/src/components/ButtonCalcular.jsx [2ms]
[2022-02-09T20:10:50.225Z] > git symbolic-ref --short HEAD [2ms]
[2022-02-09T20:10:50.233Z] > git for-each-ref --format=%(refname)%00%(upstream:short)%00%(objectname)%00%(upstream:track) refs/heads/master refs/remotes/master [1ms]
[2022-02-09T20:10:50.253Z] > git for-each-ref --sort -committerdate --format %(refname) %(objectname) %(*objectname) [12ms]
[2022-02-09T20:10:50.254Z] > git remote --verbose [3ms]
[2022-02-09T20:10:50.276Z] > git config --get commit.template [2ms]
[2022-02-09T20:10:55.312Z] > git symbolic-ref --short HEAD [2ms]
[2022-02-09T20:10:55.324Z] > git for-each-ref --format=%(refname)%00%(upstream:short)%00%(objectname)%00%(upstream:track) refs/heads/master refs/remotes/master [2ms]
[2022-02-09T20:10:55.342Z] > git for-each-ref --sort -committerdate --format %(refname) %(objectname) %(*objectname) [10ms]
[2022-02-09T20:10:55.343Z] > git remote --verbose [2ms]
[2022-02-09T20:10:55.367Z] > git config --get commit.template [1ms]
[2022-02-09T20:10:59.232Z] > git ls-files --stage -- /home/felipe/Documentos/react/media-time-calculator/src/components/ResponseBox.jsx [2ms]
[2022-02-09T20:11:00.404Z] > git symbolic-ref --short HEAD [2ms]
[2022-02-09T20:11:00.416Z] > git for-each-ref --format=%(refname)%00%(upstream:short)%00%(objectname)%00%(upstream:track) refs/heads/master refs/remotes/master [2ms]
[2022-02-09T20:11:00.435Z] > git for-each-ref --sort -committerdate --format %(refname) %(objectname) %(*objectname) [10ms]
[2022-02-09T20:11:00.436Z] > git remote --verbose [2ms]
[2022-02-09T20:11:00.462Z] > git config --get commit.template [1ms]
[2022-02-09T20:11:01.152Z] > git ls-files --stage -- /home/felipe/Documentos/react/media-time-calculator/src/utils/getTimeDifference.js [3ms]
[2022-02-09T20:11:02.845Z] > git ls-files --stage -- /home/felipe/Documentos/react/media-time-calculator/src/utils/getMedia.js [2ms]
[2022-02-09T20:11:05.494Z] > git symbolic-ref --short HEAD [2ms]
[2022-02-09T20:11:05.505Z] > git for-each-ref --format=%(refname)%00%(upstream:short)%00%(objectname)%00%(upstream:track) refs/heads/master refs/remotes/master [1ms]
[2022-02-09T20:11:05.521Z] > git for-each-ref --sort -committerdate --format %(refname) %(objectname) %(*objectname) [8ms]
[2022-02-09T20:11:05.522Z] > git remote --verbose [2ms]
[2022-02-09T20:11:05.547Z] > git config --get commit.template [2ms]
[2022-02-09T20:11:07.062Z] > git ls-files --stage -- /home/felipe/Documentos/react/media-time-calculator/src/components/ContainerFull.jsx [1ms]
[2022-02-09T20:11:10.579Z] > git symbolic-ref --short HEAD [1ms]
[2022-02-09T20:11:10.589Z] > git for-each-ref --format=%(refname)%00%(upstream:short)%00%(objectname)%00%(upstream:track) refs/heads/master refs/remotes/master [1ms]
[2022-02-09T20:11:10.611Z] > git for-each-ref --sort -committerdate --format %(refname) %(objectname) %(*objectname) [11ms]
[2022-02-09T20:11:10.612Z] > git remote --verbose [3ms]
[2022-02-09T20:11:10.649Z] > git config --get commit.template [10ms]
[2022-02-09T20:11:11.393Z] > git ls-files --stage -- /home/felipe/Documentos/react/media-time-calculator/src/components/ContainerForm.jsx [3ms]
[2022-02-09T20:11:15.681Z] > git symbolic-ref --short HEAD [1ms]
[2022-02-09T20:11:15.689Z] > git for-each-ref --format=%(refname)%00%(upstream:short)%00%(objectname)%00%(upstream:track) refs/heads/master refs/remotes/master [1ms]
[2022-02-09T20:11:15.708Z] > git for-each-ref --sort -committerdate --format %(refname) %(objectname) %(*objectname) [11ms]
[2022-02-09T20:11:15.709Z] > git remote --verbose [2ms]
[2022-02-09T20:11:15.736Z] > git config --get commit.template [1ms]
[2022-02-09T20:11:20.766Z] > git symbolic-ref --short HEAD [3ms]
[2022-02-09T20:11:20.776Z] > git for-each-ref --format=%(refname)%00%(upstream:short)%00%(objectname)%00%(upstream:track) refs/heads/master refs/remotes/master [2ms]
[2022-02-09T20:11:20.793Z] > git for-each-ref --sort -committerdate --format %(refname) %(objectname) %(*objectname) [8ms]
[2022-02-09T20:11:20.794Z] > git remote --verbose [2ms]
[2022-02-09T20:11:20.819Z] > git config --get commit.template [1ms]
[2022-02-09T20:11:25.850Z] > git symbolic-ref --short HEAD [1ms]
[2022-02-09T20:11:25.862Z] > git for-each-ref --format=%(refname)%00%(upstream:short)%00%(objectname)%00%(upstream:track) refs/heads/master refs/remotes/master [2ms]
[2022-02-09T20:11:25.887Z] > git for-each-ref --sort -committerdate --format %(refname) %(objectname) %(*objectname) [14ms]
[2022-02-09T20:11:25.887Z] > git remote --verbose [5ms]
[2022-02-09T20:11:25.915Z] > git config --get commit.template [7ms]
[2022-02-09T20:11:30.952Z] > git symbolic-ref --short HEAD [1ms]
[2022-02-09T20:11:30.963Z] > git for-each-ref --format=%(refname)%00%(upstream:short)%00%(objectname)%00%(upstream:track) refs/heads/master refs/remotes/master [2ms]
[2022-02-09T20:11:30.981Z] > git remote --verbose [3ms]
[2022-02-09T20:11:30.982Z] > git for-each-ref --sort -committerdate --format %(refname) %(objectname) %(*objectname) [11ms]
[2022-02-09T20:11:31.005Z] > git config --get commit.template [2ms]
[2022-02-09T20:11:36.039Z] > git symbolic-ref --short HEAD [3ms]
[2022-02-09T20:11:36.050Z] > git for-each-ref --format=%(refname)%00%(upstream:short)%00%(objectname)%00%(upstream:track) refs/heads/master refs/remotes/master [2ms]
[2022-02-09T20:11:36.067Z] > git for-each-ref --sort -committerdate --format %(refname) %(objectname) %(*objectname) [10ms]
[2022-02-09T20:11:36.067Z] > git remote --verbose [1ms]
[2022-02-09T20:11:36.097Z] > git config --get commit.template [2ms]
[2022-02-09T20:11:41.137Z] > git symbolic-ref --short HEAD [2ms]
[2022-02-09T20:11:41.152Z] > git for-each-ref --format=%(refname)%00%(upstream:short)%00%(objectname)%00%(upstream:track) refs/heads/master refs/remotes/master [5ms]
[2022-02-09T20:11:41.172Z] > git remote --verbose [2ms]
[2022-02-09T20:11:41.173Z] > git for-each-ref --sort -committerdate --format %(refname) %(objectname) %(*objectname) [12ms]
[2022-02-09T20:11:41.210Z] > git config --get commit.template [4ms]
[2022-02-09T20:11:46.243Z] > git symbolic-ref --short HEAD [1ms]
[2022-02-09T20:11:46.253Z] > git for-each-ref --format=%(refname)%00%(upstream:short)%00%(objectname)%00%(upstream:track) refs/heads/master refs/remotes/master [1ms]
[2022-02-09T20:11:46.272Z] > git for-each-ref --sort -committerdate --format %(refname) %(objectname) %(*objectname) [10ms]
[2022-02-09T20:11:46.273Z] > git remote --verbose [2ms]
[2022-02-09T20:11:46.299Z] > git config --get commit.template [2ms]
[2022-02-09T20:11:51.375Z] > git symbolic-ref --short HEAD [2ms]
[2022-02-09T20:11:51.385Z] > git for-each-ref --format=%(refname)%00%(upstream:short)%00%(objectname)%00%(upstream:track) refs/heads/master refs/remotes/master [2ms]
[2022-02-09T20:11:51.406Z] > git for-each-ref --sort -committerdate --format %(refname) %(objectname) %(*objectname) [11ms]
[2022-02-09T20:11:51.407Z] > git remote --verbose [3ms]
[2022-02-09T20:11:51.439Z] > git config --get commit.template [4ms]
[2022-02-09T20:11:56.473Z] > git symbolic-ref --short HEAD [1ms]
[2022-02-09T20:11:56.482Z] > git for-each-ref --format=%(refname)%00%(upstream:short)%00%(objectname)%00%(upstream:track) refs/heads/master refs/remotes/master [1ms]
[2022-02-09T20:11:56.501Z] > git for-each-ref --sort -committerdate --format %(refname) %(objectname) %(*objectname) [11ms]
[2022-02-09T20:11:56.502Z] > git remote --verbose [2ms]
[2022-02-09T20:11:56.530Z] > git config --get commit.template [2ms]
[2022-02-09T20:12:01.569Z] > git symbolic-ref --short HEAD [2ms]
[2022-02-09T20:12:01.578Z] > git for-each-ref --format=%(refname)%00%(upstream:short)%00%(objectname)%00%(upstream:track) refs/heads/master refs/remotes/master [1ms]
[2022-02-09T20:12:01.597Z] > git for-each-ref --sort -committerdate --format %(refname) %(objectname) %(*objectname) [10ms]
[2022-02-09T20:12:01.598Z] > git remote --verbose [2ms]
[2022-02-09T20:12:01.625Z] > git config --get commit.template [2ms]
[2022-02-09T20:12:06.653Z] > git symbolic-ref --short HEAD [2ms]
[2022-02-09T20:12:06.664Z] > git for-each-ref --format=%(refname)%00%(upstream:short)%00%(objectname)%00%(upstream:track) refs/heads/master refs/remotes/master [3ms]
[2022-02-09T20:12:06.683Z] > git for-each-ref --sort -committerdate --format %(refname) %(objectname) %(*objectname) [9ms]
[2022-02-09T20:12:06.683Z] > git remote --verbose [2ms]
[2022-02-09T20:12:06.722Z] > git config --get commit.template [9ms]
[2022-02-09T20:12:11.758Z] > git symbolic-ref --short HEAD [2ms]
[2022-02-09T20:12:11.769Z] > git for-each-ref --format=%(refname)%00%(upstream:short)%00%(objectname)%00%(upstream:track) refs/heads/master refs/remotes/master [2ms]
[2022-02-09T20:12:11.789Z] > git for-each-ref --sort -committerdate --format %(refname) %(objectname) %(*objectname) [10ms]
[2022-02-09T20:12:11.790Z] > git remote --verbose [2ms]
[2022-02-09T20:12:11.818Z] > git config --get commit.template [3ms]
[2022-02-09T20:12:16.853Z] > git symbolic-ref --short HEAD [3ms]
[2022-02-09T20:12:16.861Z] > git for-each-ref --format=%(refname)%00%(upstream:short)%00%(objectname)%00%(upstream:track) refs/heads/master refs/remotes/master [1ms]
[2022-02-09T20:12:16.880Z] > git for-each-ref --sort -committerdate --format %(refname) %(objectname) %(*objectname) [10ms]
[2022-02-09T20:12:16.881Z] > git remote --verbose [2ms]
[2022-02-09T20:12:16.908Z] > git config --get commit.template [1ms]
[2022-02-09T20:12:21.936Z] > git symbolic-ref --short HEAD [2ms]
[2022-02-09T20:12:21.946Z] > git for-each-ref --format=%(refname)%00%(upstream:short)%00%(objectname)%00%(upstream:track) refs/heads/master refs/remotes/master [1ms]
[2022-02-09T20:12:21.967Z] > git for-each-ref --sort -committerdate --format %(refname) %(objectname) %(*objectname) [11ms]
[2022-02-09T20:12:21.967Z] > git remote --verbose [1ms]
[2022-02-09T20:12:21.999Z] > git config --get commit.template [2ms]
[2022-02-09T20:12:27.035Z] > git symbolic-ref --short HEAD [2ms]
[2022-02-09T20:12:27.046Z] > git for-each-ref --format=%(refname)%00%(upstream:short)%00%(objectname)%00%(upstream:track) refs/heads/master refs/remotes/master [1ms]
[2022-02-09T20:12:27.067Z] > git for-each-ref --sort -committerdate --format %(refname) %(objectname) %(*objectname) [11ms]
[2022-02-09T20:12:27.067Z] > git remote --verbose [1ms]
[2022-02-09T20:12:27.094Z] > git config --get commit.template [2ms]
[2022-02-09T20:12:32.133Z] > git symbolic-ref --short HEAD [2ms]
[2022-02-09T20:12:32.144Z] > git for-each-ref --format=%(refname)%00%(upstream:short)%00%(objectname)%00%(upstream:track) refs/heads/master refs/remotes/master [1ms]
[2022-02-09T20:12:32.164Z] > git for-each-ref --sort -committerdate --format %(refname) %(objectname) %(*objectname) [11ms]
[2022-02-09T20:12:32.165Z] > git remote --verbose [2ms]
[2022-02-09T20:12:32.191Z] > git config --get commit.template [2ms]
[2022-02-09T20:12:37.224Z] > git symbolic-ref --short HEAD [2ms]
[2022-02-09T20:12:37.233Z] > git for-each-ref --format=%(refname)%00%(upstream:short)%00%(objectname)%00%(upstream:track) refs/heads/master refs/remotes/master [1ms]
[2022-02-09T20:12:37.256Z] > git for-each-ref --sort -committerdate --format %(refname) %(objectname) %(*objectname) [12ms]
[2022-02-09T20:12:37.257Z] > git remote --verbose [2ms]
[2022-02-09T20:12:37.283Z] > git config --get commit.template [2ms]
[2022-02-09T20:12:42.319Z] > git symbolic-ref --short HEAD [2ms]
[2022-02-09T20:12:42.330Z] > git for-each-ref --format=%(refname)%00%(upstream:short)%00%(objectname)%00%(upstream:track) refs/heads/master refs/remotes/master [1ms]
[2022-02-09T20:12:42.350Z] > git for-each-ref --sort -committerdate --format %(refname) %(objectname) %(*objectname) [10ms]
[2022-02-09T20:12:42.351Z] > git remote --verbose [2ms]
[2022-02-09T20:12:42.381Z] > git config --get commit.template [2ms]
[2022-02-09T20:12:47.420Z] > git symbolic-ref --short HEAD [1ms]
[2022-02-09T20:12:47.430Z] > git for-each-ref --format=%(refname)%00%(upstream:short)%00%(objectname)%00%(upstream:track) refs/heads/master refs/remotes/master [1ms]
[2022-02-09T20:12:47.451Z] > git for-each-ref --sort -committerdate --format %(refname) %(objectname) %(*objectname) [11ms]
[2022-02-09T20:12:47.451Z] > git remote --verbose [1ms]
[2022-02-09T20:12:47.481Z] > git config --get commit.template [6ms]
[2022-02-09T20:12:52.515Z] > git symbolic-ref --short HEAD [1ms]
[2022-02-09T20:12:52.527Z] > git for-each-ref --format=%(refname)%00%(upstream:short)%00%(objectname)%00%(upstream:track) refs/heads/master refs/remotes/master [2ms]
[2022-02-09T20:12:52.548Z] > git for-each-ref --sort -committerdate --format %(refname) %(objectname) %(*objectname) [12ms]
[2022-02-09T20:12:52.549Z] > git remote --verbose [2ms]
[2022-02-09T20:12:52.578Z] > git config --get commit.template [2ms]
[2022-02-09T20:12:57.616Z] > git symbolic-ref --short HEAD [2ms]
[2022-02-09T20:12:57.627Z] > git for-each-ref --format=%(refname)%00%(upstream:short)%00%(objectname)%00%(upstream:track) refs/heads/master refs/remotes/master [1ms]
[2022-02-09T20:12:57.652Z] > git for-each-ref --sort -committerdate --format %(refname) %(objectname) %(*objectname) [13ms]
[2022-02-09T20:12:57.652Z] > git remote --verbose [1ms]
[2022-02-09T20:12:57.685Z] > git config --get commit.template [4ms]
[2022-02-09T20:13:02.714Z] > git symbolic-ref --short HEAD [0ms]
[2022-02-09T20:13:02.726Z] > git for-each-ref --format=%(refname)%00%(upstream:short)%00%(objectname)%00%(upstream:track) refs/heads/master refs/remotes/master [2ms]
[2022-02-09T20:13:02.746Z] > git for-each-ref --sort -committerdate --format %(refname) %(objectname) %(*objectname) [10ms]
[2022-02-09T20:13:02.747Z] > git remote --verbose [2ms]
[2022-02-09T20:13:02.775Z] > git config --get commit.template [1ms]
[2022-02-09T20:13:07.807Z] > git symbolic-ref --short HEAD [1ms]
[2022-02-09T20:13:07.821Z] > git for-each-ref --format=%(refname)%00%(upstream:short)%00%(objectname)%00%(upstream:track) refs/heads/master refs/remotes/master [2ms]
[2022-02-09T20:13:07.841Z] > git for-each-ref --sort -committerdate --format %(refname) %(objectname) %(*objectname) [11ms]
[2022-02-09T20:13:07.841Z] > git remote --verbose [1ms]
[2022-02-09T20:13:07.868Z] > git config --get commit.template [1ms]
[2022-02-09T20:13:12.905Z] > git symbolic-ref --short HEAD [2ms]
[2022-02-09T20:13:12.916Z] > git for-each-ref --format=%(refname)%00%(upstream:short)%00%(objectname)%00%(upstream:track) refs/heads/master refs/remotes/master [1ms]
[2022-02-09T20:13:12.937Z] > git for-each-ref --sort -committerdate --format %(refname) %(objectname) %(*objectname) [12ms]
[2022-02-09T20:13:12.937Z] > git remote --verbose [2ms]
[2022-02-09T20:13:12.967Z] > git config --get commit.template [2ms]
[2022-02-09T20:13:17.995Z] > git symbolic-ref --short HEAD [1ms]
[2022-02-09T20:13:18.004Z] > git for-each-ref --format=%(refname)%00%(upstream:short)%00%(objectname)%00%(upstream:track) refs/heads/master refs/remotes/master [1ms]
[2022-02-09T20:13:18.025Z] > git for-each-ref --sort -committerdate --format %(refname) %(objectname) %(*objectname) [10ms]
[2022-02-09T20:13:18.025Z] > git remote --verbose [1ms]
[2022-02-09T20:13:18.052Z] > git config --get commit.template [1ms]
[2022-02-09T20:13:23.082Z] > git symbolic-ref --short HEAD [1ms]
[2022-02-09T20:13:23.093Z] > git for-each-ref --format=%(refname)%00%(upstream:short)%00%(objectname)%00%(upstream:track) refs/heads/master refs/remotes/master [1ms]
[2022-02-09T20:13:23.113Z] > git for-each-ref --sort -committerdate --format %(refname) %(objectname) %(*objectname) [11ms]
[2022-02-09T20:13:23.114Z] > git remote --verbose [2ms]
[2022-02-09T20:13:23.142Z] > git config --get commit.template [3ms]
[2022-02-09T20:13:28.176Z] > git symbolic-ref --short HEAD [2ms]
[2022-02-09T20:13:28.187Z] > git for-each-ref --format=%(refname)%00%(upstream:short)%00%(objectname)%00%(upstream:track) refs/heads/master refs/remotes/master [2ms]
[2022-02-09T20:13:28.208Z] > git for-each-ref --sort -committerdate --format %(refname) %(objectname) %(*objectname) [12ms]
[2022-02-09T20:13:28.209Z] > git remote --verbose [2ms]
[2022-02-09T20:13:28.248Z] > git config --get commit.template [13ms]
[2022-02-09T20:13:33.282Z] > git symbolic-ref --short HEAD [2ms]
[2022-02-09T20:13:33.294Z] > git for-each-ref --format=%(refname)%00%(upstream:short)%00%(objectname)%00%(upstream:track) refs/heads/master refs/remotes/master [2ms]
[2022-02-09T20:13:33.311Z] > git for-each-ref --sort -committerdate --format %(refname) %(objectname) %(*objectname) [9ms]
[2022-02-09T20:13:33.312Z] > git remote --verbose [1ms]
[2022-02-09T20:13:33.339Z] > git config --get commit.template [3ms]
[2022-02-09T20:13:38.373Z] > git symbolic-ref --short HEAD [2ms]
[2022-02-09T20:13:38.385Z] > git for-each-ref --format=%(refname)%00%(upstream:short)%00%(objectname)%00%(upstream:track) refs/heads/master refs/remotes/master [2ms]
[2022-02-09T20:13:38.404Z] > git for-each-ref --sort -committerdate --format %(refname) %(objectname) %(*objectname) [11ms]
[2022-02-09T20:13:38.404Z] > git remote --verbose [2ms]
[2022-02-09T20:13:38.431Z] > git config --get commit.template [2ms]
[2022-02-09T20:13:43.465Z] > git symbolic-ref --short HEAD [2ms]
[2022-02-09T20:13:43.474Z] > git for-each-ref --format=%(refname)%00%(upstream:short)%00%(objectname)%00%(upstream:track) refs/heads/master refs/remotes/master [1ms]
[2022-02-09T20:13:43.493Z] > git for-each-ref --sort -committerdate --format %(refname) %(objectname) %(*objectname) [10ms]
[2022-02-09T20:13:43.493Z] > git remote --verbose [2ms]
[2022-02-09T20:13:43.518Z] > git config --get commit.template [1ms]
[2022-02-09T20:13:48.552Z] > git symbolic-ref --short HEAD [2ms]
[2022-02-09T20:13:48.565Z] > git for-each-ref --format=%(refname)%00%(upstream:short)%00%(objectname)%00%(upstream:track) refs/heads/master refs/remotes/master [2ms]
[2022-02-09T20:13:48.585Z] > git for-each-ref --sort -committerdate --format %(refname) %(objectname) %(*objectname) [9ms]
[2022-02-09T20:13:48.586Z] > git remote --verbose [2ms]
[2022-02-09T20:13:48.619Z] > git config --get commit.template [8ms]
[2022-02-09T20:13:53.650Z] > git symbolic-ref --short HEAD [2ms]
[2022-02-09T20:13:53.660Z] > git for-each-ref --format=%(refname)%00%(upstream:short)%00%(objectname)%00%(upstream:track) refs/heads/master refs/remotes/master [1ms]
[2022-02-09T20:13:53.679Z] > git for-each-ref --sort -committerdate --format %(refname) %(objectname) %(*objectname) [11ms]
[2022-02-09T20:13:53.681Z] > git remote --verbose [2ms]
[2022-02-09T20:13:53.717Z] > git config --get commit.template [4ms]
[2022-02-09T20:13:58.752Z] > git symbolic-ref --short HEAD [2ms]
[2022-02-09T20:13:58.765Z] > git for-each-ref --format=%(refname)%00%(upstream:short)%00%(objectname)%00%(upstream:track) refs/heads/master refs/remotes/master [2ms]
[2022-02-09T20:13:58.783Z] > git for-each-ref --sort -committerdate --format %(refname) %(objectname) %(*objectname) [10ms]
[2022-02-09T20:13:58.783Z] > git remote --verbose [1ms]
[2022-02-09T20:13:58.809Z] > git config --get commit.template [1ms]
[2022-02-09T20:14:03.840Z] > git symbolic-ref --short HEAD [1ms]
[2022-02-09T20:14:03.848Z] > git for-each-ref --format=%(refname)%00%(upstream:short)%00%(objectname)%00%(upstream:track) refs/heads/master refs/remotes/master [1ms]
[2022-02-09T20:14:03.867Z] > git for-each-ref --sort -committerdate --format %(refname) %(objectname) %(*objectname) [10ms]
[2022-02-09T20:14:03.868Z] > git remote --verbose [2ms]
[2022-02-09T20:14:03.902Z] > git config --get commit.template [7ms]
[2022-02-09T20:14:08.934Z] > git symbolic-ref --short HEAD [1ms]
[2022-02-09T20:14:08.948Z] > git for-each-ref --format=%(refname)%00%(upstream:short)%00%(objectname)%00%(upstream:track) refs/heads/master refs/remotes/master [3ms]
[2022-02-09T20:14:08.970Z] > git for-each-ref --sort -committerdate --format %(refname) %(objectname) %(*objectname) [11ms]
[2022-02-09T20:14:08.970Z] > git remote --verbose [1ms]
[2022-02-09T20:14:09.000Z] > git config --get commit.template [3ms]
[2022-02-09T20:14:14.033Z] > git symbolic-ref --short HEAD [2ms]
[2022-02-09T20:14:14.044Z] > git for-each-ref --format=%(refname)%00%(upstream:short)%00%(objectname)%00%(upstream:track) refs/heads/master refs/remotes/master [2ms]
[2022-02-09T20:14:14.064Z] > git for-each-ref --sort -committerdate --format %(refname) %(objectname) %(*objectname) [11ms]
[2022-02-09T20:14:14.065Z] > git remote --verbose [2ms]
[2022-02-09T20:14:14.096Z] > git config --get commit.template [1ms]
[2022-02-09T20:14:19.131Z] > git symbolic-ref --short HEAD [2ms]
[2022-02-09T20:14:19.140Z] > git for-each-ref --format=%(refname)%00%(upstream:short)%00%(objectname)%00%(upstream:track) refs/heads/master refs/remotes/master [1ms]
[2022-02-09T20:14:19.160Z] > git for-each-ref --sort -committerdate --format %(refname) %(objectname) %(*objectname) [9ms]
[2022-02-09T20:14:19.160Z] > git remote --verbose [1ms]
[2022-02-09T20:14:19.193Z] > git config --get commit.template [4ms]
[2022-02-09T20:14:24.226Z] > git symbolic-ref --short HEAD [1ms]
[2022-02-09T20:14:24.237Z] > git for-each-ref --format=%(refname)%00%(upstream:short)%00%(objectname)%00%(upstream:track) refs/heads/master refs/remotes/master [1ms]
[2022-02-09T20:14:24.258Z] > git for-each-ref --sort -committerdate --format %(refname) %(objectname) %(*objectname) [11ms]
[2022-02-09T20:14:24.259Z] > git remote --verbose [2ms]
[2022-02-09T20:14:24.290Z] > git config --get commit.template [1ms]
[2022-02-09T20:14:29.325Z] > git symbolic-ref --short HEAD [2ms]
[2022-02-09T20:14:29.337Z] > git for-each-ref --format=%(refname)%00%(upstream:short)%00%(objectname)%00%(upstream:track) refs/heads/master refs/remotes/master [2ms]
[2022-02-09T20:14:29.358Z] > git remote --verbose [2ms]
[2022-02-09T20:14:29.358Z] > git for-each-ref --sort -committerdate --format %(refname) %(objectname) %(*objectname) [10ms]
[2022-02-09T20:14:29.407Z] > git config --get commit.template [17ms]
[2022-02-09T20:14:34.438Z] > git symbolic-ref --short HEAD [1ms]
[2022-02-09T20:14:34.450Z] > git for-each-ref --format=%(refname)%00%(upstream:short)%00%(objectname)%00%(upstream:track) refs/heads/master refs/remotes/master [2ms]
[2022-02-09T20:14:34.470Z] > git for-each-ref --sort -committerdate --format %(refname) %(objectname) %(*objectname) [9ms]
[2022-02-09T20:14:34.470Z] > git remote --verbose [1ms]
[2022-02-09T20:14:34.503Z] > git config --get commit.template [5ms]
[2022-02-09T20:14:39.538Z] > git symbolic-ref --short HEAD [2ms]
[2022-02-09T20:14:39.550Z] > git for-each-ref --format=%(refname)%00%(upstream:short)%00%(objectname)%00%(upstream:track) refs/heads/master refs/remotes/master [3ms]
[2022-02-09T20:14:39.569Z] > git remote --verbose [1ms]
[2022-02-09T20:14:39.569Z] > git for-each-ref --sort -committerdate --format %(refname) %(objectname) %(*objectname) [11ms]
[2022-02-09T20:14:39.617Z] > git config --get commit.template [11ms]
[2022-02-09T20:14:44.649Z] > git symbolic-ref --short HEAD [0ms]
[2022-02-09T20:14:44.662Z] > git for-each-ref --format=%(refname)%00%(upstream:short)%00%(objectname)%00%(upstream:track) refs/heads/master refs/remotes/master [3ms]
[2022-02-09T20:14:44.683Z] > git for-each-ref --sort -committerdate --format %(refname) %(objectname) %(*objectname) [12ms]
[2022-02-09T20:14:44.684Z] > git remote --verbose [2ms]
[2022-02-09T20:14:44.718Z] > git config --get commit.template [4ms]
[2022-02-09T20:14:49.751Z] > git symbolic-ref --short HEAD [1ms]
[2022-02-09T20:14:49.760Z] > git for-each-ref --format=%(refname)%00%(upstream:short)%00%(objectname)%00%(upstream:track) refs/heads/master refs/remotes/master [1ms]
[2022-02-09T20:14:49.782Z] > git for-each-ref --sort -committerdate --format %(refname) %(objectname) %(*objectname) [12ms]
[2022-02-09T20:14:49.783Z] > git remote --verbose [2ms]
[2022-02-09T20:14:49.823Z] > git config --get commit.template [11ms]
[2022-02-09T20:14:54.856Z] > git symbolic-ref --short HEAD [2ms]
[2022-02-09T20:14:54.865Z] > git for-each-ref --format=%(refname)%00%(upstream:short)%00%(objectname)%00%(upstream:track) refs/heads/master refs/remotes/master [1ms]
[2022-02-09T20:14:54.887Z] > git for-each-ref --sort -committerdate --format %(refname) %(objectname) %(*objectname) [12ms]
[2022-02-09T20:14:54.887Z] > git remote --verbose [2ms]
[2022-02-09T20:14:54.931Z] > git config --get commit.template [10ms]
[2022-02-09T20:14:59.964Z] > git symbolic-ref --short HEAD [2ms]
[2022-02-09T20:14:59.975Z] > git for-each-ref --format=%(refname)%00%(upstream:short)%00%(objectname)%00%(upstream:track) refs/heads/master refs/remotes/master [1ms]
[2022-02-09T20:14:59.997Z] > git for-each-ref --sort -committerdate --format %(refname) %(objectname) %(*objectname) [12ms]
[2022-02-09T20:14:59.998Z] > git remote --verbose [2ms]
[2022-02-09T20:15:00.026Z] > git config --get commit.template [4ms]
[2022-02-09T20:15:05.060Z] > git symbolic-ref --short HEAD [1ms]
[2022-02-09T20:15:05.073Z] > git for-each-ref --format=%(refname)%00%(upstream:short)%00%(objectname)%00%(upstream:track) refs/heads/master refs/remotes/master [1ms]
[2022-02-09T20:15:05.096Z] > git for-each-ref --sort -committerdate --format %(refname) %(objectname) %(*objectname) [12ms]
[2022-02-09T20:15:05.096Z] > git remote --verbose [1ms]
[2022-02-09T20:15:05.136Z] > git config --get commit.template [11ms]
[2022-02-09T20:15:10.172Z] > git symbolic-ref --short HEAD [2ms]
[2022-02-09T20:15:10.184Z] > git for-each-ref --format=%(refname)%00%(upstream:short)%00%(objectname)%00%(upstream:track) refs/heads/master refs/remotes/master [2ms]
[2022-02-09T20:15:10.205Z] > git for-each-ref --sort -committerdate --format %(refname) %(objectname) %(*objectname) [9ms]
[2022-02-09T20:15:10.205Z] > git remote --verbose [1ms]
[2022-02-09T20:15:10.238Z] > git config --get commit.template [7ms]
[2022-02-09T20:15:15.275Z] > git symbolic-ref --short HEAD [1ms]
[2022-02-09T20:15:15.285Z] > git for-each-ref --format=%(refname)%00%(upstream:short)%00%(objectname)%00%(upstream:track) refs/heads/master refs/remotes/master [1ms]
[2022-02-09T20:15:15.305Z] > git for-each-ref --sort -committerdate --format %(refname) %(objectname) %(*objectname) [11ms]
[2022-02-09T20:15:15.305Z] > git remote --verbose [1ms]
[2022-02-09T20:15:15.335Z] > git config --get commit.template [3ms]
[2022-02-09T20:15:20.365Z] > git symbolic-ref --short HEAD [2ms]
[2022-02-09T20:15:20.377Z] > git for-each-ref --format=%(refname)%00%(upstream:short)%00%(objectname)%00%(upstream:track) refs/heads/master refs/remotes/master [3ms]
[2022-02-09T20:15:20.411Z] > git for-each-ref --sort -committerdate --format %(refname) %(objectname) %(*objectname) [11ms]
[2022-02-09T20:15:20.420Z] > git remote --verbose [10ms]
[2022-02-09T20:15:20.446Z] > git config --get commit.template [5ms]
[2022-02-09T20:15:25.479Z] > git symbolic-ref --short HEAD [2ms]
[2022-02-09T20:15:25.489Z] > git for-each-ref --format=%(refname)%00%(upstream:short)%00%(objectname)%00%(upstream:track) refs/heads/master refs/remotes/master [1ms]
[2022-02-09T20:15:25.507Z] > git remote --verbose [1ms]
[2022-02-09T20:15:25.507Z] > git for-each-ref --sort -committerdate --format %(refname) %(objectname) %(*objectname) [9ms]
[2022-02-09T20:15:25.536Z] > git config --get commit.template [1ms]
[2022-02-09T20:15:30.566Z] > git symbolic-ref --short HEAD [0ms]
[2022-02-09T20:15:30.577Z] > git for-each-ref --format=%(refname)%00%(upstream:short)%00%(objectname)%00%(upstream:track) refs/heads/master refs/remotes/master [2ms]
[2022-02-09T20:15:30.596Z] > git for-each-ref --sort -committerdate --format %(refname) %(objectname) %(*objectname) [11ms]
[2022-02-09T20:15:30.596Z] > git remote --verbose [1ms]
[2022-02-09T20:15:30.623Z] > git config --get commit.template [2ms]
[2022-02-09T20:15:35.655Z] > git symbolic-ref --short HEAD [1ms]
[2022-02-09T20:15:35.666Z] > git for-each-ref --format=%(refname)%00%(upstream:short)%00%(objectname)%00%(upstream:track) refs/heads/master refs/remotes/master [2ms]
[2022-02-09T20:15:35.687Z] > git for-each-ref --sort -committerdate --format %(refname) %(objectname) %(*objectname) [12ms]
[2022-02-09T20:15:35.687Z] > git remote --verbose [1ms]
[2022-02-09T20:15:35.712Z] > git config --get commit.template [1ms]
[2022-02-09T20:15:40.743Z] > git symbolic-ref --short HEAD [1ms]
[2022-02-09T20:15:40.752Z] > git for-each-ref --format=%(refname)%00%(upstream:short)%00%(objectname)%00%(upstream:track) refs/heads/master refs/remotes/master [1ms]
[2022-02-09T20:15:40.772Z] > git for-each-ref --sort -committerdate --format %(refname) %(objectname) %(*objectname) [11ms]
[2022-02-09T20:15:40.772Z] > git remote --verbose [2ms]
[2022-02-09T20:15:40.802Z] > git config --get commit.template [4ms]
[2022-02-09T20:15:45.839Z] > git symbolic-ref --short HEAD [2ms]
[2022-02-09T20:15:45.852Z] > git for-each-ref --format=%(refname)%00%(upstream:short)%00%(objectname)%00%(upstream:track) refs/heads/master refs/remotes/master [3ms]
[2022-02-09T20:15:45.873Z] > git for-each-ref --sort -committerdate --format %(refname) %(objectname) %(*objectname) [11ms]
[2022-02-09T20:15:45.874Z] > git remote --verbose [2ms]
[2022-02-09T20:15:45.921Z] > git config --get commit.template [14ms]
[2022-02-09T20:15:50.954Z] > git symbolic-ref --short HEAD [1ms]
[2022-02-09T20:15:50.967Z] > git for-each-ref --format=%(refname)%00%(upstream:short)%00%(objectname)%00%(upstream:track) refs/heads/master refs/remotes/master [3ms]
[2022-02-09T20:15:50.985Z] > git for-each-ref --sort -committerdate --format %(refname) %(objectname) %(*objectname) [10ms]
[2022-02-09T20:15:50.985Z] > git remote --verbose [1ms]
[2022-02-09T20:15:51.016Z] > git config --get commit.template [2ms]
[2022-02-09T20:15:56.048Z] > git symbolic-ref --short HEAD [2ms]
[2022-02-09T20:15:56.060Z] > git for-each-ref --format=%(refname)%00%(upstream:short)%00%(objectname)%00%(upstream:track) refs/heads/master refs/remotes/master [2ms]
[2022-02-09T20:15:56.080Z] > git for-each-ref --sort -committerdate --format %(refname) %(objectname) %(*objectname) [11ms]
[2022-02-09T20:15:56.081Z] > git remote --verbose [2ms]
[2022-02-09T20:15:56.110Z] > git config --get commit.template [4ms]
[2022-02-09T20:16:01.143Z] > git symbolic-ref --short HEAD [2ms]
[2022-02-09T20:16:01.153Z] > git for-each-ref --format=%(refname)%00%(upstream:short)%00%(objectname)%00%(upstream:track) refs/heads/master refs/remotes/master [2ms]
[2022-02-09T20:16:01.172Z] > git for-each-ref --sort -committerdate --format %(refname) %(objectname) %(*objectname) [10ms]
[2022-02-09T20:16:01.173Z] > git remote --verbose [2ms]
[2022-02-09T20:16:01.204Z] > git config --get commit.template [1ms]
[2022-02-09T20:16:06.236Z] > git symbolic-ref --short HEAD [2ms]
[2022-02-09T20:16:06.245Z] > git for-each-ref --format=%(refname)%00%(upstream:short)%00%(objectname)%00%(upstream:track) refs/heads/master refs/remotes/master [1ms]
[2022-02-09T20:16:06.266Z] > git for-each-ref --sort -committerdate --format %(refname) %(objectname) %(*objectname) [12ms]
[2022-02-09T20:16:06.266Z] > git remote --verbose [2ms]
[2022-02-09T20:16:06.292Z] > git config --get commit.template [1ms]
[2022-02-09T20:16:11.322Z] > git symbolic-ref --short HEAD [1ms]
[2022-02-09T20:16:11.333Z] > git for-each-ref --format=%(refname)%00%(upstream:short)%00%(objectname)%00%(upstream:track) refs/heads/master refs/remotes/master [2ms]
[2022-02-09T20:16:11.358Z] > git for-each-ref --sort -committerdate --format %(refname) %(objectname) %(*objectname) [16ms]
[2022-02-09T20:16:11.359Z] > git remote --verbose [5ms]
[2022-02-09T20:16:11.386Z] > git config --get commit.template [2ms]
[2022-02-09T20:16:16.419Z] > git symbolic-ref --short HEAD [1ms]
[2022-02-09T20:16:16.433Z] > git for-each-ref --format=%(refname)%00%(upstream:short)%00%(objectname)%00%(upstream:track) refs/heads/master refs/remotes/master [2ms]
[2022-02-09T20:16:16.452Z] > git for-each-ref --sort -committerdate --format %(refname) %(objectname) %(*objectname) [10ms]
[2022-02-09T20:16:16.453Z] > git remote --verbose [2ms]
[2022-02-09T20:16:16.485Z] > git config --get commit.template [2ms]
[2022-02-09T20:16:21.521Z] > git symbolic-ref --short HEAD [2ms]
[2022-02-09T20:16:21.532Z] > git for-each-ref --format=%(refname)%00%(upstream:short)%00%(objectname)%00%(upstream:track) refs/heads/master refs/remotes/master [1ms]
[2022-02-09T20:16:21.551Z] > git for-each-ref --sort -committerdate --format %(refname) %(objectname) %(*objectname) [9ms]
[2022-02-09T20:16:21.552Z] > git remote --verbose [2ms]
[2022-02-09T20:16:21.584Z] > git config --get commit.template [9ms]
[2022-02-09T20:16:23.487Z] > git ls-files --stage -- /home/felipe/Documentos/react/media-time-calculator/src/components/ResponseBox.jsx [2ms]
[2022-02-09T20:16:26.621Z] > git symbolic-ref --short HEAD [2ms]
[2022-02-09T20:16:26.632Z] > git for-each-ref --format=%(refname)%00%(upstream:short)%00%(objectname)%00%(upstream:track) refs/heads/master refs/remotes/master [1ms]
[2022-02-09T20:16:26.653Z] > git for-each-ref --sort -committerdate --format %(refname) %(objectname) %(*objectname) [11ms]
[2022-02-09T20:16:26.654Z] > git remote --verbose [2ms]
[2022-02-09T20:16:26.688Z] > git config --get commit.template [10ms]
[2022-02-09T20:16:31.722Z] > git symbolic-ref --short HEAD [1ms]
[2022-02-09T20:16:31.734Z] > git for-each-ref --format=%(refname)%00%(upstream:short)%00%(objectname)%00%(upstream:track) refs/heads/master refs/remotes/master [2ms]
[2022-02-09T20:16:31.756Z] > git for-each-ref --sort -committerdate --format %(refname) %(objectname) %(*objectname) [12ms]
[2022-02-09T20:16:31.756Z] > git remote --verbose [1ms]
[2022-02-09T20:16:31.790Z] > git config --get commit.template [5ms]
[2022-02-09T20:16:32.830Z] > git ls-files --stage -- /home/felipe/Documentos/react/media-time-calculator/src/components/ContainerFull.jsx [2ms]
[2022-02-09T20:16:33.972Z] > git ls-files --stage -- /home/felipe/Documentos/react/media-time-calculator/src/components/ContainerForm.jsx [1ms]
[2022-02-09T20:16:36.821Z] > git symbolic-ref --short HEAD [1ms]
[2022-02-09T20:16:36.832Z] > git for-each-ref --format=%(refname)%00%(upstream:short)%00%(objectname)%00%(upstream:track) refs/heads/master refs/remotes/master [2ms]
[2022-02-09T20:16:36.849Z] > git for-each-ref --sort -committerdate --format %(refname) %(objectname) %(*objectname) [8ms]
[2022-02-09T20:16:36.850Z] > git remote --verbose [2ms]
[2022-02-09T20:16:36.881Z] > git config --get commit.template [2ms]
[2022-02-09T20:16:41.916Z] > git symbolic-ref --short HEAD [2ms]
[2022-02-09T20:16:41.932Z] > git for-each-ref --format=%(refname)%00%(upstream:short)%00%(objectname)%00%(upstream:track) refs/heads/master refs/remotes/master [3ms]
[2022-02-09T20:16:41.954Z] > git remote --verbose [1ms]
[2022-02-09T20:16:41.954Z] > git for-each-ref --sort -committerdate --format %(refname) %(objectname) %(*objectname) [11ms]
[2022-02-09T20:16:41.984Z] > git config --get commit.template [3ms]
[2022-02-09T20:16:47.015Z] > git symbolic-ref --short HEAD [2ms]
[2022-02-09T20:16:47.023Z] > git for-each-ref --format=%(refname)%00%(upstream:short)%00%(objectname)%00%(upstream:track) refs/heads/master refs/remotes/master [1ms]
[2022-02-09T20:16:47.041Z] > git for-each-ref --sort -committerdate --format %(refname) %(objectname) %(*objectname) [9ms]
[2022-02-09T20:16:47.041Z] > git remote --verbose [1ms]
[2022-02-09T20:16:47.068Z] > git config --get commit.template [1ms]
[2022-02-09T20:16:52.104Z] > git symbolic-ref --short HEAD [1ms]
[2022-02-09T20:16:52.113Z] > git for-each-ref --format=%(refname)%00%(upstream:short)%00%(objectname)%00%(upstream:track) refs/heads/master refs/remotes/master [1ms]
[2022-02-09T20:16:52.132Z] > git for-each-ref --sort -committerdate --format %(refname) %(objectname) %(*objectname) [11ms]
[2022-02-09T20:16:52.133Z] > git remote --verbose [2ms]
[2022-02-09T20:16:52.161Z] > git config --get commit.template [2ms]
[2022-02-09T20:16:57.195Z] > git symbolic-ref --short HEAD [1ms]
[2022-02-09T20:16:57.207Z] > git for-each-ref --format=%(refname)%00%(upstream:short)%00%(objectname)%00%(upstream:track) refs/heads/master refs/remotes/master [2ms]
[2022-02-09T20:16:57.225Z] > git remote --verbose [1ms]
[2022-02-09T20:16:57.225Z] > git for-each-ref --sort -committerdate --format %(refname) %(objectname) %(*objectname) [8ms]
[2022-02-09T20:16:57.252Z] > git config --get commit.template [1ms]
[2022-02-09T20:17:02.290Z] > git symbolic-ref --short HEAD [3ms]
[2022-02-09T20:17:02.299Z] > git for-each-ref --format=%(refname)%00%(upstream:short)%00%(objectname)%00%(upstream:track) refs/heads/master refs/remotes/master [1ms]
[2022-02-09T20:17:02.320Z] > git remote --verbose [2ms]
[2022-02-09T20:17:02.320Z] > git for-each-ref --sort -committerdate --format %(refname) %(objectname) %(*objectname) [11ms]
[2022-02-09T20:17:02.351Z] > git config --get commit.template [1ms]
[2022-02-09T20:17:07.388Z] > git symbolic-ref --short HEAD [2ms]
[2022-02-09T20:17:07.398Z] > git for-each-ref --format=%(refname)%00%(upstream:short)%00%(objectname)%00%(upstream:track) refs/heads/master refs/remotes/master [1ms]
[2022-02-09T20:17:07.422Z] > git for-each-ref --sort -committerdate --format %(refname) %(objectname) %(*objectname) [13ms]
[2022-02-09T20:17:07.423Z] > git remote --verbose [2ms]
[2022-02-09T20:17:07.457Z] > git config --get commit.template [4ms]
[2022-02-09T20:17:12.491Z] > git symbolic-ref --short HEAD [1ms]
[2022-02-09T20:17:12.503Z] > git for-each-ref --format=%(refname)%00%(upstream:short)%00%(objectname)%00%(upstream:track) refs/heads/master refs/remotes/master [2ms]
[2022-02-09T20:17:12.523Z] > git remote --verbose [1ms]
[2022-02-09T20:17:12.523Z] > git for-each-ref --sort -committerdate --format %(refname) %(objectname) %(*objectname) [10ms]
[2022-02-09T20:17:12.554Z] > git config --get commit.template [2ms]
[2022-02-09T20:17:17.585Z] > git symbolic-ref --short HEAD [2ms]
[2022-02-09T20:17:17.598Z] > git for-each-ref --format=%(refname)%00%(upstream:short)%00%(objectname)%00%(upstream:track) refs/heads/master refs/remotes/master [2ms]
[2022-02-09T20:17:17.618Z] > git for-each-ref --sort -committerdate --format %(refname) %(objectname) %(*objectname) [11ms]
[2022-02-09T20:17:17.618Z] > git remote --verbose [1ms]
[2022-02-09T20:17:17.655Z] > git config --get commit.template [7ms]
[2022-02-09T20:17:22.690Z] > git symbolic-ref --short HEAD [1ms]
[2022-02-09T20:17:22.700Z] > git for-each-ref --format=%(refname)%00%(upstream:short)%00%(objectname)%00%(upstream:track) refs/heads/master refs/remotes/master [1ms]
[2022-02-09T20:17:22.723Z] > git for-each-ref --sort -committerdate --format %(refname) %(objectname) %(*objectname) [11ms]
[2022-02-09T20:17:22.724Z] > git remote --verbose [2ms]
[2022-02-09T20:17:22.747Z] > git config --get commit.template [0ms]
[2022-02-09T20:17:54.508Z] > git symbolic-ref --short HEAD [2ms]
[2022-02-09T20:17:54.521Z] > git for-each-ref --format=%(refname)%00%(upstream:short)%00%(objectname)%00%(upstream:track) refs/heads/master refs/remotes/master [2ms]
[2022-02-09T20:17:54.548Z] > git for-each-ref --sort -committerdate --format %(refname) %(objectname) %(*objectname) [16ms]
[2022-02-09T20:17:54.549Z] > git remote --verbose [3ms]
[2022-02-09T20:17:54.591Z] > git config --get commit.template [15ms]
[2022-02-09T20:17:59.621Z] > git symbolic-ref --short HEAD [1ms]
[2022-02-09T20:17:59.631Z] > git for-each-ref --format=%(refname)%00%(upstream:short)%00%(objectname)%00%(upstream:track) refs/heads/master refs/remotes/master [2ms]
[2022-02-09T20:17:59.648Z] > git for-each-ref --sort -committerdate --format %(refname) %(objectname) %(*objectname) [9ms]
[2022-02-09T20:17:59.649Z] > git remote --verbose [2ms]
[2022-02-09T20:17:59.673Z] > git config --get commit.template [2ms]
[2022-02-09T20:18:04.708Z] > git symbolic-ref --short HEAD [1ms]
[2022-02-09T20:18:04.718Z] > git for-each-ref --format=%(refname)%00%(upstream:short)%00%(objectname)%00%(upstream:track) refs/heads/master refs/remotes/master [1ms]
[2022-02-09T20:18:04.737Z] > git for-each-ref --sort -committerdate --format %(refname) %(objectname) %(*objectname) [9ms]
[2022-02-09T20:18:04.737Z] > git remote --verbose [1ms]
[2022-02-09T20:18:04.762Z] > git config --get commit.template [1ms]
[2022-02-09T20:18:09.793Z] > git symbolic-ref --short HEAD [2ms]
[2022-02-09T20:18:09.804Z] > git for-each-ref --format=%(refname)%00%(upstream:short)%00%(objectname)%00%(upstream:track) refs/heads/master refs/remotes/master [2ms]
[2022-02-09T20:18:09.823Z] > git for-each-ref --sort -committerdate --format %(refname) %(objectname) %(*objectname) [10ms]
[2022-02-09T20:18:09.824Z] > git remote --verbose [1ms]
[2022-02-09T20:18:09.849Z] > git config --get commit.template [1ms]
[2022-02-09T20:20:20.686Z] > git symbolic-ref --short HEAD [2ms]
[2022-02-09T20:20:20.696Z] > git for-each-ref --format=%(refname)%00%(upstream:short)%00%(objectname)%00%(upstream:track) refs/heads/master refs/remotes/master [2ms]
[2022-02-09T20:20:20.713Z] > git for-each-ref --sort -committerdate --format %(refname) %(objectname) %(*objectname) [9ms]
[2022-02-09T20:20:20.714Z] > git remote --verbose [2ms]
[2022-02-09T20:20:20.743Z] > git config --get commit.template [2ms]
[2022-02-09T23:53:01.587Z] > git symbolic-ref --short HEAD [2ms]
[2022-02-09T23:53:01.602Z] > git for-each-ref --format=%(refname)%00%(upstream:short)%00%(objectname)%00%(upstream:track) refs/heads/master refs/remotes/master [2ms]
[2022-02-09T23:53:01.626Z] > git for-each-ref --sort -committerdate --format %(refname) %(objectname) %(*objectname) [14ms]
[2022-02-09T23:53:01.628Z] > git remote --verbose [5ms]
[2022-02-09T23:53:01.672Z] > git config --get commit.template [1ms]
[2022-02-10T00:22:40.867Z] > git symbolic-ref --short HEAD [4ms]
[2022-02-10T00:22:40.879Z] > git for-each-ref --format=%(refname)%00%(upstream:short)%00%(objectname)%00%(upstream:track) refs/heads/master refs/remotes/master [3ms]
[2022-02-10T00:22:40.896Z] > git for-each-ref --sort -committerdate --format %(refname) %(objectname) %(*objectname) [8ms]
[2022-02-10T00:22:40.896Z] > git remote --verbose [1ms]
[2022-02-10T00:22:40.932Z] > git config --get commit.template [9ms]
[2022-02-10T00:22:45.961Z] > git symbolic-ref --short HEAD [2ms]
[2022-02-10T00:22:45.972Z] > git for-each-ref --format=%(refname)%00%(upstream:short)%00%(objectname)%00%(upstream:track) refs/heads/master refs/remotes/master [2ms]
[2022-02-10T00:22:45.990Z] > git for-each-ref --sort -committerdate --format %(refname) %(objectname) %(*objectname) [10ms]
[2022-02-10T00:22:45.991Z] > git remote --verbose [2ms]
[2022-02-10T00:22:46.017Z] > git config --get commit.template [1ms]
[2022-02-10T00:22:51.055Z] > git symbolic-ref --short HEAD [3ms]
[2022-02-10T00:22:51.066Z] > git for-each-ref --format=%(refname)%00%(upstream:short)%00%(objectname)%00%(upstream:track) refs/heads/master refs/remotes/master [2ms]
[2022-02-10T00:22:51.085Z] > git remote --verbose [2ms]
[2022-02-10T00:22:51.085Z] > git for-each-ref --sort -committerdate --format %(refname) %(objectname) %(*objectname) [10ms]
[2022-02-10T00:22:51.128Z] > git config --get commit.template [11ms]
[2022-02-10T00:22:56.157Z] > git symbolic-ref --short HEAD [1ms]
[2022-02-10T00:22:56.169Z] > git for-each-ref --format=%(refname)%00%(upstream:short)%00%(objectname)%00%(upstream:track) refs/heads/master refs/remotes/master [1ms]
[2022-02-10T00:22:56.253Z] > git for-each-ref --sort -committerdate --format %(refname) %(objectname) %(*objectname) [10ms]
[2022-02-10T00:22:56.253Z] > git remote --verbose [2ms]
[2022-02-10T00:22:56.293Z] > git config --get commit.template [13ms]
[2022-02-10T00:23:01.325Z] > git symbolic-ref --short HEAD [2ms]
[2022-02-10T00:23:01.351Z] > git for-each-ref --format=%(refname)%00%(upstream:short)%00%(objectname)%00%(upstream:track) refs/heads/master refs/remotes/master [3ms]
[2022-02-10T00:23:01.369Z] > git for-each-ref --sort -committerdate --format %(refname) %(objectname) %(*objectname) [10ms]
[2022-02-10T00:23:01.369Z] > git remote --verbose [1ms]
[2022-02-10T00:23:01.404Z] > git config --get commit.template [8ms]
[2022-02-10T00:23:02.486Z] > git ls-files --stage -- /home/felipe/Documentos/react/media-time-calculator/src/components/ButtonAddForm.jsx [6ms]
[2022-02-10T00:23:06.446Z] > git symbolic-ref --short HEAD [2ms]
[2022-02-10T00:23:06.460Z] > git for-each-ref --format=%(refname)%00%(upstream:short)%00%(objectname)%00%(upstream:track) refs/heads/master refs/remotes/master [2ms]
[2022-02-10T00:23:06.484Z] > git for-each-ref --sort -committerdate --format %(refname) %(objectname) %(*objectname) [12ms]
[2022-02-10T00:23:06.484Z] > git remote --verbose [2ms]
[2022-02-10T00:23:06.521Z] > git config --get commit.template [6ms]
[2022-02-10T00:23:11.559Z] > git symbolic-ref --short HEAD [2ms]
[2022-02-10T00:23:11.573Z] > git for-each-ref --format=%(refname)%00%(upstream:short)%00%(objectname)%00%(upstream:track) refs/heads/master refs/remotes/master [3ms]
[2022-02-10T00:23:11.594Z] > git for-each-ref --sort -committerdate --format %(refname) %(objectname) %(*objectname) [13ms]
[2022-02-10T00:23:11.594Z] > git remote --verbose [2ms]
[2022-02-10T00:23:11.623Z] > git config --get commit.template [3ms]
[2022-02-10T00:23:16.657Z] > git symbolic-ref --short HEAD [3ms]
[2022-02-10T00:23:16.667Z] > git for-each-ref --format=%(refname)%00%(upstream:short)%00%(objectname)%00%(upstream:track) refs/heads/master refs/remotes/master [2ms]
[2022-02-10T00:23:16.686Z] > git for-each-ref --sort -committerdate --format %(refname) %(objectname) %(*objectname) [11ms]
[2022-02-10T00:23:16.686Z] > git remote --verbose [1ms]
[2022-02-10T00:23:16.721Z] > git config --get commit.template [3ms]
[2022-02-10T00:51:56.555Z] > git symbolic-ref --short HEAD [1ms]
[2022-02-10T00:51:56.566Z] > git for-each-ref --format=%(refname)%00%(upstream:short)%00%(objectname)%00%(upstream:track) refs/heads/master refs/remotes/master [2ms]
[2022-02-10T00:51:56.590Z] > git for-each-ref --sort -committerdate --format %(refname) %(objectname) %(*objectname) [12ms]
[2022-02-10T00:51:56.591Z] > git remote --verbose [2ms]
[2022-02-10T00:51:56.623Z] > git config --get commit.template [4ms]
[2022-02-10T01:56:12.978Z] > git symbolic-ref --short HEAD [2ms]
[2022-02-10T01:56:12.989Z] > git for-each-ref --format=%(refname)%00%(upstream:short)%00%(objectname)%00%(upstream:track) refs/heads/master refs/remotes/master [2ms]
[2022-02-10T01:56:13.007Z] > git for-each-ref --sort -committerdate --format %(refname) %(objectname) %(*objectname) [10ms]
[2022-02-10T01:56:13.007Z] > git remote --verbose [2ms]
[2022-02-10T01:56:13.038Z] > git config --get commit.template [2ms]
[2022-02-10T01:56:18.073Z] > git symbolic-ref --short HEAD [1ms]
[2022-02-10T01:56:18.084Z] > git for-each-ref --format=%(refname)%00%(upstream:short)%00%(objectname)%00%(upstream:track) refs/heads/master refs/remotes/master [2ms]
[2022-02-10T01:56:18.101Z] > git for-each-ref --sort -committerdate --format %(refname) %(objectname) %(*objectname) [9ms]
[2022-02-10T01:56:18.102Z] > git remote --verbose [2ms]
[2022-02-10T01:56:18.130Z] > git config --get commit.template [1ms]
[2022-02-10T01:56:23.168Z] > git symbolic-ref --short HEAD [3ms]
[2022-02-10T01:56:23.180Z] > git for-each-ref --format=%(refname)%00%(upstream:short)%00%(objectname)%00%(upstream:track) refs/heads/master refs/remotes/master [3ms]
[2022-02-10T01:56:23.213Z] > git for-each-ref --sort -committerdate --format %(refname) %(objectname) %(*objectname) [12ms]
[2022-02-10T01:56:23.213Z] > git remote --verbose [2ms]
[2022-02-10T01:56:23.255Z] > git config --get commit.template [12ms]
[2022-02-10T01:56:28.290Z] > git symbolic-ref --short HEAD [2ms]
[2022-02-10T01:56:28.301Z] > git for-each-ref --format=%(refname)%00%(upstream:short)%00%(objectname)%00%(upstream:track) refs/heads/master refs/remotes/master [2ms]
[2022-02-10T01:56:28.335Z] > git for-each-ref --sort -committerdate --format %(refname) %(objectname) %(*objectname) [11ms]
[2022-02-10T01:56:28.336Z] > git remote --verbose [2ms]
[2022-02-10T01:56:28.362Z] > git config --get commit.template [2ms]
[2022-02-10T01:56:33.397Z] > git symbolic-ref --short HEAD [2ms]
[2022-02-10T01:56:33.406Z] > git for-each-ref --format=%(refname)%00%(upstream:short)%00%(objectname)%00%(upstream:track) refs/heads/master refs/remotes/master [1ms]
[2022-02-10T01:56:33.424Z] > git remote --verbose [1ms]
[2022-02-10T01:56:33.425Z] > git for-each-ref --sort -committerdate --format %(refname) %(objectname) %(*objectname) [10ms]
[2022-02-10T01:56:33.452Z] > git config --get commit.template [3ms]
[2022-02-10T01:56:38.495Z] > git symbolic-ref --short HEAD [2ms]
[2022-02-10T01:56:38.536Z] > git for-each-ref --format=%(refname)%00%(upstream:short)%00%(objectname)%00%(upstream:track) refs/heads/master refs/remotes/master [3ms]
[2022-02-10T01:56:38.564Z] > git for-each-ref --sort -committerdate --format %(refname) %(objectname) %(*objectname) [19ms]
[2022-02-10T01:56:38.565Z] > git remote --verbose [10ms]
[2022-02-10T01:56:38.590Z] > git config --get commit.template [1ms]
[2022-02-10T01:58:26.009Z] > git symbolic-ref --short HEAD [1ms]
[2022-02-10T01:58:26.020Z] > git for-each-ref --format=%(refname)%00%(upstream:short)%00%(objectname)%00%(upstream:track) refs/heads/master refs/remotes/master [2ms]
[2022-02-10T01:58:26.040Z] > git for-each-ref --sort -committerdate --format %(refname) %(objectname) %(*objectname) [10ms]
[2022-02-10T01:58:26.041Z] > git remote --verbose [3ms]
[2022-02-10T01:58:26.069Z] > git config --get commit.template [2ms]
[2022-02-10T01:58:32.413Z] > git symbolic-ref --short HEAD [2ms]
[2022-02-10T01:58:32.427Z] > git for-each-ref --format=%(refname)%00%(upstream:short)%00%(objectname)%00%(upstream:track) refs/heads/master refs/remotes/master [1ms]
[2022-02-10T01:58:32.451Z] > git for-each-ref --sort -committerdate --format %(refname) %(objectname) %(*objectname) [13ms]
[2022-02-10T01:58:32.451Z] > git remote --verbose [2ms]
[2022-02-10T01:58:32.507Z] > git config --get commit.template [15ms]
[2022-02-10T01:58:37.541Z] > git symbolic-ref --short HEAD [2ms]
[2022-02-10T01:58:37.553Z] > git for-each-ref --format=%(refname)%00%(upstream:short)%00%(objectname)%00%(upstream:track) refs/heads/master refs/remotes/master [2ms]
[2022-02-10T01:58:37.576Z] > git for-each-ref --sort -committerdate --format %(refname) %(objectname) %(*objectname) [12ms]
[2022-02-10T01:58:37.577Z] > git remote --verbose [3ms]
[2022-02-10T01:58:37.622Z] > git config --get commit.template [13ms]
[2022-02-10T01:58:42.656Z] > git symbolic-ref --short HEAD [2ms]
[2022-02-10T01:58:42.665Z] > git for-each-ref --format=%(refname)%00%(upstream:short)%00%(objectname)%00%(upstream:track) refs/heads/master refs/remotes/master [1ms]
[2022-02-10T01:58:42.683Z] > git for-each-ref --sort -committerdate --format %(refname) %(objectname) %(*objectname) [10ms]
[2022-02-10T01:58:42.684Z] > git remote --verbose [2ms]
[2022-02-10T01:58:42.728Z] > git config --get commit.template [13ms]
[2022-02-10T01:58:50.007Z] > git symbolic-ref --short HEAD [2ms]
[2022-02-10T01:58:50.018Z] > git for-each-ref --format=%(refname)%00%(upstream:short)%00%(objectname)%00%(upstream:track) refs/heads/master refs/remotes/master [1ms]
[2022-02-10T01:58:50.041Z] > git for-each-ref --sort -committerdate --format %(refname) %(objectname) %(*objectname) [13ms]
[2022-02-10T01:58:50.042Z] > git remote --verbose [2ms]
[2022-02-10T01:58:50.068Z] > git config --get commit.template [3ms]
[2022-02-10T01:58:56.386Z] > git symbolic-ref --short HEAD [3ms]
[2022-02-10T01:58:56.399Z] > git for-each-ref --format=%(refname)%00%(upstream:short)%00%(objectname)%00%(upstream:track) refs/heads/master refs/remotes/master [2ms]
[2022-02-10T01:58:56.422Z] > git for-each-ref --sort -committerdate --format %(refname) %(objectname) %(*objectname) [13ms]
[2022-02-10T01:58:56.422Z] > git remote --verbose [2ms]
[2022-02-10T01:58:56.468Z] > git config --get commit.template [10ms]
[2022-02-10T01:59:07.770Z] > git symbolic-ref --short HEAD [2ms]
[2022-02-10T01:59:07.783Z] > git for-each-ref --format=%(refname)%00%(upstream:short)%00%(objectname)%00%(upstream:track) refs/heads/master refs/remotes/master [2ms]
[2022-02-10T01:59:07.803Z] > git for-each-ref --sort -committerdate --format %(refname) %(objectname) %(*objectname) [13ms]
[2022-02-10T01:59:07.804Z] > git remote --verbose [2ms]
[2022-02-10T01:59:07.834Z] > git config --get commit.template [9ms]
[2022-02-10T01:59:28.157Z] > git symbolic-ref --short HEAD [1ms]
[2022-02-10T01:59:28.166Z] > git for-each-ref --format=%(refname)%00%(upstream:short)%00%(objectname)%00%(upstream:track) refs/heads/master refs/remotes/master [1ms]
[2022-02-10T01:59:28.187Z] > git for-each-ref --sort -committerdate --format %(refname) %(objectname) %(*objectname) [11ms]
[2022-02-10T01:59:28.187Z] > git remote --verbose [2ms]
[2022-02-10T01:59:28.218Z] > git config --get commit.template [2ms]
[2022-02-10T01:59:33.254Z] > git symbolic-ref --short HEAD [3ms]
[2022-02-10T01:59:33.265Z] > git for-each-ref --format=%(refname)%00%(upstream:short)%00%(objectname)%00%(upstream:track) refs/heads/master refs/remotes/master [3ms]
[2022-02-10T01:59:33.283Z] > git for-each-ref --sort -committerdate --format %(refname) %(objectname) %(*objectname) [10ms]
[2022-02-10T01:59:33.283Z] > git remote --verbose [2ms]
[2022-02-10T01:59:33.326Z] > git config --get commit.template [12ms]
[2022-02-10T01:59:38.370Z] > git symbolic-ref --short HEAD [2ms]
[2022-02-10T01:59:38.386Z] > git for-each-ref --format=%(refname)%00%(upstream:short)%00%(objectname)%00%(upstream:track) refs/heads/master refs/remotes/master [3ms]
[2022-02-10T01:59:38.416Z] > git for-each-ref --sort -committerdate --format %(refname) %(objectname) %(*objectname) [15ms]
[2022-02-10T01:59:38.416Z] > git remote --verbose [2ms]
[2022-02-10T01:59:38.476Z] > git config --get commit.template [19ms]
[2022-02-10T01:59:43.516Z] > git symbolic-ref --short HEAD [2ms]
[2022-02-10T01:59:43.531Z] > git for-each-ref --format=%(refname)%00%(upstream:short)%00%(objectname)%00%(upstream:track) refs/heads/master refs/remotes/master [3ms]
[2022-02-10T01:59:43.560Z] > git for-each-ref --sort -committerdate --format %(refname) %(objectname) %(*objectname) [14ms]
[2022-02-10T01:59:43.561Z] > git remote --verbose [2ms]
[2022-02-10T01:59:43.609Z] > git config --get commit.template [13ms]
[2022-02-10T01:59:48.651Z] > git symbolic-ref --short HEAD [2ms]
[2022-02-10T01:59:48.667Z] > git for-each-ref --format=%(refname)%00%(upstream:short)%00%(objectname)%00%(upstream:track) refs/heads/master refs/remotes/master [2ms]
[2022-02-10T01:59:48.697Z] > git for-each-ref --sort -committerdate --format %(refname) %(objectname) %(*objectname) [17ms]
[2022-02-10T01:59:48.698Z] > git remote --verbose [3ms]
[2022-02-10T01:59:48.759Z] > git config --get commit.template [16ms]
[2022-02-10T01:59:53.798Z] > git symbolic-ref --short HEAD [2ms]
[2022-02-10T01:59:53.813Z] > git for-each-ref --format=%(refname)%00%(upstream:short)%00%(objectname)%00%(upstream:track) refs/heads/master refs/remotes/master [2ms]
[2022-02-10T01:59:53.839Z] > git for-each-ref --sort -committerdate --format %(refname) %(objectname) %(*objectname) [14ms]
[2022-02-10T01:59:53.839Z] > git remote --verbose [1ms]
[2022-02-10T01:59:53.872Z] > git config --get commit.template [2ms]
[2022-02-10T01:59:58.912Z] > git symbolic-ref --short HEAD [1ms]
[2022-02-10T01:59:58.926Z] > git for-each-ref --format=%(refname)%00%(upstream:short)%00%(objectname)%00%(upstream:track) refs/heads/master refs/remotes/master [2ms]
[2022-02-10T01:59:58.953Z] > git for-each-ref --sort -committerdate --format %(refname) %(objectname) %(*objectname) [14ms]
[2022-02-10T01:59:58.954Z] > git remote --verbose [2ms]
[2022-02-10T01:59:59.004Z] > git config --get commit.template [12ms]
[2022-02-10T02:00:04.043Z] > git symbolic-ref --short HEAD [2ms]
[2022-02-10T02:00:04.057Z] > git for-each-ref --format=%(refname)%00%(upstream:short)%00%(objectname)%00%(upstream:track) refs/heads/master refs/remotes/master [2ms]
[2022-02-10T02:00:04.082Z] > git for-each-ref --sort -committerdate --format %(refname) %(objectname) %(*objectname) [13ms]
[2022-02-10T02:00:04.084Z] > git remote --verbose [3ms]
[2022-02-10T02:00:04.116Z] > git config --get commit.template [2ms]
[2022-02-10T02:00:09.155Z] > git symbolic-ref --short HEAD [1ms]
[2022-02-10T02:00:09.171Z] > git for-each-ref --format=%(refname)%00%(upstream:short)%00%(objectname)%00%(upstream:track) refs/heads/master refs/remotes/master [1ms]
[2022-02-10T02:00:09.195Z] > git for-each-ref --sort -committerdate --format %(refname) %(objectname) %(*objectname) [13ms]
[2022-02-10T02:00:09.196Z] > git remote --verbose [2ms]
[2022-02-10T02:00:09.243Z] > git config --get commit.template [14ms]
[2022-02-10T02:00:14.286Z] > git symbolic-ref --short HEAD [2ms]
[2022-02-10T02:00:14.303Z] > git for-each-ref --format=%(refname)%00%(upstream:short)%00%(objectname)%00%(upstream:track) refs/heads/master refs/remotes/master [3ms]
[2022-02-10T02:00:14.331Z] > git for-each-ref --sort -committerdate --format %(refname) %(objectname) %(*objectname) [15ms]
[2022-02-10T02:00:14.332Z] > git remote --verbose [2ms]
[2022-02-10T02:00:14.377Z] > git config --get commit.template [11ms]
[2022-02-10T02:00:22.584Z] > git symbolic-ref --short HEAD [1ms]
[2022-02-10T02:00:22.602Z] > git for-each-ref --format=%(refname)%00%(upstream:short)%00%(objectname)%00%(upstream:track) refs/heads/master refs/remotes/master [1ms]
[2022-02-10T02:00:22.635Z] > git for-each-ref --sort -committerdate --format %(refname) %(objectname) %(*objectname) [17ms]
[2022-02-10T02:00:22.635Z] > git remote --verbose [3ms]
[2022-02-10T02:00:22.676Z] > git config --get commit.template [8ms]
[2022-02-10T02:00:27.717Z] > git symbolic-ref --short HEAD [3ms]
[2022-02-10T02:00:27.733Z] > git for-each-ref --format=%(refname)%00%(upstream:short)%00%(objectname)%00%(upstream:track) refs/heads/master refs/remotes/master [2ms]
[2022-02-10T02:00:27.762Z] > git for-each-ref --sort -committerdate --format %(refname) %(objectname) %(*objectname) [16ms]
[2022-02-10T02:00:27.763Z] > git remote --verbose [4ms]
[2022-02-10T02:00:27.823Z] > git config --get commit.template [14ms]
[2022-02-10T02:00:32.864Z] > git symbolic-ref --short HEAD [3ms]
[2022-02-10T02:00:32.877Z] > git for-each-ref --format=%(refname)%00%(upstream:short)%00%(objectname)%00%(upstream:track) refs/heads/master refs/remotes/master [2ms]
[2022-02-10T02:00:32.901Z] > git for-each-ref --sort -committerdate --format %(refname) %(objectname) %(*objectname) [13ms]
[2022-02-10T02:00:32.902Z] > git remote --verbose [2ms]
[2022-02-10T02:00:32.943Z] > git config --get commit.template [5ms]
[2022-02-10T02:00:37.989Z] > git symbolic-ref --short HEAD [5ms]
[2022-02-10T02:00:38.005Z] > git for-each-ref --format=%(refname)%00%(upstream:short)%00%(objectname)%00%(upstream:track) refs/heads/master refs/remotes/master [3ms]
[2022-02-10T02:00:38.029Z] > git for-each-ref --sort -committerdate --format %(refname) %(objectname) %(*objectname) [13ms]
[2022-02-10T02:00:38.030Z] > git remote --verbose [2ms]
[2022-02-10T02:00:38.062Z] > git config --get commit.template [2ms]
[2022-02-10T02:00:43.106Z] > git symbolic-ref --short HEAD [2ms]
[2022-02-10T02:00:43.120Z] > git for-each-ref --format=%(refname)%00%(upstream:short)%00%(objectname)%00%(upstream:track) refs/heads/master refs/remotes/master [2ms]
[2022-02-10T02:00:43.147Z] > git for-each-ref --sort -committerdate --format %(refname) %(objectname) %(*objectname) [14ms]
[2022-02-10T02:00:43.148Z] > git remote --verbose [2ms]
[2022-02-10T02:00:43.185Z] > git config --get commit.template [2ms]
[2022-02-10T02:00:49.273Z] > git symbolic-ref --short HEAD [3ms]
[2022-02-10T02:00:49.294Z] > git for-each-ref --format=%(refname)%00%(upstream:short)%00%(objectname)%00%(upstream:track) refs/heads/master refs/remotes/master [2ms]
[2022-02-10T02:00:49.331Z] > git for-each-ref --sort -committerdate --format %(refname) %(objectname) %(*objectname) [19ms]
[2022-02-10T02:00:49.332Z] > git remote --verbose [3ms]
[2022-02-10T02:00:49.402Z] > git config --get commit.template [20ms]
[2022-02-10T02:01:19.938Z] > git symbolic-ref --short HEAD [2ms]
[2022-02-10T02:01:19.955Z] > git for-each-ref --format=%(refname)%00%(upstream:short)%00%(objectname)%00%(upstream:track) refs/heads/master refs/remotes/master [3ms]
[2022-02-10T02:01:19.987Z] > git for-each-ref --sort -committerdate --format %(refname) %(objectname) %(*objectname) [15ms]
[2022-02-10T02:01:19.988Z] > git remote --verbose [3ms]
[2022-02-10T02:01:20.035Z] > git config --get commit.template [3ms]
[2022-02-10T02:01:25.073Z] > git symbolic-ref --short HEAD [2ms]
[2022-02-10T02:01:25.086Z] > git for-each-ref --format=%(refname)%00%(upstream:short)%00%(objectname)%00%(upstream:track) refs/heads/master refs/remotes/master [2ms]
[2022-02-10T02:01:25.107Z] > git for-each-ref --sort -committerdate --format %(refname) %(objectname) %(*objectname) [11ms]
[2022-02-10T02:01:25.108Z] > git remote --verbose [2ms]
[2022-02-10T02:01:25.143Z] > git config --get commit.template [2ms]
[2022-02-10T02:01:30.180Z] > git symbolic-ref --short HEAD [1ms]
[2022-02-10T02:01:30.194Z] > git for-each-ref --format=%(refname)%00%(upstream:short)%00%(objectname)%00%(upstream:track) refs/heads/master refs/remotes/master [2ms]
[2022-02-10T02:01:30.216Z] > git for-each-ref --sort -committerdate --format %(refname) %(objectname) %(*objectname) [12ms]
[2022-02-10T02:01:30.217Z] > git remote --verbose [2ms]
[2022-02-10T02:01:30.259Z] > git config --get commit.template [9ms]
[2022-02-10T02:14:26.696Z] > git symbolic-ref --short HEAD [2ms]
[2022-02-10T02:14:26.713Z] > git for-each-ref --format=%(refname)%00%(upstream:short)%00%(objectname)%00%(upstream:track) refs/heads/master refs/remotes/master [2ms]
[2022-02-10T02:14:26.743Z] > git for-each-ref --sort -committerdate --format %(refname) %(objectname) %(*objectname) [17ms]
[2022-02-10T02:14:26.744Z] > git remote --verbose [4ms]
[2022-02-10T02:14:26.784Z] > git config --get commit.template [2ms]
[2022-02-10T02:14:33.056Z] > git symbolic-ref --short HEAD [2ms]
[2022-02-10T02:14:33.073Z] > git for-each-ref --format=%(refname)%00%(upstream:short)%00%(objectname)%00%(upstream:track) refs/heads/master refs/remotes/master [3ms]
[2022-02-10T02:14:33.097Z] > git for-each-ref --sort -committerdate --format %(refname) %(objectname) %(*objectname) [13ms]
[2022-02-10T02:14:33.098Z] > git remote --verbose [2ms]
[2022-02-10T02:14:33.139Z] > git config --get commit.template [6ms]
[2022-02-10T02:14:38.181Z] > git symbolic-ref --short HEAD [2ms]
[2022-02-10T02:14:38.195Z] > git for-each-ref --format=%(refname)%00%(upstream:short)%00%(objectname)%00%(upstream:track) refs/heads/master refs/remotes/master [2ms]
[2022-02-10T02:14:38.219Z] > git for-each-ref --sort -committerdate --format %(refname) %(objectname) %(*objectname) [13ms]
[2022-02-10T02:14:38.219Z] > git remote --verbose [2ms]
[2022-02-10T02:14:38.254Z] > git config --get commit.template [3ms]
[2022-02-10T02:14:43.294Z] > git symbolic-ref --short HEAD [2ms]
[2022-02-10T02:14:43.309Z] > git for-each-ref --format=%(refname)%00%(upstream:short)%00%(objectname)%00%(upstream:track) refs/heads/master refs/remotes/master [2ms]
[2022-02-10T02:14:43.333Z] > git for-each-ref --sort -committerdate --format %(refname) %(objectname) %(*objectname) [12ms]
[2022-02-10T02:14:43.333Z] > git remote --verbose [2ms]
[2022-02-10T02:14:43.367Z] > git config --get commit.template [2ms]
[2022-02-10T02:14:48.408Z] > git symbolic-ref --short HEAD [2ms]
[2022-02-10T02:14:48.424Z] > git for-each-ref --format=%(refname)%00%(upstream:short)%00%(objectname)%00%(upstream:track) refs/heads/master refs/remotes/master [2ms]
[2022-02-10T02:14:48.450Z] > git for-each-ref --sort -committerdate --format %(refname) %(objectname) %(*objectname) [13ms]
[2022-02-10T02:14:48.451Z] > git remote --verbose [2ms]
[2022-02-10T02:14:48.484Z] > git config --get commit.template [2ms]
[2022-02-10T02:14:53.527Z] > git symbolic-ref --short HEAD [3ms]
[2022-02-10T02:14:53.544Z] > git for-each-ref --format=%(refname)%00%(upstream:short)%00%(objectname)%00%(upstream:track) refs/heads/master refs/remotes/master [3ms]
[2022-02-10T02:14:53.576Z] > git for-each-ref --sort -committerdate --format %(refname) %(objectname) %(*objectname) [18ms]
[2022-02-10T02:14:53.580Z] > git remote --verbose [10ms]
[2022-02-10T02:14:53.613Z] > git config --get commit.template [2ms]
[2022-02-10T02:14:58.655Z] > git symbolic-ref --short HEAD [2ms]
[2022-02-10T02:14:58.671Z] > git for-each-ref --format=%(refname)%00%(upstream:short)%00%(objectname)%00%(upstream:track) refs/heads/master refs/remotes/master [3ms]
[2022-02-10T02:14:58.701Z] > git for-each-ref --sort -committerdate --format %(refname) %(objectname) %(*objectname) [15ms]
[2022-02-10T02:14:58.701Z] > git remote --verbose [2ms]
[2022-02-10T02:14:58.737Z] > git config --get commit.template [2ms]
[2022-02-10T02:15:03.781Z] > git symbolic-ref --short HEAD [2ms]
[2022-02-10T02:15:03.797Z] > git for-each-ref --format=%(refname)%00%(upstream:short)%00%(objectname)%00%(upstream:track) refs/heads/master refs/remotes/master [2ms]
[2022-02-10T02:15:03.826Z] > git for-each-ref --sort -committerdate --format %(refname) %(objectname) %(*objectname) [14ms]
[2022-02-10T02:15:03.827Z] > git remote --verbose [2ms]
[2022-02-10T02:15:03.862Z] > git config --get commit.template [3ms]
[2022-02-10T02:15:08.905Z] > git symbolic-ref --short HEAD [3ms]
[2022-02-10T02:15:08.921Z] > git for-each-ref --format=%(refname)%00%(upstream:short)%00%(objectname)%00%(upstream:track) refs/heads/master refs/remotes/master [3ms]
[2022-02-10T02:15:08.949Z] > git for-each-ref --sort -committerdate --format %(refname) %(objectname) %(*objectname) [14ms]
[2022-02-10T02:15:08.950Z] > git remote --verbose [2ms]
[2022-02-10T02:15:09.009Z] > git config --get commit.template [18ms]
[2022-02-10T02:15:14.051Z] > git symbolic-ref --short HEAD [2ms]
[2022-02-10T02:15:14.066Z] > git for-each-ref --format=%(refname)%00%(upstream:short)%00%(objectname)%00%(upstream:track) refs/heads/master refs/remotes/master [2ms]
[2022-02-10T02:15:14.090Z] > git for-each-ref --sort -committerdate --format %(refname) %(objectname) %(*objectname) [13ms]
[2022-02-10T02:15:14.091Z] > git remote --verbose [2ms]
[2022-02-10T02:15:14.137Z] > git config --get commit.template [14ms]
[2022-02-10T02:15:19.178Z] > git symbolic-ref --short HEAD [2ms]
[2022-02-10T02:15:19.191Z] > git for-each-ref --format=%(refname)%00%(upstream:short)%00%(objectname)%00%(upstream:track) refs/heads/master refs/remotes/master [1ms]
[2022-02-10T02:15:19.216Z] > git for-each-ref --sort -committerdate --format %(refname) %(objectname) %(*objectname) [14ms]
[2022-02-10T02:15:19.216Z] > git remote --verbose [2ms]
[2022-02-10T02:15:19.261Z] > git config --get commit.template [9ms]
[2022-02-10T02:15:24.308Z] > git symbolic-ref --short HEAD [3ms]
[2022-02-10T02:15:24.327Z] > git for-each-ref --format=%(refname)%00%(upstream:short)%00%(objectname)%00%(upstream:track) refs/heads/master refs/remotes/master [3ms]
[2022-02-10T02:15:24.357Z] > git for-each-ref --sort -committerdate --format %(refname) %(objectname) %(*objectname) [15ms]
[2022-02-10T02:15:24.358Z] > git remote --verbose [3ms]
[2022-02-10T02:15:24.415Z] > git config --get commit.template [16ms]
[2022-02-10T02:15:29.456Z] > git symbolic-ref --short HEAD [2ms]
[2022-02-10T02:15:29.471Z] > git for-each-ref --format=%(refname)%00%(upstream:short)%00%(objectname)%00%(upstream:track) refs/heads/master refs/remotes/master [2ms]
[2022-02-10T02:15:29.496Z] > git for-each-ref --sort -committerdate --format %(refname) %(objectname) %(*objectname) [12ms]
[2022-02-10T02:15:29.497Z] > git remote --verbose [2ms]
[2022-02-10T02:15:29.544Z] > git config --get commit.template [12ms]
[2022-02-10T02:15:34.586Z] > git symbolic-ref --short HEAD [1ms]
[2022-02-10T02:15:34.600Z] > git for-each-ref --format=%(refname)%00%(upstream:short)%00%(objectname)%00%(upstream:track) refs/heads/master refs/remotes/master [2ms]
[2022-02-10T02:15:34.625Z] > git for-each-ref --sort -committerdate --format %(refname) %(objectname) %(*objectname) [13ms]
[2022-02-10T02:15:34.625Z] > git remote --verbose [2ms]
[2022-02-10T02:15:34.671Z] > git config --get commit.template [11ms]
[2022-02-10T02:15:39.713Z] > git symbolic-ref --short HEAD [1ms]
[2022-02-10T02:15:39.728Z] > git for-each-ref --format=%(refname)%00%(upstream:short)%00%(objectname)%00%(upstream:track) refs/heads/master refs/remotes/master [2ms]
[2022-02-10T02:15:39.753Z] > git for-each-ref --sort -committerdate --format %(refname) %(objectname) %(*objectname) [13ms]
[2022-02-10T02:15:39.754Z] > git remote --verbose [2ms]
[2022-02-10T02:15:39.790Z] > git config --get commit.template [6ms]
[2022-02-10T02:15:44.830Z] > git symbolic-ref --short HEAD [2ms]
[2022-02-10T02:15:44.844Z] > git for-each-ref --format=%(refname)%00%(upstream:short)%00%(objectname)%00%(upstream:track) refs/heads/master refs/remotes/master [2ms]
[2022-02-10T02:15:44.869Z] > git for-each-ref --sort -committerdate --format %(refname) %(objectname) %(*objectname) [13ms]
[2022-02-10T02:15:44.870Z] > git remote --verbose [2ms]
[2022-02-10T02:15:44.914Z] > git config --get commit.template [11ms]
[2022-02-10T02:15:49.955Z] > git symbolic-ref --short HEAD [3ms]
[2022-02-10T02:15:49.970Z] > git for-each-ref --format=%(refname)%00%(upstream:short)%00%(objectname)%00%(upstream:track) refs/heads/master refs/remotes/master [2ms]
[2022-02-10T02:15:49.995Z] > git for-each-ref --sort -committerdate --format %(refname) %(objectname) %(*objectname) [14ms]
[2022-02-10T02:15:49.995Z] > git remote --verbose [2ms]
[2022-02-10T02:15:50.050Z] > git config --get commit.template [18ms]
[2022-02-10T02:15:55.090Z] > git symbolic-ref --short HEAD [2ms]
[2022-02-10T02:15:55.103Z] > git for-each-ref --format=%(refname)%00%(upstream:short)%00%(objectname)%00%(upstream:track) refs/heads/master refs/remotes/master [1ms]
[2022-02-10T02:15:55.130Z] > git for-each-ref --sort -committerdate --format %(refname) %(objectname) %(*objectname) [13ms]
[2022-02-10T02:15:55.130Z] > git remote --verbose [2ms]
[2022-02-10T02:15:55.174Z] > git config --get commit.template [7ms]
[2022-02-10T02:16:00.217Z] > git symbolic-ref --short HEAD [2ms]
[2022-02-10T02:16:00.232Z] > git for-each-ref --format=%(refname)%00%(upstream:short)%00%(objectname)%00%(upstream:track) refs/heads/master refs/remotes/master [2ms]
[2022-02-10T02:16:00.256Z] > git for-each-ref --sort -committerdate --format %(refname) %(objectname) %(*objectname) [13ms]
[2022-02-10T02:16:00.257Z] > git remote --verbose [2ms]
[2022-02-10T02:16:00.306Z] > git config --get commit.template [13ms]
[2022-02-10T02:16:05.350Z] > git symbolic-ref --short HEAD [3ms]
[2022-02-10T02:16:05.367Z] > git for-each-ref --format=%(refname)%00%(upstream:short)%00%(objectname)%00%(upstream:track) refs/heads/master refs/remotes/master [3ms]
[2022-02-10T02:16:05.402Z] > git for-each-ref --sort -committerdate --format %(refname) %(objectname) %(*objectname) [18ms]
[2022-02-10T02:16:05.404Z] > git remote --verbose [3ms]
[2022-02-10T02:16:05.470Z] > git config --get commit.template [18ms]
[2022-02-10T02:16:08.436Z] > git log --format=%H%n%aN%n%aE%n%at%n%ct%n%P%n%B -z -n21 -- /home/felipe/Documentos/react/media-time-calculator/src/components/ButtonAddForm.jsx [61ms]
[2022-02-10T02:16:10.511Z] > git symbolic-ref --short HEAD [3ms]
[2022-02-10T02:16:10.526Z] > git for-each-ref --format=%(refname)%00%(upstream:short)%00%(objectname)%00%(upstream:track) refs/heads/master refs/remotes/master [2ms]
[2022-02-10T02:16:10.553Z] > git for-each-ref --sort -committerdate --format %(refname) %(objectname) %(*objectname) [13ms]
[2022-02-10T02:16:10.553Z] > git remote --verbose [2ms]
[2022-02-10T02:16:10.594Z] > git config --get commit.template [10ms]
[2022-02-10T02:16:15.635Z] > git symbolic-ref --short HEAD [1ms]
[2022-02-10T02:16:15.649Z] > git for-each-ref --format=%(refname)%00%(upstream:short)%00%(objectname)%00%(upstream:track) refs/heads/master refs/remotes/master [2ms]
[2022-02-10T02:16:15.675Z] > git for-each-ref --sort -committerdate --format %(refname) %(objectname) %(*objectname) [14ms]
[2022-02-10T02:16:15.676Z] > git remote --verbose [1ms]
[2022-02-10T02:16:15.718Z] > git config --get commit.template [10ms]
[2022-02-10T02:16:20.759Z] > git symbolic-ref --short HEAD [2ms]
[2022-02-10T02:16:20.775Z] > git for-each-ref --format=%(refname)%00%(upstream:short)%00%(objectname)%00%(upstream:track) refs/heads/master refs/remotes/master [3ms]
[2022-02-10T02:16:20.800Z] > git for-each-ref --sort -committerdate --format %(refname) %(objectname) %(*objectname) [13ms]
[2022-02-10T02:16:20.800Z] > git remote --verbose [2ms]
[2022-02-10T02:16:20.843Z] > git config --get commit.template [8ms]
[2022-02-10T02:16:25.882Z] > git symbolic-ref --short HEAD [2ms]
[2022-02-10T02:16:25.896Z] > git for-each-ref --format=%(refname)%00%(upstream:short)%00%(objectname)%00%(upstream:track) refs/heads/master refs/remotes/master [1ms]
[2022-02-10T02:16:25.921Z] > git for-each-ref --sort -committerdate --format %(refname) %(objectname) %(*objectname) [13ms]
[2022-02-10T02:16:25.921Z] > git remote --verbose [2ms]
[2022-02-10T02:16:25.966Z] > git config --get commit.template [11ms]
[2022-02-10T02:16:31.009Z] > git symbolic-ref --short HEAD [2ms]
[2022-02-10T02:16:31.023Z] > git for-each-ref --format=%(refname)%00%(upstream:short)%00%(objectname)%00%(upstream:track) refs/heads/master refs/remotes/master [2ms]
[2022-02-10T02:16:31.049Z] > git for-each-ref --sort -committerdate --format %(refname) %(objectname) %(*objectname) [14ms]
[2022-02-10T02:16:31.049Z] > git remote --verbose [1ms]
[2022-02-10T02:16:31.089Z] > git config --get commit.template [5ms]
[2022-02-10T02:16:36.130Z] > git symbolic-ref --short HEAD [2ms]
[2022-02-10T02:16:36.144Z] > git for-each-ref --format=%(refname)%00%(upstream:short)%00%(objectname)%00%(upstream:track) refs/heads/master refs/remotes/master [2ms]
[2022-02-10T02:16:36.168Z] > git for-each-ref --sort -committerdate --format %(refname) %(objectname) %(*objectname) [13ms]
[2022-02-10T02:16:36.169Z] > git remote --verbose [2ms]
[2022-02-10T02:16:36.205Z] > git config --get commit.template [3ms]
[2022-02-10T02:16:41.246Z] > git symbolic-ref --short HEAD [2ms]
[2022-02-10T02:16:41.259Z] > git for-each-ref --format=%(refname)%00%(upstream:short)%00%(objectname)%00%(upstream:track) refs/heads/master refs/remotes/master [2ms]
[2022-02-10T02:16:41.284Z] > git for-each-ref --sort -committerdate --format %(refname) %(objectname) %(*objectname) [13ms]
[2022-02-10T02:16:41.285Z] > git remote --verbose [2ms]
[2022-02-10T02:16:41.321Z] > git config --get commit.template [3ms]
[2022-02-10T02:16:46.364Z] > git symbolic-ref --short HEAD [3ms]
[2022-02-10T02:16:46.378Z] > git for-each-ref --format=%(refname)%00%(upstream:short)%00%(objectname)%00%(upstream:track) refs/heads/master refs/remotes/master [2ms]
[2022-02-10T02:16:46.403Z] > git for-each-ref --sort -committerdate --format %(refname) %(objectname) %(*objectname) [13ms]
[2022-02-10T02:16:46.404Z] > git remote --verbose [2ms]
[2022-02-10T02:16:46.441Z] > git config --get commit.template [2ms]
[2022-02-10T02:16:51.480Z] > git symbolic-ref --short HEAD [1ms]
[2022-02-10T02:16:51.495Z] > git for-each-ref --format=%(refname)%00%(upstream:short)%00%(objectname)%00%(upstream:track) refs/heads/master refs/remotes/master [2ms]
[2022-02-10T02:16:51.523Z] > git for-each-ref --sort -committerdate --format %(refname) %(objectname) %(*objectname) [14ms]
[2022-02-10T02:16:51.524Z] > git remote --verbose [2ms]
[2022-02-10T02:16:51.574Z] > git config --get commit.template [10ms]
[2022-02-10T02:16:56.614Z] > git symbolic-ref --short HEAD [1ms]
[2022-02-10T02:16:56.627Z] > git for-each-ref --format=%(refname)%00%(upstream:short)%00%(objectname)%00%(upstream:track) refs/heads/master refs/remotes/master [2ms]
[2022-02-10T02:16:56.652Z] > git remote --verbose [2ms]
[2022-02-10T02:16:56.652Z] > git for-each-ref --sort -committerdate --format %(refname) %(objectname) %(*objectname) [14ms]
[2022-02-10T02:16:56.696Z] > git config --get commit.template [10ms]
[2022-02-10T02:17:01.740Z] > git symbolic-ref --short HEAD [2ms]
[2022-02-10T02:17:01.756Z] > git for-each-ref --format=%(refname)%00%(upstream:short)%00%(objectname)%00%(upstream:track) refs/heads/master refs/remotes/master [1ms]
[2022-02-10T02:17:01.783Z] > git for-each-ref --sort -committerdate --format %(refname) %(objectname) %(*objectname) [13ms]
[2022-02-10T02:17:01.784Z] > git remote --verbose [2ms]
[2022-02-10T02:17:01.832Z] > git config --get commit.template [14ms]
[2022-02-10T02:17:06.873Z] > git symbolic-ref --short HEAD [2ms]
[2022-02-10T02:17:06.888Z] > git for-each-ref --format=%(refname)%00%(upstream:short)%00%(objectname)%00%(upstream:track) refs/heads/master refs/remotes/master [2ms]
[2022-02-10T02:17:06.915Z] > git for-each-ref --sort -committerdate --format %(refname) %(objectname) %(*objectname) [15ms]
[2022-02-10T02:17:06.915Z] > git remote --verbose [2ms]
[2022-02-10T02:17:06.963Z] > git config --get commit.template [15ms]
